FIKRQOQACGNXUPQMKFPCGYTLFJVFVPBGXEKRBEAZZZ
TNVSLVGRSRTMFLSVSRRNRVVSQNUSGLGGIQSGLPNZZZ
TRRTRSTRSUTTTSRSSSTTUSTUUUSRSUUTURURRTRZZZ
JLGOKHKNOOJGHOKOOJLOJLGKNOOHOKHHKNOKHKNZZZ
SBAABFEEEGHHHRQRRNMMNOPOPDDDDKLLLIIIIZZZZZ
CKZVQTNDFIJIEJNGXWLOMCAREDTMXEZGXWLNWBMZZZ
TAABAACLAAMHAAIDAAEFAAGNAAOJAAKRAASPAAQZZZ
YFFGFFHQFFRUFFVOFFPWFFXSFFTMFFNKFFLIFFJZZZ
IDGEDEDEGIFHDEDEGHEIFIFHDGDGIDFIFHGIFHZZZZ
URRKFXFSLRHSBTFJXTNLMZLRNMILKYSUIZHXZZZZZZ
TLSWDKNRLWSQTMNJYMGYOTRGRLTNIMJSWUQNYLNZZZ
JIKNJIKMIJMIKNLKIMOIILILJNJLIOOLJNJOKIMZZZ
IGHJHJGGIGGGJGHJJIJIHIIHIHJJJJIJJIJHGGHZZZ
RCKXCMMLRSCQCGVNVCIWUVSIUKBFCRALBOFBKAJZZZ
VCDCCETCCUFCCGJCCKNCCOHCCIPCCQRCCSLCCMZZZZ
MKJLKKJMJMJKJKMJJMJKMJJMJLKMKLMLMMJJLMKZZZ
QJAIXNSNHYWQUVZUMUMUEXRFILNUSIXTUNCTCWOZZZ
YMBVFVFNMVYAONVYAAOYMOYMBYAOYBVFNDNVYZZZZZ
FMNMMODMMERMMSPMMQTMMUBMMCZMMAVMMWXMMYZZZZ
PWNCQVUUSAXWCTVUCAFZOVJQSZAVMXNRXQVYUCVZZZ
NRSQPMMSSRPNNRSLPLNSQQQLQPMLPLNQQQSRKPRZZZ
HOOPOOQTOOUZOOAVOOWROOSBOOCDOOEXOOYFOOGZZZ
HGJEIFFJJFGJJHFHEIIEFFGFIJJFFEGHJJFJIHIZZZ
YKHGKHSVKHBFKHKFKHDRKHROKHYIKHYFKHKWKHFZZZ
CIINQGCFIEEEEJJJGGRRCNBNEONBRCIOPQNNPRFZZZ
STSAABBFEEEJJIJCCCDHHHGLKKKMMMMOPOPRRRQZZZ
MNNNEMNIFJKMNIFNNMNNMNIEMNNNNNMHNEMNIFJZZZ
BCORZHZEEMPGGYOYPFOMXWSJMCQDKTJZANPIJTFZZZ
CUSIYCKVADNVQACCWTTFKWSTHVRRIHTCIUBGZJSZZZ
NFSBEFFGLESGRMDLRBUUHEEQUOQHEKROOQUNEMBZZZ
UOJOIEDSFIWVWWNLCPPCNXWZIPWHNRHPPKNKVYJZZZ
ABBBPPOOJJIIHHHHCCDCKKKLMMNMRRQQFFEEZZZZZZ
KLHKGPBADYMJPSIGWHVNMQNZLFYWRIQQIZYZQNFZZZ
POQRTRXWYYYYUOWTVSWWOVXPQXXPRURXWPRTTSTZZZ
KPLPIEDIGEPLRHTSHROGOQKSJMMLTGTFJOEDGZZZZZ
SSBABAFFEEGHGHOOPOMNNMCCCDQQRRJIJJLKLKZZZZ
EMLLNULLVCLLDOLLPSLLTALLBWLLXQLLRYLLZZZZZZ
XNGMNGLANGOFNGZNNGJKNGTVNGADNGOBNGRTDNGZZZ
OWKSYULJXIFINTDWCXCWOBDQRQLGXGYUXCFRWLQZZZ
GNJMHIFNJIONKLOIHNFOHNNJNINIHNLGKKJJNJFZZZ
IITQCPXALQQAXEDSVNEVVGKPUQWEANABZOPXWPCZZZ
DGOUOKTLDGOWZBJOFPGLBKXJRPQNPMIMUVSWMQIZZZ
FURQQKNSBMAENWFBLBOMOEHYENSDMFHCELWNXYVZZZ
QCFTMIMGSRJIHLBWQGMABMIGPDKZOHKILTWGZZZZZZ
GDJKDJUHDJOTDJBTDJLADJNADJGKDJTWDJDJDJWZZZ
UOOOWRRUSVNVNSTRVMNMVQUNVSOTTMPMWVNNWUWZZZ
NBYLQVCAQKEPVCFDPCVSFGOPBPIPSGJSOGHLIVVZZZ
NOUUIYOJQPKQPKXSNOUMNIQMNIQXXMGSMNIIYOZZZZ
XZYXTVSYSXSVSYSYXXRZTVSYTVSYZSXSSVUXZZZZZZ
OLTITTMTJLCOLTITTITTMMTJSTTMTFLCOCOLTZZZZZ
NTQTQGSTQDWTQQBTSTSTQHVTQROTQVHTQFZTQZZZZZ
QSPPOKNNNPOMSMLQSLOJKQQOOOMKMMRNQSSMJMMZZZ
KSTPUIILOFJRDDRILQSTTLESVPMOQVSIRLWFLIFZZZ
AHIHHJOHHPQHHRMHHNSHHTKHHLUHHVWHHXYHHZZZZZ
SAABAHHGHCDCDRQQRFEEFNNNMJJIIPOOOLLLKZZZZZ
ZOOHPCLWDOAEAVXWMUXTJOAGTGOQUTFRIVTHXZZZZZ
LPGAIGMRZJSHNRYKYGQQMCFDFUNLONDWAAIBNLPZZZ
NHCKHLROKDLYTHNJHOGQRWYMTEGXUZNZGBRECKZZZZ
PDKPMSCMHUVQOMUUNOPRKJHRFUQICVMCFHRHEVIZZZ
OJGOUSHTLJSHHQTSNHNQMMUSMKKUIOKKJOONLPSZZZ
YPSQGPXGXCYCYPSXCYPPSQGGPXNEGXCXEGXSQGPZZZ
WNUOTMSVUVSXNTYSUTYSUUUMSVWUOUVSXNONSZZZZZ
FNPHROQJFRTKDRQHMIJDHGDGOJIEJTLMLGHEJKEZZZ
NMJIKKJJNKNJINMIMLMJMLJKIJNJMKIKLMHMNMJZZZ
RBFKBFOQBFZABFTGBFFQBFLHBFAQBFLCBFCNBFXZZZ
CCDCPPOPIIIIGHGHEEFEBBAATSSTNMNMRRRRLKKKZZ
OPQXWVTTOPUTNQSVWYTVTVNQTTTVOQWVSVWYTVZZZZ
RUYKUYZFUYOMUYNZUYHUUYIFUYZQUYXLUYUJUYZZZZ
SQRGGJHIDNDDLSHHEFIHQDDDCQMENHGNKEEGHENZZZ
EQEPHMSQEQGKQSKQSQQEQEQSQEQIGKIGKQQEPHZZZZ
OOIOYMIKMBUNIASDWXGLELUFNVBYZNAVPBOVGRFZZZ
XLQYFVUFDCDZCAJJFACLFZCEVYJLRUFEFZLQSPLZZZ
XXDHOXDGDXDBIXDVOXDIDXDREXDWKXDVKXDUZZZZZZ
KMMKMLLMLLLKLLLKLLLMKLMKLMLLMKMKMLKMKKZZZZ
XTROZULYXTVOLYNUSYZSSUWZVOZUZSQLNUSYWZZZZZ
NPUSVOPMVOPSPTIOPSOSVQSSNPVOPMVQSSVOIOZZZZ
TMDLCPNWNKHGJSRFULEKVXCMESVRFKUEVQBEVQBZZZ
TBAACNAAOJAAKRAASLAAMPAAQHAAIFAAGDAAEZZZZZ
EJKHJKEIJGHIHIGEHEKJJIKGJIKFJEJJJGIIEZZZZZ
OPOQNPRPRORONRRONQQNNPONNRRRRNNNOORPONOZZZ
LJGFELEJFBMHNBCBIJFGFKBJCFEBCBILELJBMJCZZZ
NHNKJUPAPPXMPVTDJVDUBMPOAWYLUKJBFXWOZRXZZZ
WUFKZLVRXUQZMMIZGRXZLDCGJCRVWVLEVPUWBZAZZZ
SPSQPQRRSPPQRSQPPRSPSRRSPPQRPQRPSQPPQZZZZZ
KQLNNLNMNQPQNKOQPPKLNOMNKQRQLNKKQLNNKOMZZZ
ONPPJMHINLNNJLKJIKHOPILLMPKHKPOHKPIKOKOZZZ
RXLMLPNORXLYMKKLUOXKUWKTUVKKVKOKORXUWKOZZZ
TTBABBNMMMCCCCRQRQEEFEIJJJKKLKPOPPHHGHZZZZ
TBBBAGHGGDCCDOOPPLLLKJJJIRRQQMNNNFFEFZZZZZ
JPTRCCHGCBHLTVQKOHKMYYUJJSCCTJRFJJSFGEPZZZ
MSKAFXFXDBUNBJPHUNBJMSPFKHYLPFKHKXKXPHZZZZ
GNVNOALBNMRGWCLCBJZMEITOIYPTTPKLZJLYMCZZZZ
WKMNTKMSUKMMGKMDHKMMGKMPKKMPXKMQOKMNFKMNZZ
ELFNXIUUDUKGSYSIODABXXFNOTUZGABGMEBYZZZZZZ
THTRPHRWXFHRWXGHUHUTHUTHTWXGHGHUTRWXGZZZZZ
SPORSRSQSPPUUPPORTPSQTPQUUQOSSUUPQRSRPZZZZ
WUBOJANRWVJZULUVIBCZUVVMNESZLXEPGPMZZZZZZZ
UAVKTEZUYGFGMNCDZFUTUVCHHNXXPKDJPYKLSQAZZZ
LQPNNLNQOLQPQQNOQNPNLLNQLNQOPOONMOQPMZZZZZ
PRGANQDFEGNCNRLNDFDPNCNRBNNQDPEGPRAJLNZZZZ
