NWZQHZIRRGYUTOVOBHNAQASROBXZPRPWZQSMLET
JLJJKLKIKLLLKIJJJKKJJJKLLIJKKLIKKLIKLIK
QMRMRNOQNLLPNOKQLPQNLLLPNOJPLPNQNQOROMZ
DIRTXFRTEVRTWNRTXARTGMRTEMRTIURTUURTFZZ
RQMOQQSSPOTRSVVSVVTPTWRWVUPQQRQSVVTVSPO
UCBBDQBBREBBFSBBTKBBLOBBPMBBNIBBJGBBHZZ
ZOPLEJNOFNXDMGDWIQPZBTJCRLUQQALWPONEBHW
PTYHUDJOPOHLVCHPBGXYRBRKVQAMQSQVGCNCNDG
ZUZTTCYLZXLWVEYMKWMGUCWUCWJNOJLIDLVZRFV
NKLLSVTILKATXWRBKNFTHNVBINIWTPTPUZDKAYL
CIPLWUBRMUWZYXSYNEFOBNGAWJBQLITCIPLZETC
HIPTOYOIMXMXGFRRXGOYPJPJOHOHUFUFOIGFRRZ
TBAACFAAGJAAKRAASNAAOHAAILAAMPAAQDAAEZZ
ZBOQBOYIBODEBOFYBOVCBOTWBOZABOXJBZBBBOI
OSTRNMPNSNLTROLOKMOLNPOMPLNNLOKPONSOLRN
LONJIPNKXHLLWLSNWQPTOQMMLOTSISWPPMKMWIL
ISRSSQPRTNTNKJNTNNTNKUJNTQNOLOTQMNOLPZZ
SABABCDCDJJIIEEFEGHGGMMNNOOPOKLKKRRQQZZ
HLLCHVFPNCLLCHVWFPCHVWUHLLEUHLHVWFWFPNZ
LPLCWNLCCQLCBMLCMILCGELCJXLCJALCFNLCXZZ
QPWOQPWRNOQNOQPPWOUQRNOPUVTOUPUWOUPUPUV
SFRKKTWZRQCTXDJZSSEGHXJMBEQRQPSOMXHDKRZ
KNLPPSOKJMRROKRNOKNOKNJMRRSPKPOKSPPSRNZ
ABBBNMMNLKLLJJJJGGGGOPOOEEFERRRRDDCDZZZ
TFPONIFHINMPSERGSHHUNPGLOFTMHSPRJQLJTPU
EFFFDCDAEDDCDDCDFEDDFBAEAACCBBEFABEEZZZ
GXCPSECUFLTLDMVCKVPROLZOWNHSSOBUSPDIDMF
QPOPIQHONLKKJPIQHLNLNJKJKONLMKJLKHNHNQP
IVJVTNQPORMIPWVWQPTNLLPLJMLLPLPWVWJMMIZ
HECMDLMMMCLMHECLMHEECMMCMMCMCLJDLMHCLJJ
XBOYHRRORSNQPFOUDYLRWIQEKCUNRMEUXGILMLU
FNNJNNXPNNWENNCUONNRNNHONNUKNNCPNNRCNNZ
BIYXLXSGHWGRBGPHOSNCIXKIUMNLHZOBTQICMTK
RPXXNOSOXRPSXXSWQRVUOXROSNPRVXNSUOXOOSU
HMIEDOMCFKQKICJFNHFIIKEFCKERMQQNJKGKCIO
QMMSTTRNSLQMPQQSLSTMSNSLQSTSTMPQQQMQMSL
VRVRRWVURUTSRTUTVVSSSWVWWURVSTSSUUSRRST
YDYDDYAZDYOJDYRADYXLDYNTDYIIDYSWDYQYDYQ
EDFHGCHFBDCEGHFCCCEBHEEEEHEBFEBCGECEEFE
NRQMRQSNPPRSORPRNQOOPOQQSQMNOOQOORNOQZZ
RPNRQQQPONLSQPQRSLRRQSSQNNQLPQRQPOPLQPR
PXWPPTRTRVWSXUPSXRTXPSXZSVQVUSXPSXRPTOP
SXVRUJXQKSXJXOXXQKSUJXOQKSXUSLJUSLJTHHJ
JYEHBFLYWSJLNJYYQKKLOFDDXYVRCHLKFNSVJIY
VMGHFMOKDPOBVHUKOBPTGHUHOKDPPTGHUKVHUHZ
PTFXXVWNSIZPXOTWVHMIHRYTKEIJMUPYCUJMHON
IAPZAAPAUAPNOAPICAPNCAPOZAPCAAPADAPLZZZ
KSQQUOQWNGJGWJSWVNJSOFWQLWQQMNWGMHKJIIG
PROAVCRFFVMENZICWJFITWPBTYOLJWKHZDDHASE
AHZRZOEOMPGARUTCIWJAEWWWWVGVLNBELTBPQYO
NHMLJNKKRPTTUUUUQPPKUSKPJKOQSLNPRPPUPPQ
POASOXHCKKNWIOJGAYXBMXAVVUYCMJFINXKXHHT
TYNHZSLPZXYWNPMOZALUUGVBVZWTKXVVIFIFICZ
ABBAJJJJFFFFHGGGPPPPDDDCNMMMKKLLQRQRZZZ
UYJKDETZXRJBRNZQHBIOCRHVUGPAERLWHMRFVSQ
HNEIEPOQQTTIBQTERCOJFMGDRDEMFEQBGHIDRDE
XYHLVOEJWDDKYTCICHXKYTCBAWQVKYJIGBWDSKA
AEIMBLDEXWOSHMKFKEYJWJOVIMKUHBHRKHLGLUK
LLJLJKJKLKJJLKKLLLKJKKJLJJKJJLLJKLJKLZZ
HKKNEKQOLLHKKVVNJEFVVCMRSBFIVEFVVRSKTZZ
NHXYWQQQSWGIHSXQMSMXWGNMTHKKZVQGJIIQLIJ
QERBDJMWUODJLPGURURUDBDBQULPGUQUMWWMQEZ
AVATHMOQOWFWQQPECUOZJTDGFBHCRBWETCEMZWH
TTHWPFGRPWRGPPTOWHMORKWWOJVMISTVMPRRLUO
MRXKSKXHZXCJGEBMQUXAUHFSZHNMQLULDREDREL
CEEBBDDFCEAABGFFECGAEEFGBCFFFCCDDEAGEFF
STBAABMMNMRRQRLLKLOPPOEFEFCCDCIJIJHHHGZ
LLFEFFHGLFLFHGKLJLLFKJHIJEGLLEKLEKLIKHG
MLKCIOLHXBPBDDVDVSGTMDERQMHAFDPUCCIYXNF
JGCGJBBKJDIBEDBKHBKAJDFBCAKIAJBDBCJBABA
GRPNVMLRUGRWKDRDRUGPNVMUGRPRPNVKDRUJWKD
UUISBLVNKEJSTVVBWXPXJJGVVQDDBAOUEFWCNZZ
SLMPVPTLLLSVMQRVVMPQQQQNQNMKOPVOPRKTZZZ
LAOLGDRBGYDYFKFHDWWIDYFWKCBXZIUWHVCWLGD
QUCJYYQYAYUUBIUZSOUWKYGFXWDUICRMNXRZUAZ
BKJWEAUEAUEHVBKVBKJPWHVAUEIJWEAKJWEWHVB
JIMMLNLIHJNLJIMMMLNIMMLNLJIKIHJJNLJHJNL
IHHJMHHNWHHXOHHPSHHTUHHVQHHRYHHZKHHLZZZ
CBBDOBBPGBBHKBBLEBBFMBBNQBBRIBBJSBBTZZZ
VVVWVWVVVVWVWWVVWVWVWWVWVVVVVWVWVVVWVWV
LKJLRXKQZCOPWQZJDQZNCLWZHWBAWGQFNYLYWOA
RRRTRRSRSRTSRRTSSSRRSRRSSSRSSSRSRRTSTRT
XEFEEGPEEQREESTEEULEEMHEEINEEOVEEWJEEKZ
XFLWMUWMUPUVURFLWMIUVUVURXPIUVUPIUMUPIZ
DNNSBIKOIJMLGEKJPDRJMFMQPNNDLONDDOIHQMM
HQJUAHCKRSIOBYYFYKMRQZITUHMLPDLHIGTTUHM
MGGLGLILIJNLIJFJNMGLHNIGLLHMGMGLGLGJFLI
KMJKKMJLFGGNLOKGGNLOKKMGNLOOLFGLOKKFGGN
IAJKHFSAERERCBIAORFTFLHFIAFLSACBIAORFLZ
DWSRKLNGQHDQHDWHDWSGOGQKLNPOGQHSRKLWSRK
QPPQPPOWPPWGPPKLPPMJPPJLPNPUPPNDPPPNPPP
EASJDYAPOAKRAPOWDYVJVEZGPTVJXCXMOFBFZZC
HOQNLPJKGIGLIKKNIGIPJQHOLKOMQRHRHIOOPGK
SSTRSSWSYYPUXSSVQVTXQUSSPSVSWTUWTXSPUYS
ZIOSYMIQVHEJSPUPIWMPWMOXLNICAAWYMITBATF
IYBQYMVFLYQCCFJAJRGJASEKWFUULTWDBQMQUEZ
MKLKLMMKMLMMMMMMKKMLMLMMLKLMMLKKLMLMKZZ
CRSFRSPTRSQJRSDHRSXMRSBGRSVGRLRLRSKWRSC
USUSURVVRTVRTUURUTSURUSUSUUVVRTUSURTUSZ
BNYSWQAWZLSZHJFTDYTJSWQCLEBNQPKZRKTLLZR
MCPOMLDMOHNHLLMRPLFNEJORODRFFGHDSDRORMR
OMMJFINNGFHLFONFOHNHIMONIJLLGNLKHKKKINF
LROLMJQQJOJKNKLRMMMKJMMQQKKIOQKOMLOQQPZ
MLVLZIBFDHQEPCOAMLVEABTSLDFHTFBMVFXTZJG
RUUTRSSUPPPPSTUPURSQURSQRSQSPRQQRSQSZZZ
BAABNNMMEEEEPOPOJIIJHHHHQQQRDDCDLLKLZZZ
GSDOFLIJHSSELEOJPPFIELEKFNIRKRNDQSERDSK
FLNZUENKKPKFQXDDBFUJKRIKFHMCJYUEURIKFHM
BSHDNGFTOPRMHIGQNESJOLCBQTOTGQLJEQNQTIE
SIWRSMJCNOHBPINTUNTMUJBTUMUBJAXOUSOIGYX
QWCEZXGUQNDPMQTMCBVVLYWUALFVXGPIKVWUALZ
STSSRTSRSRSTRRTRRRTRTSTSTSSTSTTSSSSSSSZ
LPPSIMWWONOTPKOOHLVRPUTOWMPPVVTWUIWTLHL
JANJISOQLNLNJARSEEKDBRTFRSGFOQISTFBRGFZ
MKALCOLMCIEEMEFAFKMJKKAFJMFFOALCEDJLFHM
LJTSAOWXQJWFXOYTTMDQBKWVSJVPJOXMKLBJOXZ
HDEEDEBBDCHDEBDDEEBEKEDDCHDCHDEEBDCKEDE
TMYHMYMRMYNMMYIMMYKFMYTPMYMQMYXOMYAXMYS
ORVRLVOLVVLNMMUQOSLRVPMPVTRMRNRMUVUNZZZ
PXXAESXAMPXAEIXATCXAVCXANYXAWGXAOVXASZZ
STZUOYNSTTYNSUOQYZUOQYOWWQYOWOQYONSTZZZ
UCBBDEBBFIBBJOBBPQBBRKBBLMBBNGBBHSBBTZZ
UVQOBYUBNTIEBYSPYMPWENTIRGIZCXZVFPEEPOB
QAVYQQQDLCFPVAKRGSGVRNYNYKLVZBCNVWYXMQK
IJAHVNAAOIJNAOIYMYAMYAHVNAOYAHVOIJAAHVN
BAACRAASJAAKDAAEHAAIPAAQFAAGNAAOLAAMZZZ
IVBWYHPFVXNLLSUJURIWHHFBPSXHRMJXOWXMATX
DSRDFGAZZLXOOGJGWPAVSNHWPFCUCIQTYTXCMRK
YURGIMRGNRRGXYRGSHRGBARGOCRGRERGFMRGSZZ
SIXOAZLNAIAZTTNWITEKYWLCCHLXZKVOGQQLFEP
BBAAEEFEKKKLPOOOQRQRCDCCJJJJGGGHMMNMZZZ
QIEHJVBPWMWYOXTSYVZKGYEUDLNROOIQXRCYVZI
OROIJKIQJSRNRQRNMKNIOKOORRPROJQPNSPRKRO
QGRMMQCRTOIQIQOQMMQVCJNKMRHYDAVXDDASCET
ESKXYCWUYYIMAVBTGMNQYEAOEFKMUUKEDFITRSL
KNKMNLLNNKNLKKMNMMLNLKKNKNLNMMLMMMKLMNL
XJZPEJZPFJZJBJZAMJZQQJZPHJZFQJZOWJZBZZZ
DBDBIGFDGEHHAAHLKADFLKDEBBJHLDEABCLFKHA
ABIFCBBGGICBAGCAABGIACAGHAIIBGACFAFACAZ
OOCOUOCAHOCTLOCHUOCOUOCUUOCBEOCAUOCVZZZ
UBCBBDQBBREBBFOBBPSBBTGBBHMBBNIBBJKBBLZ
MAAVYMXDGVDGVMKKXDKXDGGVMAVMAAVYMIAAVYZ
TBBBBLLKLEEFFDDDDNMMNJIIIHHGHQRRQPOOOZZ
OIRQYCYEBBGSQFGYGBEGJSJPRQSJFWOQBDQGHDK
SRNORQQPSYUXSRNWYWSTPORPORQWSTPWTPSSTPO
CBBDQBBRGBBHOBBPMBBNEBBFSBBTKBBLIBBJZZZ
OEVMHSWJXFVYFQZUOEFQLSXFLNLSZULGWJLNVYZ
HEPPRYYLSTGHIZXYOVGSIYGIRXFMEKYSIYGRJIG
OHYAHYGHHYYUHYXKHYXMHYRTHYKCHYIIHYNHHYU
NSMMSMBKSMHSSMTQSMUEPSMNSMYPSMSNSMNMSMP
SSAAABOPPOEEFFHGHHIJJIQQRRMMMNKLLKCCCDZ
WWWXXXVWVVXWXVVXWXXVVVVXWVWWVWWVVWXXWXW
FJLEEJIGCRLTEFHHVWFDVIVDOVWETTPIVCYNIPE
DJOPPCSRNVDCSLSLSRNSLSRSRNVPCSLVDJONVDJ
JQGBQGJSQGIYQGCKQGGJQGIPQGMFQGEVQGFNQGW
GKLEISPISPFHFFSFSGKSGKLSPFQLEISFFSGKLEI
JIIKPIIQTIIUVIIWXIIYRIISZIIALIIMNIIOZZZ
SEHJMEHXSEHBCEHLNESECEHSTEHOVEHZUEHQZZZ
UTPTTTVRRQWORVRRRQWUUUTRRQWTTVPWOOPQWSW
UPMLLSTNQWVTMLPXLVMLUQVURWSRUUWWWSLSSWZ
BABAQQRRNNNMJJIJGGGGEEFFCCDCLLLLPPOOZZZ
UPQIQWLSKOLLOIWLIHUWPLTLJRWWHQMWLJWMLPL
RNPQOQRTOSRRQPTUOTNQORUNSUQPQRRRRUOQPNP
MSNOTVPUOMMVMQTMSSQTMTQOTQVQNRUPPQQQQOO
VCAJCEJZFFCIFQALPMKGKRTYMVOOVMKGAKUSEMG
RMXTXNWNOXLWSRSSWXXYQLYUTMYOPWRYMUNLLQO
EEDHHBEKBGJBGJHBEEDJHHBHBEEGJHHEDHJGKBG
DCCEHCCILCCMJCCKPCCQFCCGNCCOTCCURCCSZZZ
STBBAAGHHGLKLLCDCDPPPOQRRREFFFIIIINMNMZ
NONRNMHMJWWVPWTWTUROTKUSHNILQLTHMTSLNOT
QPHYSSAIWNUKMPCHCPRZOTOXDIWXAVKIMHAMFQP
LKQNLLKPONLQLLKRRQNQNKPRKPOLKRRONRKKPQL
XILASIJFCKMFZFXUWQBUWQBUUJMKSNZVFDKFHQL
YJKUQPVVNKOMLNTLNTJRVVRNSPKVVYJPVVYMLNT
FRAVAGWKJTNBGXHINKKYXUMEFXNAJOHHLMMDTAT
ESCASCVXSCIESCJFSCITSCULSASGSCJNSCXPSCY
TSBABANMNNQRRQEEEFDDCDGHHGLKLLIJIJPOPPZ
UILULFNBVWMHONHNPUJELWTCABRKGRZLFNXJSJU
BABBRRRQPOOODDCCNMMNEEFEJIIIHHGHLLLKZZZ
VNQPTAUIENRWVIBIFVNMHDBZDHOBSOTDYWUOBEB
DHHHRSESPODGLHPODHDIESRCDGIPESESRCLHIPZ
QMWOLOLQWSUWWMRUPQPWMRWWQQMLOLPQWSUWMRW
PUFQUPGKUQUVIGOPGPUUSVMMQKUVMMQGOUSFQJM
CBIHHKPQFIPDKCMNIHHKPEGIPNICMCBCNDKEGCN
KKHIHKGCKCIFDDHIIECHHCIGCEKCJIDICHCFFCF
BJBSNRYOJEHIZQPMQVZOQGKQHVKZTOKOGFJEXRL
QGLQOHIGLQOOHIDIDGFORJQHIDGLQOHJQGLRJQG
PRZRHBFRHTDRHKKRHYYRHKGRHUQRHTRRHMCRHXZ
RNYQZXOUVTQPPQRRWWWOXQQTTUPWYQUZRZRQZRZ
RTRRXVTUVUSSRTYUVUUTUTUSUVSYUUWVQSVVVUR
IGIIMLLMJLMLFFMLIGFFMNKGILJLLMJLMLMNKGZ
NQMNOPKMRTSLMTRQPNLQKRKORMQMPLRQPNNOMSZ
URHMYFHJRCPQGCGJJENXGAUFFKZUTNUNCEFRYVG
VTTVVTVUTVSSSSVVTTUTVTSUUSVSTSTVVTUUTVS
MXLMAHGZWYCIWXCVJYSPSRAACJHEDSRHKVIBUDD
DQZRLSHDYFLHDQZPNOGTWUTLFLEMNVPMOEUZBKD
XSWLEXSKYIPNMRURUGLZWNMPIUOWFZWOGKYWLTX
POOQVOOWROOSBOOCFOOGXOOYTOOUDOOEZOOAZZZ
TBVBLHYMPVBJQOMFRMCVDBOMOAHHJRDHTBVFEPT
OTNRLKLTLKNTMJSNPSNRKNOTTQMOKKJOLMTPTLM
TABBAFEFFJIJIQRRRNMNMDDDCOOOOHHGHLKKLZZ
QWYJVVTPJVVPMYMYMPVPJVVWJPJVTPXPVNQUJYP
PGYUABLHMTDJZNRMZVPFNTXYHBGKYTKFNHNJAWW
OPNLHGFZQMRFWIWOIJZNHYTXWWOWXWLIIOPNXWW
AEWUTEOHFIJOEYOSNRHNOGNFYKZZYEUQLWFZZQZ
XUQUEMGPQIFTNCMGGPDWFTNTDWQIXUPCNTNCMGZ
PPORPPPPRRORQQPOORRRQOROORQRQRPPOPOPOPR
ADQYMXMKUCZVSECLOVDLBLPAKEQVYMCPAKETKLS
ACOHGFQAODDEJJAJDENDFCODNDHKAJJJQAGFHKZ
ZZUYCLOQJGVUGXQDVFREFNVWNRYDMSUHHAMQOZZ
QUKVVDYSFCPLVLMUQTZCPWNUQTZATFNNNNYKTHC
CKJJLOJJPQJJRAJJBMJJNUJJVWJJXSJJTYJJZZZ
LTQUTQYXTQNKTQWCTQWZTQZUTQFBTLTHTQISTQR
BABBMNNNGGHGIIJILLKKEFFERQRROOPOCCDCZZZ
URSQQRRRUTSTUSRQQURTURSRQRQQQURQSURSQZZ
PQGGOPGPUIIGGPUIIGOOUWGGVOUPGWSFKGVWGPQ
GOCKNLILIHJDOMGEMGEHEINFFOMMHEHEHEIOMGO
STABABLKLLHGHHFFEEIIJJRRRROOPPNMMMCCCDZ
YBKAXCDQMNVDMQLCSCCPUHQMAOVIXDCKFJYTMLG
TCQDWGFNQVVIYOFQMCCRFJCDVSNEJRFXBUCIUQW
FMQYLDBIMELZTGEAYNROOXVGMYUMJRWGKCMZKCU
ICZRAOUMCQZTVPWAOUECOTDCZWISGFEQNCDKVTB
LJOMHSJVMJOTSPPISLTQHTMOXNKPPULKXSQJRTV
VXSURMWQKGRSPXQRGCVBJMLWLEIUJSBGQXUIXES
TUZHXUZIEUZJZUZBEUZBVUZQCUZXZUZEMUZDZZZ
LUZSLIMVQFKPRKMCEMLVGIZFUTAKHEJOXKHAECP
TTSBBAAIIIIDDCCNMNMPPOOGGHGQQRQFEEEKKKK
IBEAGADDHBABAGADIBEADIBHBAGBEAEBDHBGADI
UCOMTHTVIKVTHRPLOUVDLILHDOEHCSLNDNSCMQN
KJGEDRIRDGKMORSIKLELIGKKOJMSNMCCHKRFRPL
GYCCDYCUBLHTLQXGMBLNFYAVVJJHEFZYIVMOZZZ
MIKMHGMIGIHLIGJJJGGKHGIMGJKHLILKJGHGIJM
OTCVTCISTCBOTSTATCCFTCUXTCCSTCGITCWSTCV
BSQOSQEUSQRVSQAXSQWSSQRGBSQMSQHVSQHXSQK
AAABGGHGEEEEKLKKOPPODDCDQRRRIJJJMMNNZZZ
ZENGYXDBXQHFJXGVTBMJMLRDPFGFUOTLRGEWMQG
NOPPQPQONNNQNQNPQNPQOPNPNOQNNNQQNQQQPQO
VBCUGFPYHLZAVSKCAUWWFXXLCLANNUGKIVKVFOB
QSORREBVLPTASBDNKCTUZXOMFFDIGCOUNRRYWNJ
DQUVFWOFJOFJWJPYHJPYHQDXYWLXEYHYQRTMVZZ
XUEOLEXUEJJASWEXUSPOWPOWEOWEXJASPASPOZZ
TTBBBBGGGGIIIIQQRQOPOOKLLLFFEFDDCDNMNMZ
WUJUHOLJLHTNTLGVWIRUPNLQQHGOLQJLVSTPLPV
UHSNCRXFJUPIWWYHSNCHWQTHSNCUFMVLFJUXCWH
SSTABBARQQQKKLKNMNNFFFEJIJIPPOPCCDDGHHH
OHMJKMIKFDOIGHKILPSOPKDSEIIRSEOSPFDDRIR
KKKKJJLJLKJJLKJLKKKKJLKLKJLKKKKJLKLKKJL
OGUVDSGZPEZORGIDKSTXIJTPGBSUXFEVDSGGXLX
VRKLKKSPMTPPUPLSLPSMLTVSURRNJLPOJONRNTM
YFGFFHQFFRUFFVIFFJSFFTMFFNOFFPWFFXKFFLZ
BAACJAAKLAAMDAAEHAAIFAAGNAAOPAAQRAASZZZ
UBBCBBDSBBTKBBLEBBFGBBHMBBNQBBRIBBJOBBP
UUXVVXXVXXVXVXVVUWXXUUVXXVVWXXUWVWXXVVZ
KFTWCKWUYAAMVDWTZYQQQVXYJEOTPWJSPOHYZZZ
UTWXDQKNZOKAKUZRIUHDNKANFCGWJHTIXTWQCNF
XZWVSSNSEBAQRHLWBJYCNAHQDZWJVQJVSSNRAEW
FLIEOMFFGHHCIIFLHDHFCPJMPKLOJJCJGMDGDEZ
BZEPXUIZPRUSFQSLAYHWKJHHOJMLAYHCRUBXPUL
ABBAPOPPHGHGKKKLEFEFDDDDQRRRMNNNIJIJZZZ
PIICQLJBSIKHEBMJKPHKKTDBOODDHEPMUHBDUDI
TECHFVERSDSRAEZPVLRJIFJPGLORGIALHFVNTPR
IVKMCPZGZYZMOZTWLAKNEFKGHWYGTPHLQWINFYG
EFEHFEFHFEHGGHFGEGHHHFGHHFGHHFGHHGHGEGF
XTKRVAWOWOMJJSRXYGVYWTRAXLMHCXBGYLRDWFS
JBBJXSJJFNWRWCDWOROQZVDPOWVSSENISBXZZYT
WYYVXVVVVXUUVUTUTYWVWVTVWUVUVXUUYYUTUWU
SNKHPUOJQXUSXNLVQPMSIJOSSWRJHVKPKKKSIJO
WMJLQGHMWMNNHMQGFKSGPTHUSGPTHRFKOTOTHUZ
PMMWYDZFQJTVVPGYHPHPPJXZPUNPGBTZNXJQOVY
EOYLOYTVOYYCOYKROYWROYMUOYFQOYIOOYSIOYQ
FMOPLOFEMFSLFHSFNRHSFNKEFMIPLSMESLOKIPZ
SABAAFEFEMMMNPPOPCCDDQRQQKKLLJJJJGGHGZZ
NEMLNFNMLNFJKIHFIHKEMJKNDGNEMLNEMJKLFLF
TBLFWTWKTYLGQBAEJQQMUQVTWFSZZQCNYABNYAB
QKRMUISPJHFKCTELMIILAPSZFPBWNCJUMVXKRMG
WETAETCHETDZETPRETWVETZYETJXETOQETRIETP
QTROUQUTUOPRUTSUTSTROOTSTTTOOUQQRRUUTST
SSTBBAAGHGHKLLLJJIJRQRRCDDCFFFEOPPONMMM
SKIEDRVNXXMKJUPYVGPFXWDGCUBVGPYNVBZSLJA
GFFFHIEIIGGEHEFHHHHGFGFIFHGHIGFFFEHHHHH
RONPJCCKEADEOTCCELRPASBCOHKDOTKBQQERSGP
VOZSUHBMUYVWAMVOJAJQCKUIVXHIWJHBERWOAQV
FZGCZGLSZGMVZGXOZGNGZGBLZGVYZGUAZGICZGL
LORMMPITUHQWQHZEVOKDHLJEGVLEGVLKYOOGTRF
SVQZZPSMJUJUXLNQSMXLXSXJSQSQSVXSXJZPLMZ
HOKOOGUOSQGUOSPPHPPHOPHOKUOSPOSPPKOOTZZ
SMMGBFMTRFMPOFNEUKCMGRPRRKTMFPSNNEEKDGR
CYMYTMOYTYOYTIXYTXFYTEGYTHQYTTGYTEWYTTZ
RQQSVQQWBQQCZQQADQQEXQQYTQQUFQQGHQQIZZZ
OMKOMMOMLOOKKNMKNNKNLKLLMNKNOKNKNLNMNMM
UKLHQHNGSBZAANTCRZJUOSXPOSRPFFWXKUNRHSV
FWIHWDHVMEXPFBWMUKCSGGDKFBCDMUKJYYEBKRO
ZCVXHCRIHHOZCRIHOXHOZZCRIVXHOOZCRIHOCZZ
KIRWPPISHHPPPPPPMLHRPXGSISMLVOHHHRPXKIZ
HNKJOUJLNJOJTNHNKRUJLJLNHLNHNOJTKKJOJZZ
TNNJMRNYUUTNJMRKYUUMRNWUUTNUTNNRNWQNNJM
CGDVGBBBVTNRJOUCEAHIXCGPISZUPRPQBUQWQNP
WVVXGVVHAVVBEVVFKVVLCVVDMVVNIVVJYVVZZZZ
WKVULUXQUMXWTKRNJNXJNXORNJNXSMJLUXSSMJO
ZGLVHDGXUXRATKWSASGJRQIWXBKDMZYRPMJZGLV
WTMXXPUZYRYWYZWZMSUURYXUXVZZRVWWTNWYWNZ
YNRMFGQQYNRUVNNQMFGNNQMFGQYNQMFVNNQGQYN
XMRPGUQHWXDHEHGUQJQJWDWXUKFHQHUKDHEHXMZ
SSFMZQPQWSUNNEESFMSTHEUJWHBIXDJYLCZTDKL
RSGHWINWWQPIQRRKITWOMTVVPHMQMIOPVSQNKPK
VYHLHKZQBNFHEXFPMESNYLNJAWMXMEOZVKWGDMW
ABMBFJUBFVNBFHKBFWQBFJZBFLOBFWMBFDLBFGZ
TIPKQKIOIUJMOTUHQQQIJLNJGRHNMGTUMGIQSHM
ZGHGGIJGGKTGGULGGMXGGYNGGOVGGWPGGQRGGSZ
UGIMHSGGXTYKKQLMSRUQPLKQNVLYLFKKPJQLEOM
IHSAHUOEFFQLYIQVJWFGGJCDNXNJUTJQMDGZZZZ
STBBABPOOPHGHGQRQRJJJICCDDNNMMLLKKFEEFZ
ZOFJXKUKFKHQKLNPYZWFHBFGYOUGUYIQDOHXRQS
XEEFEEGLEEMNEEOVEEWREESJEEKPEEQTEEUHEEI
GKKHKIHKJJKIJGGGGGJGHIIJJGIJHKIJIGHKGKH
UTTWVXUTXVVUTUVTUXUVWWWXWUWTTWWTWXUXWTZ
XLBBICADSDEJADFDJEICGNAUVFVFFDSDXLGNAUZ
VRTROTOVRQVWYUWVSYOOOPVVTTRZWRVOVSVRXZW
HJKQMIHHOPPKJNHHNKHHQKHPIMKHHKJKLHQJNMK
NHYSSZXWJNNLRRRRVUNNQZKNXIWXZSTKRXRTTZL
IDXRTMFGCTQKJKCFYPIHYAKQFPRYAVTRLCYCLHG
DROVRXGXDIXGXWXIXKPWXXIXGPWXIXDROGXDRZZ
ULOODFTLFJRIZXEVIULCIBXXLOCRDCCQHBBBKUZ
PVXPGFUYCAADTOCOVGQLKQAIMIWYVLPXFENVGQW
BIVFFCLQULVOEIBGISJZBAQWCJNYMHWQITBEIBJ
HGGIRGGSTGGULGGMPGGQNGGOVGGWJGGKXGGYZZZ
HLKKMMHJLLILJMHKMHJLJHLIMKJMHIHILHLHMHL
YWSWWTWTUOXWTPOOXNYPNWXPSPOOXPOOXWXPSZZ
WVVVVVUUWVWVWUWVUWVWUUUWUUUUUUVUVVUWUZZ
QPOOPOQOOQQPQOPQQQPQOQQPOQQQOPOQOQQOQPO
TABAACCDCJIJIGGGHRQQQLLKLNMMNOOPOEEFEZZ
DIVMLSJVHSTTHXAGUEFLCABNXTPJRSRUAVNFSNX
CDDXLEYILFPKBQHJTVGQWNOEMZRDLSOREWJDWBZ
NMIVULTKHJTRQQMCGMBTJFRIRDYMLTCTTMNYESK
YAWUVWXSRFZVLJSMHKMSXTMWTJOPNKUHHLYAWUZ
LKKMPKKQZKKAXKKYRKKSNKKOTKKUBKKCVKKWZZZ
ELKJLLGGGIIKGDGIFKGDLGDLJJJJIKLGGGFKELZ
STTABAAIIIIKKKKPPOORRQQHGGHCCCCFEFFMNMN
GUAIDVEZJTBSRSOZJLTNTZIGMSIFKYVNZVJNTZI
AIRPAIRPAIRPAIRPAIRPAIRPAIRPAIRPAIRPZZZ
ENKKJHKKHGGMEJNMEJNNLJENJJMGJNNEHHEHINM
ORTRDCNSZCOOIKBKIRSOBULTUYHXRAILAORXUWY
NENVIENOIENCFENMJENWAENYCENECENVDENYZZZ
NJCMLIYJKECUFUNXEHJYKYXFPEOKSHUWYSFOEKK
JKQVIVCMYIJQUJHCGHRHCWWWHQBROCJIVRMBTQI
BAACPAAQLAAMFAAGHAAIJAAKRAASNAAODAAEZZZ
UCBBDMBBNIBBJQBBRKBBLOBBPGBBHSBBTEBBFZZ
XXTOOZWYMNXXWMQPTWXQUOTWRWYOUXPTNNOMXMO
WEHBRVLEFLVIUZHTAOKYLZOFHDAXDUJPXBRQMLS
IPLMSMTWVLSYWURWURORVVQXOXOPTUQLNWXQXXI
DSWEBKGMOEAWKXHQNXFLXAYCDKWKUFTCEICXKLC
UNKINKMQNKTNNKRINKYJNKAANKPDNKMQNKWANKK
STAAABHGGHRRRQFFEFMNMMPOOOLKKLJJJIDCCCZ
SORQPRMQTKPQNORMLNNKQLOOSTLSRPSPPTOOSTZ
FLIYLIFKLIETLILWLIMZLIHZLINULIDGLIMVLIG
IZILNAKMZVLPDGCQKENWCYEGOWPULKKBVALNLZZ
IDRATGPKGGHFPZHWOUHFGXGEWPNKSTJZJWBOCOF
XNWNESJEOMCTDAMIDJSLVAGSJGIUYWADBCUHGZU
XEFEEGVEEWJEEKPEEQLEEMREESTEEUNEEOHEEIZ
SRRTGRRHARRBERRFWRRXCRRDYRRZIRRJURRVZZZ
TSBBBBHGGGQQQQIJIIKKKLFFEFDDDDOOPPNMNMZ
FARXANNGVJOVPKXUAQPNSLHFPTWZUICVVASDJOZ
TMMSUZMXTCFTOZBVJNBWPAXUYWVRHMOGXIOCQJZ
KXWMOPJSIQRSDISVWWSLXTNFMKOABFJHBUOZVTJ
TPECSFOFTEZHJBWEXTIQBZIXHJKCSHJSGQYXYLW
PLQGKGVRWXPPENKGPPYTTRDMYTENVRYKDMWXYKZ
CFCBWYWVMZGAAYYLMMOPUYHJTLCJKKDUUAAWDIW
VWWWTSVUXVUXUVSVUTVSVXURXWTVSUXURWWTVZZ
TTTBAABCCCCNNNMEFFELLLLOPOPQRQRHGGGIIJJ
WXOIUTQNTRQMRMFSFUZOFMUHTUYSMJLOFMUNSUT
NVUUWJUUKLUUMDUUEHUUIFUUGBUUCZUUAXUUYZZ
CLUVZKRUWIGBLVDPLSYFXIPGWCVKEJAAMCFXQSZ
LIAMKGWZXTGOQLFNKKBLLITJEXIQRALLOUCUZZZ
SSTABABEEFFDDCDLLKKPOPPGGGHIJJIMMNMRQRR
WQPNVXULWQLWQPQPNVXYLWVXYLYLWPLWPTNVXYZ
ZGHGGIJGGKXGGYRGGSPGGQNGGOTGGUVGGWLGGMZ
JNKFNKUBNKTYNKIDNKYGNKFINKCHNKFTNKRTNDN
TAABBDCDCHGGHMNNMRQQRJJJILLKKOOOPFEEEZZ
XPQKKXSWRMRULWNOPSTXXTLOLWIOUQIXTLSXRXK
UBCBBDQBBRSBBTMBBNKBBLIBBJOBBPGBBHEBBFZ
DKTDERBYJHXPETAMSASLVZTWWRTGGSLIAGPELVV
XZAZODFWVADAOUEAMDECCYBYOBRPRQBFFWRJTZZ
XXZYYXYYYYYZYZYZXZZXYZYXZZXXYZYXYXYZZZZ
RWIFJQGPNRSWHMGMGCQERWIIFXHPNRSTIBWFXHP
KEEAOVTEIZCBXWLBYOCQGUKUNDQWEYZRRGMXJON
YKHNSTLWDCKSAOWIYGNSLIVJEPMDVUEETDVEYHM
IMGGIHDHHIDIEJHIKMGDGFKGLDFDGIFLLJKMZZZ
ZRDSEZJZUVLTMTYYRPPGHIJIHHXNMXRZJNIZUNZ
KBSDSQTPYTYGVKWAUNCPCWSDKINCPPHURRHYFZZ
AXIJPXIXYXIUEXIIDXIBVXIOAXIYGXICQXICZZZ
TRBDZOBDVCBDAUBDLTBDXKBDZSBDFDBDULBDQZZ
CCECFFCCEDECECFCFECEFCFCEDCEFCFCFECECFF
IDONVPONAOONGQONQRONGEONTHONLOONPGONJZZ
STABBBJIIJCDDCQRRRFFEFLLKLOOOPHGHHNNMNZ
ZPZPHZKSYKOVKYJDOGBBWRTELKSMYZIVSLOSPWL
XYASOUXOMIGXYAOUXOTGXYUXOMSOUXYASOATGXZ
FQWPVQRONFJQFUWONFJKVVIOLIPWIMTETTLTEST
NXIXNNJVMSGTNXXVWUJQGTWUJLMSJQJLWHNNXVZ
DKSZKSJIKSXHKSTUKSBQKSSAZKSKKSWOKSKDKSG
EHGCFHKKEFDBIMEBMJBMLBEENNMKNGGGNJBBIMB
BSMMXIAHPOTGOLCWGSDVNBVBSOHKWCGRUNNLWGZ
DVUPVUSSVUNXVUPDVUENVUUWVUOXVUPKVUBIVUD
RHPJDGNQRQRHPRMGNNQRHLPARARMGPARMMGNQZZ
JMITJMITJMITJMITJMITJMITJMITJMITJMITZZZ
HHXEEOETIAFMQLDBOPEVGIGHLYRBTLVBOPESRLJ
MVPEAWJYZEPYQGHCUTUOAVBXRLFOWOJEJVWZZZZ
QULHVVYRVSOLJLLXKQBNWVBHKQWAOKBCPJLBZZZ
IRTOCRTJYRTERRTNHRTNIRTZYRTYDRTJIRTFZZZ
UBCBBDEBBFIBBJKBBLOBBPMBBNSBBTGBBHQBBRZ
HTSUXNBCYQKNBYWHYVWALLAJEFJDBWAJIVZGJVV
LPNINNNPNNIIJMQNONPIQHPOKOIILPIPQHNQHPO
XTEISTKNEGSQSWNTKAYNVBRMDMKJUNGYBSMYBNR
WXVWVZXZWVUZVRYYTWZQXWYTWUQZTZQXXWUYZUW
OWNDWNOYWNQEWNKEWNUAWNUGWNQJWNZIWNAIWNA
WYPLMWPSLOCYRECMMTCIBYVJIBQWPYWQHQGOXBW
WRQUIHRHDEZJGASNJPKGASEECLSXYJHJGASRJUY
DFEDFGGEGGGFEGDGEGFFGFFEDFFGFFDFEDGDDEZ
OOUVULUTLJNLJNVRLTLPUVSOTNOLOTRSVNNPOPO
QOVPIENBOKLWOJHITTUSRXOVULRNDDFJHPXYIDV
SAAAAPOOPHHHGLLLLEFEFRQRRDCCDIIIINMMNZZ
ADAKOZAKUHAKPTAKGRAKBJAKKYAKVFAKCVAKDZZ
TAABAACLAAMHAAIJAAKFAAGNAAORAASPAAQDAAE
DQXHQXUEQXYRQXKUQXCIQXKPQXHIQXFIQXHCQXZ
GHDWVWDVGHDVGHDFNEDVWDOPFNEONPPUDEGGHDW
EVBXHRMWUNDDVUEMXELRUXXXKVPCEFTTSLWPFTC
MLJOGFNPOBNEIHAKMJCDGEFNJKDAIFOGBJKDDIP
ONNPANNBENNFYNNZQNNRSNNTCNNDUNNVWNNXZZZ
RMLOQMQOORLKQOLOLNPMMSQOORKQOOQRPSKQRPZ
TBAACJAAKFAAGLAAMNAAODAAERAASPAAQHAAIZZ
RSTSRURSUSRSTSSRURSURURURSTUSRURURUTSSR
SGMMFKFQNJIRHKIKLFKHOPSIJHQLONOIONSIJHZ
SSSUVXYOQPWPOQPVSSSPWUWWUWTVTUVPUQVSURU
JDEGEKHEDHJEHHFDDFIHIGDIIGJFKJEJIJIEHFE
AZBQEYHPYSOKZQJXTUOUVRFPPGXRZJMKEJQARZJ
PMLNQNOMNONMMOMPQLQMMLQMOPQMLNLNMLNNQNM
BBABKKKKFFFENNMMHHHGIIIICDDCQRQROPPPZZZ
VMFXBKLOSFCIZVOVHKWVFNAHVHKGIIIUXRQDEEH
XQMKBKQFOQOQDSIXSPSPQLRDXQQLQFBKIXDSMCZ
UBCBBDEBBFKBBLIBBJQBBRGBBHSBBTOBBPMBBNZ
PLLGUDFPUPATDTNBPLLTITDNUKTUDFAFAESTNPK
BJIIKPIIQVIIWZIIALIIMXIIYNIIOTIIURIISZZ
UUJBDNOTYPSRRNBFUUMXQZZNOEHLSIINHNACZZZ
GHKMIKIVKLLLLRRRRRLQTVKKMSISIQTRLTHKIGH
EMCDMJIMIHJJMJEEHFMBAJEEHBFMBHAKCFMBAZZ
NTUKSBYEYZRWKUUXBASKQWCYWMIOCAEGYURKWZZ
KRPOKPRSTTKPTUKQMTPMKRQPKQTUQPLMRSMTLMZ
VQUVTRVURVUQRUQUTRQVVUUUVVQQRTUUUQUQQVV
VUTTPWPWUWVUTQRQVRWPUWSSTRVPSRQXWXUVPPX
ONKQJBNGLEAELESNRJFFIJEJHSGOESOIGOOAMOI
RRRTQSQTQQRRQTQQSQSQRRRSTSSQRSTSQRQRRRZ
ADUHBQHZXVWQREJJERWDTOPKYMEZITYEJHAJWHN
GRIWLTKFNJTALENJUZDEGSXXSMBPCMHPMHWWERS
QRXTBFMIEWEWPCGMNTVFMIPCGMFOQRBFVFCMFOZ
PXQZGYITVQJDOSLNHBEHTUPUJRAWQGXQYWUWNNH
PUJOROTNAVVYTNICCEROICAVQDUCVYDMPUCEUCZ
LAZHTZALYNFNXMZQUGFCQOLGTFXJDZKUWYFCUAJ
TSSBBABHGGGMMNMLLKKQQQQJIIICDCDEEFFOOPP
ZZWYYPZNSKLIRTOLSXRZJMIRXIZSNROOZRNOPLS
UNVGEAFHUHTOSEQRDMHTYPYPAUBIZKLECIFYMIO
UCDPTFJLRUCDPDPTCAIWCMUCDUFLFFJLRLFMGZZ
RUQTWSRVQVSWRQVSRSVTVUWVWVSRUVVSTUTVRUV
KPIOKQNQRIQGOOQHGJNNNHLFJPKQFQMLRLGMFJF
TBAACNAAODAAERAASPAAQJAAKFAAGHAAILAAMZZ
DNLMZNLGZNLTNNLWUNLJCNLTUNLPRNLKXNLFZZZ
KPKBPKSOPKRWPKQAPKNTPKUTPKKCPKZIPKQEPKT
APILTERNQEFDQXYVVOQZOSJSVAAWHTQJRXEBPDX
DNNULWNNDHEPEVNNGTGDRBEGKLDGPBPEXTGPLUD
TABAACFAAGJAAKPAAQLAAMHAAIRAASDAAENAAOZ
JXPGXPTQXPVMXPBRXPEWXPQKXPIKXPOKXPIIXPD
YVVCPNLRXWHWHLFLFFPVCEGEGRQOJYVRQRXFPCP
QQPSRSPTQSTSQQPRRRRSPRRRQSPRPTQSTSQSTSZ
ULHUMSRANVKAAQTAHPBSMPFMZUMBEXQYWILIZZZ
TBAACRAASJAAKDAAENAAOPAAQFAAGHAAILAAMZZ
GONNPCNNDENNFUNNVWNNXQNNRYNNZANNBSNNTZZ
LSHJSROLMJIMPMMUKNWPLIJUKJLIOLSHQSROZZZ
FFGMNFSGBJQOMBOBACEKQCACFFQCSGNFQOMBEKZ
AABXJJAGHVQXARGVCPBLEEKNMPEBMOMGBHRGICZ
BUKTNCKSTXTWFOPUEYGIMITBHRWCHZMGNHKOCZZ
FCACKNDUMLSIHAQLKZHYIMHHYOLHYOLCZVTDIVV
RSTUTVVQUSUQQVQTSTURTTTQVQVQUTTUSQQTQVS
PSGDDRLMPLQHJTRLDDPENJHLNTHQHILHITLRKEE
QQQNMMQQQQQQQQPMQMQQQNMQQMQPMPMQQQNMQZZ
QTTRUGUNVSVUQRQKPLTIOSLTIMJLSSNVQKKJTQR
VKAUSDAULSAUDGAUOLAUYXAUOUAUIBAUUEAUIZZ
RUKEPZGSASPWBOHYTPJESGRUXFAFRUKLDVFLQVZ
XKCLGFVXHFXOOQOXVJCQPYEJUINXTAQLQZWAMZZ
UFPDHGPAXOBZMARZDSLWTMBSQWYSZLAYZNXJEHJ
MILSGJIPMIMDCRFKREDWTCPYTSTIZYMTJHWMXEK
XZMPTTLMIKMWCFKTMYVJATNTTLRURYQESRFYBQV
SBHXAWGIQMDBXKQUSQJJWDUVUIXAOKREOOSTXXA
ABAAHGGGQQRRLLLLJIIJMMMNOPPPFEEEDCCCZZZ
JJJIJKJKKIKKIKKKIKJIJIIIJIIKKKJJIIJIIIK
EGLDEEAAJFJBINAFHCBDBLAHNJFABKGGCJDJHJH
OQQOOQOQQNOOQONOQNOMNQNNPPQOQNOONQMNQOO
CMDCFLNLFINQFFIFFIICMDCOOPQQFFIDNMCFLNL
MQXYMLZCIEOZRYBGNILPBHBKVHPGLLGENIFZFEI
HGLXSPNPDIJFGGKSZJBIQJPHWNXCAICNXDGHSNT
TTSABBBPPOOIIIINMNNKLLLGGHHFFFFCDCDRQQR
NOOPPNPPNPPONOPPPPPPONNONPNNOONNNONNPZZ
JQOTXVJLIKKJSMIKJLRUIXVJLIVPVJLRLIVPZZZ
FVBKQAVLQNNABORHRDHLGWNDRFOGJGNECDCCZZZ
LKKMVKKWPKKQNKKORKKSBKKCZKKAXKKYTKKUZZZ
LEXFWGJUNHPJJUMRIUIUKMKMJNWGMRJNJEJEPJZ
YXWHWBAGELXBZLONRACXVZNNNJZCJLRLLCFGZZZ
WVKSGIRMELIIHLHLGFVVIRLRHELLGWMXYTKKTVW
SWUUVXXMVMWXOUXMVRUXPTVXPRNSWWWXRXOXTPX
DWLXPRRJXMPRRJGLMJULRWRWUFLUDWMJLUUFGLZ
BTEUPYHPYHADBTEZJDBHADRYHADJDBTTEUPEUPY
LNGYBTVVLGUWLAVBJFNBJTQTKVKHTTKIIUCVGIG
ONNOMONNOMOMMNOMOMOONNONOONONONOONMOMMZ
GKHPRITJVLPPLQORNGGONORTNTKKQTLGNLJGKGG
JPJOORBJKPXNOGVNMMFGOVUBGIFLEFLJBGICYKH
VWFDSQYKMTPMGWEJPWYYRBVYUCTZKYMEJGJYFYX
TPOXYPXSUQWWWSOSQUQXYRPQWXSYZSTSSZYPYYS
AVHRDPEJJBKVLUJXFEDGIROFGQOEJUBIZUOMSLM
KQPQPLKLQMMKQONNPOLLPQPKQQPMONKNOQLPLMN
DOTJPJROGOINNJUREEUUUKPRDUOISTGUFQNGNSR
BCRGONBMQQCBGAOQQCCBRSDHBCREHJNCCHGQQCC
UNQITYKMDVQCJFTFFAEKXFIRJERUKJXFEGSVONJ
DJSNFWGCVXECFBXVBRVPKFDRBDRKFCOWDPKRJZF
EPLEMVSDTMKLXPBVOJNOVWSMEPHHRAPHLXPKHSL
MRPNKTMHLRMOMQTNNNHJLQOTPJKFKLGMGFFGOOJ
VVXVUVWXUXVUVUWUUVUWUUXXVVVVVXXVVXXXWVV
HQXKRHZTICIJATOBLXYMKDNDFMUFYQEMLSSDSFT
OCRZCRPKCRLSCRCICRNJCRDOCRMAKCRQCRBVCRJ
LMZZWBAXUSGQBCBIONMXFBRBKPYOYSUBEYEJTFD
MMPOJNPIQKMMMINPIMMMPOJKIJKINPOJKKINPZZ
SRTWLBTKBTCCGWEMITWXNBFUPJGJWGOXRBWBWWE
CJIJRBDGGZDPKTUCGKIPPUUVYMIGJYRMCCJNHCF
UVDYOGRHHFAJQRPTYJNRNPYZBZYOEMGPMQCZBZY
MYDYWLBVAHJGENXMAQTXLVJJHJOIFDXIPCLAZVK
QQOPOPPQPQQQPPOOOOQQQPPOQPPQPOPPQQPPOPP
NMGEJNHSLMLJFJJGENQKSRFQFMOLLHHMNRFLIZZ
TAABAACHAAIRAASDAAEJAAKLAAMPAAQNAAOFAAG
SSAAAAGGGGPOPPFEFFKKKKRRRQJJJINMMNCCDCZ
JHLIGDOBSOZFDRXYRSKAQRSYKATCNCDLIGFGLCZ
UXVXXWWVVUVUUVVUXXWUXWWUUVVXUXXVVUUUVVU
HHSFHSUQHSUQHSKYHSJWHSEEHSODHSTIHSGGHFH
GFJHIFGGIFJGGFIHGIHHGHGGIHIHIFGFHHHFJHF
LPQOBPQECPQFAPQZHPQBUPQEAPQYMPQEOPQGZZZ
TUKAQTKGQJBRUQYLMMIQEHSMOUJBRXONMJMDMOU
NMGLNHQPQOINMHOINPQKHQPQKQKHOINMGKHOIZZ
OWVANAPXCUEWAQPYUMWVQBIDNQDXMEEANAPKDTH
JSMOOKQVOOOQTRVQJSMOOOKRVOOKQJSOKQJTRVO
NJPQLJMMOLNHPPNJQHHMIQKPNIHOKMJHINMNNIP
XGTVRJWWTHXIZXTXWVITXIXOUVVZYUGGNJOXXMZ
RHYOKNFAZFJHWRSULDTVARLGAZFBTWMOODTIRDA
ESFALPMTXPXEVEVCMFKTDASFSFAKFCOMXACEMCU
VHPVJQUTTVVQTSNIHRSVOGHQVLHIIUVVPVNIVUZ
KOCAZHDLYTFBLSQSRTWHKHHLNAZSOWSJXTBNHJX
MRUGUNEQESNFGJRGKQGLPUEKQGEKGLEOJLSPUTO
GRJVQITMGJULSHGUGJSSWSXLJGVXWKLIKXMVGHI
SNCIWUFVGUCTKUIUSURQWKJRLRBVROCIHNYTJEZ
PPNPRRLHLSSOIMRLUPPQHTTLSQKQTJTHRLSSZZZ
GFEGDCDCGFGDEGDFGFFCDFDFFGAGAEBEGDEEBGF
TPZDNNOIXLACECQIOHOIEACEWFCLLFUZTPZSEZV
RXLTXLXUXLDPXLHGXLTAXLOJXLTAXLORXLXLXLG
DSPUEVIHQHSASDZOGTRRURRWVHFVWVHYBCSMYTV
YDEICTKLILEOZJZZXWOSDLEOZZXZKOZDJEMWOZZ
LGVJNHKOWOWOIJWIKONTPJPJUJNHWIIJGUUJLGZ
SAAAAOPOPQRQQLKLLMMNMIJIIHGHGDDCCEFEFZZ
TAABBFFEELKLKJIIIGGGGDCDCNMMNQRRQPPPPZZ
RCQWULQWBHQWTQQWQGQWPUQWOMQWTMQWCHQWWZZ
EYSAYSXBYSTYYDYRYSWDYSNXYSJUYSTDYSHKYSJ
GJJKRNLLTXGXWHYHGYXGPRZZZISSUYHHXUHIXGG
JKHDOKHQOKHAFKHHWKHKFKHPHKHHAKHVFKHWZZZ
TABAACRAASPAAQHAAIDAAELAAMJAAKNAAOFAAGZ
ZYMMYMCUYMTZYMSJYMDZYMSHYMVNYMNGYMVMYMN
FQURGFDVRHTTJTOUSSKOHFFKSDOOKOFFVNUFLEF
HIIFKJJIGIJKHGFHHHHIKFJKKIKGJJJGFIKIHJJ
CAABCABCBACBCBBBACBACAABCBBCABABCBABBBC
BTMBHQJHZFHGKFCJYKSKJGALLHYHSGSJEICIZZZ
HKXVSXJCEOFMGQWXVPPQCWEYCJWIHWIMYXKSLZZ
QPMOLZMTTJVUMBVRSKMKOWVOSEIKTOFMNKUTLZZ
PTVRTPQPVRVPSTRURQVVPVRQPRPRPQPVUSQQPSP
XLCALCLOLCWZLCKPLCFRLCBDLCWGLCTYLRLWLCG
MWHGLKOQZEUPPEAUREXDAWLFSULUREXAPDRFOGL
SAABBNMMNJJIJEFFFHHGHPOOPDCDDKLLLRRRQZZ
WEDDFKDDLUDDVQDDRIDDJSDDTMDDNODDPGDDHZZ
WWYVVXXYYYXWWVWVVWXWWYYYVVWWYYXVVWYVVZZ
FSSWWRZHDKPDGIHHXGWGUOUSLVXGOODSLVXKBUD
GNNONNPYNNZSNNTANNBCNNDUNNVQNNRWNNXENNF
CVTZJGUZVHEMCVVHSTSTYRKWEMTICMJGUZYRTIZ
QUPTUTJKQUQVJKIRTOPOQVTOSJSJVMUTIRIRPOZ
NJPLPOLJLKNJJNLJPPNPKJJLOKLLNOOOPKJLLNP
KKIPXUBLBESJIECXUBBIHNWFQQOMUJVDUIFGHLR
JNDGTMVKKKFBJVIQYYEVGPSOOJLJVLNTPYCGFTG
APRRXKJJOZFYISJRDVWTMDOPFLFTTUMZBDWFJZZ
QKJPMRRWVKTGLLKGDHWVURGTSVVKDTQRNJPRMWG
KKJJKKJLJKKJJKLLKLJKLJKLJJKJLJJKLKLJKLK
NVQRTZSSRXMNTOLTKSNLPORMJOTUWZYYJQTTTUU
TBAACPAAQJAAKHAAINAAORAASDAAEFAAGLAAMZZ
TBABBFEEFGHGHJIJJPOOPCDCDNNNNQQQQKKKLZZ
ZCZXOXRGVRWTBWAEJJUVZGUZBQCLGFXFTJSBJKR
PPVVURPLPKSLUXWMKRLNPJJNZSPKVSXKZVSRIZM
SUJSRJVSSUNVSUJRJVSJSSUUJSSUNRKJVSUSUNR
SABABLKLKIJIJOOPOQQRRHHHHFFEFDCDDMMMMZZ
NPSJMLLPKHONNLMFPFFNSNEKSIRLLISGMQHGMRO
FJBIWMWODSHSBPLKLPBPWOCBFJLPCBMELKWMHSZ
HJNGTOEHNKJOWLYUROFBGEWDIQEBENWXAHUWGFP
LPYLPYUWPYKNPLPCPYNEPYHYPYBRPYKOPYVNPYV
IHJHIJJIJJHIHIIIIHJHJHIJHIJHIIHJIIHIIHI
BBBCDBCBDEBDBEEBDCCEEDBCDBDCDBCBEECCDBB
GHODLJOEIHOFNDIOEIOHILKOGMJCJLHKHGGEKNZ
REAGMUNVUANJZFHVYNJIPZEEKKNCDTXKSIHJPEK
IUOYGIIZEZQOEOHDQQJRDYYIKHGHRPYPRIZJOGZ
OMZAKXSWDKWWWNFLTUNMAXJTWUWXVWYJJUWLXQZ
TSRPOSSSQTROTSNTSPOSNRQTNTONRORTSSSPONZ
SABABPPPPEFFEIIIIDCDCMMMMLKKLHGGGQQRRZZ
LNNLNNNNNNLNLLLLLLMLLLNNLLNNLNMLMNNNNNL
QUPYXWNPQVRYXWNYXWNTXKLYXWNNMQUPRTXYXWN
HGPENRFSWVOVLWVTJHODVUQGLOFVLWVVKKPLOXN
CKJJLSJJTUJJVWJJXYJJZOJJPMJJNQJJRAJJBZZ
HRHPCGQDLGGQBEGHKFQQKHQGRQHGPJCHLEHQFMH
SWQOQMHJFQOQFGHLUUTWMIUTWCSWQGHLUFNFMZZ
KTXBOYIQOHJRCSYAGQVDCPTOOZNFHYXTWVCYXOQ
ROGBDIAVNZDYXPGCRTBMGIKDDYVWAITIYNFAMZZ
NMUQVJLMUQVINMUWINMYIMNNWINUQVJIMNWMNWI
IROEROUPROPFROXAPROLROBFROTMROKJROTJROU
BMTHIJRQPBMOQPBPBMTIOQPSIOQMTHITHIJLSIO
TTBBBADCCCQQQRMNNMLKKLEEFFPPOOGHHHIJIJZ
GBRYHUEUBQCOIXABQCSUQTTPNMCVPZQSGFZLFSY
UTLTBUXNFUEXKQDFDENXORXEWPXDITVVPQWWLOF
PTLVQIIPTLHIPTHHIPVIJHIJHHJHHIVQIHTLVQZ
WSOQOHCFCROHDCFMNSDCFMNSRTRTDLCREKEKWSZ
IQPBQPLVQPYOQPRHQPBLQPLNQPVSQPLQQPJEQPH
HTLUFFNPQTNDZINXKJCDHTLXXPEENOAYAYNLTZV
ETQRSEFFPKOJWOWMHGJWOWEKUSCCMWNNBSROLUM
NKKKGHLLIHLNNLKJNGHNGHJJKLILGILLHIJMJIK
KNBLAVIRXCGDTPMAXMZYGMROKOCMEBXJPIEJZZZ
QSSQSRTTTTTQSQSSSQSSQQSTSSTSTTTRTTSTTSS
HZSDRWEZOOSZNZWJGBKZPBPWEJOODKVNYNQTIJI
QSYRSYRWUXXSSRURSYRSRSYSYXWYXWUVSSRSRSY
TLMPUPYFZYLMNOCUULUHXESRGRMHYORITLNSGIZ
LAZNCQKAHAUHBHFYUUTRKFSSHUJSHUJUMNCKYDP
TMAEMACSMACRMAHAMAJGMAUZMALNMATYMAJBYMA
IVZEVZTCVZLYVZJJVZHIVZFPVZKHVZTFHVZOVZE
STTBBBAGHGHDCCCFFEEQQQRJIIIPPPOKLKKMNNM
RNTKLTPJSJNOJSVPRLVUTOUNVVRTNJVRVPTKURZ
SUOTRVVOUTRQQQVOUTRQQVQOQUSVQROQQVQSOQU
IOGEJFNKRNOPQNIMOLLNMKKOIMHLIGFHNGRRHEM
RJEKYYDEGOGOERUSBNJEKYQWYYLPYLGLPYDEGOZ
HGGINGGOPGGQXGGYRGGSTGGUJGGKLGGMVGGWZZZ
NWLVMQTLNWLNVVMQVUSWXSMSNUNUTLXSMSVVSWZ
SSBABAEFFFNMNNIJIIOOOOLKLKCDDCHHHHRRRRZ
SIDPPQWJNZISEREHIRFCHFAHXEJSUTTTGMJSFLP
XZXLTPDDXXDEPGTXHYKQFEHMBBZLKBJZVZKDNJZ
LLIKJMMPRHLIKJMQPRHOQPRHLLIRHLLLIKJQOQP
PJRTMRTENUSPGYKFWDSMFXKJKTOPJRTPFLVEUEN
RKAWVKAZVKANFKAAFKAECKAWKKAQNKARYKATZZZ
FRPXRZWIHCPMGHGADXLDRAIUCIBTDVRZSTIOQGZ
ZETFOBALISSPMYTMYTDAREQINUFSDYZWDXQULGP
OSQOTZQPXXRSRVZQUXVQTVUZUSNPVZQMORNVYUV
SBPXTBUAEYBDASTKVQPEQPQTNFEVPEFPIOPEQWH
WDDEDDFSDDTUDDVGDDHODDPQDDRIDDJKDDLMDDN
KZCLUMCIJSUTCSUSSMJUYKVCJYTKZCLJZJXGZCX
CBBDEBBFQBBRSBBTOBBPKBBLIBBJGBBHMBBNZZZ
BBBBCDDDOPOOGHHGEEFEIJIIRQRQMMNNLKKKZZZ
RURQMURRPPRTTMSSQPSTNUTSSRRQUTQTMQTRSMU
OTXVQXXRPOQXTSXONNVXOMQWOUNTRQPTOOWQXXN
ESYUXVOTSWXTWHGBOOZSKUKNIBHAXJZZPNFTZZZ
YRTNYURYWPYQQXMWRXOOQXQRRQYNQTYYXWYMXXN
HOOWZPNPLVTBHBPSYJGGOOMRNPNPNZZYCSCFIAZ
BCDBBBBDDDCBCDBCBCCDDCBBCDDBCDCCBDCBDCD
FTTPNWPAZWGYBAXUTBKMWZZFKQANPUXBZBVTLWZ
GILGJIHFFKHKHMGHKGIKNHKMGGJFNKFKFKNIHFN
VDVZBTYGRRPYTJAILJJKNVJBGYBMGMEIFZFTMPH
ZFELQLRSPXHJCOPKAZFUYTJJTYLKCSGYVZNURQH
GFSOTSTWCCHELUJIZJGPDWCQGLWMASWZSNRFZZZ
MIKFPDJJDLEEGQGGEORRRHQJRSRRPMMQNQSSPON
WVVDSTUBYQPUYSOWMDMNJDAFJRHSTUHNMCBNSZE
FEJGJHILDHGLKELIFLKGGEEHIFLJCCCFLKELKEL
CJKYHCPMFFBHJMCUDUNPGLPWXIZOXLOULOWCJAH
KNFSNFJDNFGDNFCXNFLUNFQINFGZNFYFNFFSNFJ
KQRLFZMVOBPYRHOAXPZDYGJQRLAUAXEXEGTSOLC
EBECQEWEWPNAYVZPUGBBLWHESIKFVAWXYAIFAYR
SWPOXSSURXSPURTOPPPTUQSSWTSSROUSSSXXSSQ
NMMOXMMYRMMSZMMAVMMWPMMQDMMEBMMCTMMUZZZ
JMXBDRYVESFSYJXTPSPOXZNRTUHRGQJVTQMQSYJ
GAKIAKSLAKSXAKDNAKROAKQFAKJPNAKLAKDVAKW
OIJFEHQHQFJBJOIIJFJJOIJJBJOEHQFQFJBFJBJ
KSANLJSBEWJNIWIOQLTOMZXAHHIOBEWEUXHYSMG
TUVRSSRUTSVSTRURTTRUTVRRUTRRTSTSSTSRVZZ
IPQPPRCPPDAPPBUPPVWPPXSPPTEPPFYPPZGPPHZ
NPJGMRGRIGKKISLSGRISLLSLSGMRGNPGKKIGRSG
NXNASZJJTPUSTQTIQLXCPVXLKVLOMECBKYODFUI
HBBBCMEAFYWXPLUNHBKEBGRNHBKASWXNVAMTPHY
KEHFHGQMYCEWOWEJQQBZKURURFZOYWORLGAUDPF
NPNFYFMNAMRZTKMPZVXAZXIXABSWALFEBCQCQIL
SAABAMMNMKKLKRQRQCDCCIJIJPOPOHGGHFEFEZZ
AFAGFEKGEJEJKIAJBHFEAFKIAAFBKGAAFAGFEAZ
VVVZYUXXVVUTZZSZWVWVXXVZSZYYUTYUYYZZUSZ
DSLEBRCIOZFRBLCGWYVCGIKBIKPCYFRBNUDYIZY
QSRTUQSSRQTSRTURQTQUQSUTQQSQTQQQQSRRTUQ
JBLAHGBDGEGJIBCJEFJFHBAIIEGEBDKKBGBGJCG
RNPSTNOTRTTRTPQOTRTNQONQOTSTNQNPSTRTPRZ
VLTMLTLALTCRLTMGLTKNLVLNLTIOLTUELTJLLTE
LLMFTSWKJTNYJOJGYZEJBCATITMPQNHCBYRUUCZ
KMRNKNLMPNRRKKMQQLRKQNOLNNKROQKPOOQOPPP
FSNXSNLDSNECSNOVSNJMSNIASNAZSNFMSNMMSNK
PQWXRWHWIKLHWMUVRPHHPSPLXOKUIRLTUOVLRWW
GRTZDRERKYWZQKFDHSMNSRYHINFXOAFENOFTZZZ
NMMODMMEBMMCTMMURMMSZMMAPMMQXMMYVMMWZZZ
JEGCFFIHEECCJEDIJJCDGCJFHDHFJCFICHFCEBI
FRLGNISKFELEMBCGGIJPTLFCRKGJTERLDJPSJDK
WDDEDDFSDDTGDDHQDDRKDDLIDDJMDDNUDDVODDP
XQCMKQCNPQCAOQCHLQCPLQCTPQCBYQCMUQCKZZZ
OUFPKTHRDHFUTKPQRGIFMQUMMRRUROOIQQUHLGQ
YYXWXWXWXYYWYXXWWYYXWYWXXWWWYYXWXXYWWWZ
WVRNRUNUPROOVRYTUUONTRTYWXUONXNTNOYNUQT
MLBGDRQSHOJKMGSTKRMGGLMGKMGKTSGMGSRLBGG
CGEGKODOKOFKFBIHNLLHLEJMOQJDHMLMOQJBCOB
TZZTZUTWWVYUVVVVYXTZZTUTTYWZVUWVUUVWYZZ
TMPQLPIPKJQMJIRSQTMQLPISQTMSQTMQLLKJIRL
TSSAABBHHGGNMMNRQRQPOPODCDCJIIJKLLKEEFE
TEYKSNEGBOJRYVDSKKQTCIAYKFEBBEOCARVMOUP
QYPSTGQQLJNPEBSFMBEEJHXNMJPTGSQXTWAAOTT
GHGDEHFHHGGDGHCEGFECGHDEDFFDEHCCHHEFCGH
CBBDIBBJOBBPGBBHQBBRMBBNEBBFSBBTKBBLZZZ
ABBACDDDIJJIQRRQOPPOEEEEKKLKGGHHMNNNZZZ
USUNUOPUSUPTNRQTTUNRNMPTNRUSNUPUSUUTTUZ
JVSPGXMZXVPROHTYMRTTGMKMNMYTSNZPQORKWYM
IBJGQWVOBEBXSDUBSWKKKWXVUMOKYAIUSJUUEQA
DAMCWNFXPXPJNCWPNMCWPWPNFDDAMPNFXFXPJZZ
SMNMMKJPQQVGVMQLJKJKSMVMPRQQVGPRJPMKQQZ
TAABBEEFEDCCCKLKKGGGHOOOPJJIIMMNNQQRQZZ
SBBAALLLKCDDDEFEFQRQRMNMMJIIJGHGGPOOOZZ
TAABAACPAAQNAAOJAAKFAAGLAAMDAAEHAAIRAAS
TTAAAARQQQHGGGDCCDOOPONNMMIIJILKLKFFFFZ
RQQSZQQAFQQGTQQUHQQIXQQYVQQWBQQCDQQEZZZ
TTBBBBPPOOKLLKGHHHMNNNEFEFJJIIRRRRCDDDZ
XHTAHTCYHTWOHTNUHTHIHTSFHTLIHTSYHTNMHTZ
TBAAAOOOOEEEFMMMMCDDCLLKKIIJIGGGGQQQRZZ
NDMPVGQKVONJDVGQPEJRDNSJSTRSRGKSRUJKTQS
BYKRYKKMYKIAYKJYYKAFYKZZYKPVYKBSYKFZYKQ
UOSFNLJKRPRTMOFHNOAPHVOLBATOPVTPMRRYFJZ
RFLZFLWVPFLJFLERFLEPFLMVFLOPFLVTFLODFLP
FAFCGISSUERJETOUEEHLAORUXKBAATKMFEGOCZZ
RQNABFBIACYOKTOHTLIGLPWLCONTPMJQRRQGMEG
LPOMJKKQKJPNNNNNKJRJRQLPLKNRKLLKRQQMQLM
MSGFRNWMWBBZCEKWCLBUUPKQIPVNSJZXPJDPZCE
TSBAABNMMNIIJJKLLKQRRROOPPEFEFDDDDHGHHZ
BJIIKNIIOLIIMXIIYTIIUPIIQZIIAVIIWRIISZZ
FIDGHDJKJBGJFKJGHKEKDEKGFEFFCBKBJGGECDB
GEDDLLAJAAENMJEKEENMDJAIDGGANAIDEECBLZZ
SBBBAJJIIDDDDKLKLHHGGRRRQNNNMPOPPFEEEZZ
LJMKONLMMNLMNLKLKMKMKKKMNLKMNLKONLIPOKL
UZBZZBNHZBCSZBVWZBGPZBOZZBGSZBVSZBYVZBL
TABBBJIIICCDDQQQRGHHGOPPPMNNMEFEEKKKLZZ
SJWPJXKLHTHXSUQIDCUIJFJLCTOWWADZXREKZZZ
KJICGLLDBBAEHBLIDEGHFBFHHFGGLLADEEECGDJ
TVTTRRRTVRRTVSUUUSVTVSUSVVSSVVSUSVVVSUR
SVJURKCNNLVBKQAHHNEVWPDWIMHGJGTHFRHABBL
TPEZJULGOVUARUMMGKBCJHDSLMNCQKHNTZJZZEZ
JJFMJFGZJFRTJFEWJFKZJFSMJFWNTJFAJFYJJFC
HHFCEBFBFGDBDHHHHHFDHHHEBFGFCEBHFCEGBDH
PCKTVJQQMFPOIPLMCJOJCNFFWXPFKVMLUFTPOEF
MTLASIUNEYRHNXUUWCEFTQESPZMWCEZVYOOMMKB
PKMKQWPKMPPNWMKQLTWPKLPPNSTWPKQLPQLPPZZ
VDCCEPCCQLCCMNCCOFCCGTCCUHCCIJCCKRCCSZZ
TKNVIPXXLMQMLVTNVIPVTKNPXLMIPXLKNVILVTK
SSSAABAPOPODDCCQRQRHGGGJIIIMMMMLKLLEEEF
NNCGFHKMLCLCBEBOHILBFKMKHKOLGBKKIGCNHIN
GETEEDPOEDMYEDWSEDLAEDHCEDZUEDSTEDEYEDQ
TTBBBBIIIJMMMMHHGHPPOORRQQDDCCEFFFKKLKZ
IHTNFMEVOAFHXUMRYTTULZURPTZZXZZEAEIIZZZ
NQUFGUHTZQSXCSVRIYEHVHRSYOUEBLXUPDNLTIT
UUGIQHQJMFHJMFHQVLHMHJLQFTKMVHHVFTUHHNK
TSSABBBCDDDHHHHRRRQKKLKIIIIFEEENNMMOOOO
FAFDPRHQABTHLBKTMNPFJSPPLLFPMJCFJDFKPKQ
DTNUUTUQMWJGMTKMPJTQBRWZXFVXURKKZAGIPZZ
GIJGHHIIIILIGGGHHHHHKKMGIJGHHHHGJGGIKLZ
PXQOVPUUTPOPYUTYWTOTUNPOPWPUUSOZXUTWWZZ
PMDUMDVCIMDIMDERMDZJMDIFMDRQMDLMMDEXMDC
AABAJJIIEEEFRQQQHHHHNMMMCCDCLKKKPOPPZZZ
TJLJHPIRQLOSMITVOSRQQMQLTVMITJQMIRHPRSZ
KDCTEDFXAYEEEKSZNRWDSKGSNCWFUEVGWGJEVIR
BABAFFFELKLKPOOOIIJJDCCDQQRQGGGHNNNMZZZ
SBAAANNMNGHGHOPOPIIJICDDCEEEEKLLLQRQRZZ
XJITXJIMJFUFUTXHPMJUTXJJITRJFUTITRMPMJF
AHIHHJMHHNQHHRYHHZUHHVKHHLSHHTOHHPWHHXZ
SCQVNPMTRMZUSTJULPPZLGONBDOGSNKYUOWJLSZ
AATZGYEKCYLAFIHGIITEGDNLKCYMKBARCBXEZLD
TTAABALLLKOPPPQQRQNMNMCCDDJIIJEFFFGHHHZ
SEIYOSENLDUOENLOWLGLGYOJDKFIYOEKFJGJGOW
JQUPTTUJNTMMTUJUTMQQUNJQJTNTUNQNTUTJMTJ
UFPNIKPXRBKEUJOKXPMLAICUXRZEMFNZKIRNBMZ
JKHIGJJKGGKHLJIJHLJGJIJJKJJGJJGGGJJKZZZ
BHAKCHPPKDACJOLIICBEGMCPPGHHLIELEIIAJCP
WBAOQMJLTDILCBLIWXNNYOWJIOUURNLLWTEZWUL
KHHGQGGNFDPKQHUZNJHBZKSVWVCXRJBNJHJNIPK
THXWHXWUHXXZHXTKHHHLHXBOHXXEHXKHHXZPHXM
ZSDMKFXAKMAGBPXWFVQERZFSVHOYAOUEAFFDTAK
SFKRXUGSMDMKLFMEXVCLBSLQYYBVFYBXXNCQXXN
USSSVSVSVWVVTVVWSWWSWTTVUTSWTTUTUSTTWSZ
CKTTRALFYNNJKEYRGZNALTBWNZQQWOZPLYGALZO
DHLCEEFFIDGCCMEEJMJMHJHJCKCMFLIDDHCKGCZ
PPJPAVEGROCAUDOUQGWLWUVZPWBZOWXCRPPAOJY
KOIGWDBHMHDAQCPANJDUTKJVHMHHLHLNAMNQXUZ
MTLVSPQUQETKUCIYUDHBPEAMDEZYCMQCAQNJYCM
HCGGBGWDXUZIMRPDKHDDMHWJALNSVIWKMGMSSWV
SSSBBBAIJJIRQQRFFEFDCDCHHHGPPOOLLLKNMNN
RLMTNHVCEYGYEYBDLQGRBEICZFLSKYERHWBMXXV
URGLFKFGPXKQVDVKFUZMQURXKURUZGPDVLFGLMQ
LNNNLGLLILILNNLJILJIGJIGLNNLJILNNIGLLZZ
FJIIFIFHFGFGFGIFIHGFGHJHHFFJGHFJHIJFIJH
GAHIWFEBADJKXQUMMMZSFBKXBLFWHLEYLVGUBAD
AHIHHJUHHVQHHRSHHTKHHLOHHPYHHZMHHNWHHXZ
CBBDMBBNGBBHIBBJQBBRSBBTKBBLEBBFOBBPZZZ
SUZOAAOUKHNGALLIDRBTOMPGNGVDANFTOMPOGVZ
MFEQTCPUPJFGHUPEQVVVVILYLMFJFQTPMGHCPYL
ABAALKLKHHHHQRQQFFFFOOOOCDCCIJIJNNMMZZZ
HCKEIJLECCIIKDEEHIIIEGDFLFHHKEELCJEDELF
OKPBRCUCZHWRXHCVEXTHPXDEEOOLXFGJCZHKTNU
KZCMJGVNQSNTPRWXYMWKHMVQCBSRIVDETPRLPJS
WODQYCKUOCQELJXQHVYMQYNNKJYJLHRJNOKCNZU
KLFAIHIHDAFAIHKCICIEFKIHDAKCICIEFKAKJIZ
OEYIQXGAQLDSEANRSDWCXAIRNNZMVQDGNLMVYDZ
HOHSJITKIKERPOHOHPFJHOHOHFJJKFJJKJHFGZZ
ZYKFJTOJZCIOKZGKRVYPPTXPPTXOESXTFJROONE
HRXGFIGSQWTHCFJWWNEQOXIOWPHIOPWDOMOCQJU
ABAAQRRRJIIINNNMLKLLPOPOFFFFCCCCGHHHZZZ
HMNYNHKRNSRXCPZQBLDAYHHNSTQAHEUDJSDNTWZ
IYPQGNWUKRUTEFWHOKTUVJHVKNUEHYVHKFHWEIE
RVCMMFIFUJLIRAQOBURSKZNKZNBRACMBYMGAYSL
ESYESBFUJXUXIXPBYHTDDLBRXQXBTRMCTFDBWVX
XBREEYRLCYJEQVTPPADDIDOFWTPALHEUGPNDXHB
EDHFHGDGDEDDEDHEGFHHGDEFDEGDHFDGFHGDEGF
DCCETCCUHCCIPCCQNCCOFCCGRCCSLCCMJCCKZZZ
FGINWBRTNWHQIQHMDZBTDFXGIQGEIFGUGJQFSDA
CABLXBZZYMWYGPXFPDCHEUSXQNGPUTRAUOXHEZZ
DGGNAJLLPGHOPIBBOREHQOHOQKDEMEDNRFOHKEO
DGHIHILKDEMDDDELJFLCINMIILIMGNDMMCDEMIK
CUXZVYJMUVKMQUKHCXOKSXCBKYSNNVHUBAQLCIA
TBABBRRQRFFFFGHHHCCCCIIJILKLKOPOPNMNMZZ
FZONSOLYWODXBAZGCZRYWVMHWCDWCDUJLBHPBAW
CKJBKNIWMUHTKWJQTHEYKMHDSIAKJBSBXJMYBHY
DJRXRXVVBFMQSPXWOPPVBFGQHXRWEXMTFIUJZAU
HGGIJGGKVGGWNGGORGGSPGGQTGGULGGMXGGYZZZ
TSPUTOWTPTSSWRSRPPTXWQORVPXXXUXSUPRWQPT
JKKLKLJLILKIKILKIKILJJKKLIJJLIKKIJLIJKI
XUXQWNLKLUBFWFLDNOLZXULUBFWFLKLULZWNLDZ
AAAAMNMNCCCCKKKLHHGHEEEFQRRROPPOJJJIZZZ
STAABALLLLOOOPQQRQEFEENMMNHGGHIJJJDDDDZ
TSSUBSSCFSSGHSSIVSSWJSSKDSSEXSSYZSSAZZZ
ZKJKFUQFVEEHCNPJCTZYFINKJKXFXJFJSYMXRKT
TLHOMNUJQRONFJQFJQRMNUTUTLHQROMROMNNUTL
LZZZVEFVHXOHFQPQMREIBXWDKJYTWJHDDKJMBXL
VPGNSTRIULFFVPSTRIULUTSLHINSQQQQSLUTNSZ
IHJIHIJHJIHGGJIHHHIJGJJIIJJHGJGIGIHGHGZ
PFXOUBLPFPQTHDVHDZOIJGIUZLAEBUNVMWLZQAG
BAACNAAOPAAQJAAKDAAERAASFAAGLAAMHAAIZZZ
ZHGGIJGGKVGGWLGGMXGGYRGGSPGGQNGGOTGGUZZ
UONNVQUTYRXSWUNYTNZTKPITQMZNVPQZTKPPRJR
VDCCELCCMRCCSPCCQJCCKNCCOTCCUFCCGHCCIZZ
XGVJAJBNSUVZPBWUIDYHJJINAPPBTLHGRWJWAOY
SIPOHMNMSKQSMLQPQKJKKUSQOSGJRMMQPHKNHVP
YOVTVVXCMGYWHTILZQGSJDEFKSEUJUKRIUVZZZZ
TQFOZWWVYMTSZFDXMQGPYRMGHLGPYEDFAFHEZZZ
KUSRODMHMEBGWUUEKKRUPBHBJNKHLWGRCHHMDID
ZPMNLIBQJKGQIZHDGRZZBGGPXJGPFOIAWRWWRWW
FRGKJWFLVRURSKEZXEXRDOMJBUDATHXDFCBFRGK
THQZPFHIXOQEBMFKAQWTSZKEBMFKDZQQKYPYHND
OZCTHRHCPYHSKDHRHQFZZYBIENLDVVOUZWONFUF
QJSIFZHOXHYNUKDRNPAIBJLXDADTKMYPGYSMZIE
KRBZVDWSQOIQDWSBJXQODWSBSBHDVRXGDWSBZZZ
XPFKPFAOPFFWPFHXPFKPPFIKPFPOPFTKPFLZPFO
SMOTUPKSMKSMOKMTPTPKSLSKMSKMTOTUQMTPKZZ
ZHGGIRGGSTGGUJGGKNGGOVGGWPGGQLGGMXGGYZZ
AEDBACECDDEEBBBDDEEECDDADDCDCBDCAEAACBD
ATKKWBQGZKAIBEYMOLNQMKENOFDKOOROORCZZUL
EKKFGEGKJGJGHGHFIEJKJGJGIFJKGEEGFKEEJFG
SSTBBBAHGGGKLLLRRRQJJIIDDDCFFEFOOPPNNNN
TBBABIIIICCCCGHHGLKLKQRQRPPOOFFFFMNMMZZ
QQRSQRRPRSPRPPPPPQQSPSQPQPRQQPQRSSPRRQQ
GFFHMFFNKFFLQFFRUFFVSFFTIFFJOFFPWFFXZZZ
TPNTNTAUJPKRETTNTARETPTAUJNTAUETPNPNTNZ
UQLCGSTZTOABYWIMUSNCIVJENZQDBKAWPXVDPXL
BUPURSCDQBIPSAOGFRYMXGSRYOVAWOCGASDGFBE
GNKELPLLGOZWSPFVVSEUEKBQVAYDMLOFSETOGKR
JLUCOLSQDRGJLUNGLEYDVFPIYDTQWSQDRLUCOLZ
WWPRHGSPOMAOWRZDNBPNBHZVMCRDHJLFRCTLJAZ
LWFXPLBBVFMALHYNJQGQOZHZYZGDRGQFGLSPZZZ
WHZPZNZYTWYYGRJXKOQFULWJSPWWTIXZVWQQSPY
CCNRDJKXUEWHWFFLDKONVUKCYGXGUZHZRJEHDWM
ECBCDFCEEECDDDECCCBBECBFCFBBFCCCCCBFCCC
BPIRHGXMYRJSGGARAPJLYKAJXMMZYTJSKRMXTMZ
TBABAIIJJFEFFLLKLRRRRMNMMDCDCGHHHPPPOZZ
GPKPJKJKRNMEEQNORENLROFIMLPHGHFHGHFLEHI
HDBCLXNFKHMVYQAINEBIQGIEGNOKKDRGKLCIJYB
EDCFCEFDEEEEFECCDEEDEEFEFECECFFECDEEFFE
LKKMPKKQVKKWNKKORKKSTKKUBKKCXKKYZKKAZZZ
CFWUFWZJFWKTFWWRFWUDFWWMFWMSFWDYFWLZFWV
HFFFGFFHHFFGHHFFHFHGHGHHFFGFGFFFHHHFGHG
LMQKLFGVOPUJPGGSLKQPPHMMQKUTVPPEOINNNFL
AKCUWBASZLIHUCEFWNADRJNQLRWJLSYEHKQPXZZ
YTNPNXYPSNVTVYWQPQRTVSPNNXYPUYXVQTNXZZZ
WDDEDDFSDDTUDDVQDDRKDDLODDPIDDJMDDNGDDH
DFAGGFGCASWUBWUTDNROFYXXINHXQGUWUQQTLHT
HQEGMPDFHBGEIPMKCMJBQMHIFJDKBFHBJQGCCIH
EJNYSCGYRPCEVQFZRYMROOIXCJNARZSVQUOBZZZ
ZHGGIJGGKNGGOXGGYVGGWRGGSPGGQLGGMTGGUZZ
KUSWVVCIDUMVVCSHLFFIXKEMNTUIWRKHDSTTSPO
OZLCZLWYZLUPZLCSZLNTZLFLZLRPYZLDZLRIZLD
LNKKKNNOOOLLNKMPLLNKNMLLPMMOKOKLMPMONOZ
EEGFHGFGGHFEEGEHFGFEEHHFGHFHGEFGHFEGFEZ
UFKUPUJJUFTIJJIJKQMTTIPUIJTIUQRTTIKQMTZ
SSTABAALLKLDDCCPOOPGGGGEFEEJJIIRQQQMMNM
RQKMTVKISGKKVPEHEEVMOFHEPNMVLTGKIOIIEER
KTLJSKMQNUTTRPRPKTNFTTKQNFNUOISKQEQEMQZ
SZKDBRMSKZMVJTWNRJWCRHCATDFTYXSZJLENXTA
VNNEDKOUTRINPHXCAHUAEYLPQQZQKYJJFVGQUGZ
BEEUNDFKDMMEBDLULPIOVEQQFFUWNHRECFTUZZZ
OVVNCLMRMRDTUORBHWTADJBAHVAOQFOWSIAMWAW
AQFTFXFFKAIHQDWCNVXGSHUKENGWIVUWNVEMRMC
BLCXWIXBSXUQAXHJTWMDAFSSTGVRKLNDPCVXOVK
JLMJLMMKJLKMLLKLMLMLLJKKJKJJKLJKMLLMLKM
EKOHFPFLKNKNEIFKFLEHNCEIEHJJEKIMFKNCJJZ
OLPELPEBLPMXLPSILPCNLPSSLPMQLPGNLPMKLPG
TTSBBBBRRRQKLKLJJJINNNMHHGGDCCCEEFFOPPP
UOQYOUOCOQTTOQGSOQOAOQOXOQUIOQYPOQZNOQZ
RPHFWCRJQNGKAQDVPWPCUIFXFCRNNDXTTQCXFPH
SQOVWPQRSSQXXOWPXRSSSQXRQXPUTVXOWOTVQRZ
TAABAACPAAQHAAIDAAERAASLAAMNAAOFAAGJAAK
XEFEEGREESTEEUPEEQLEEMNEEOJEEKHEEIVEEWZ
OZQODSUNYQQEBRLSQGABHJANQCBNCGGPNQCEWSD
PDFUHINYXBMRBFDAPFEDCNRYMTXGLPHIYYCRZZZ
IVWIVKMKHWLQMKUTLVYZUTVKJKLVXZJKLQHWYZZ
HIIIJHIHHGHHJHHGHJHJHHGIIIJHGHIIIJHGHII
WSFNSIBSTKIMUVPVKFWWUWQASJFKLPNKLKTVATZ
CBBDSBBTIBBJEBBFOBBPMBBNKBBLQBBRGBBHZZZ
RRSPRRRRTRUSTTTPQUTTRRRTRPRRSPTRPQRPQTZ
CFBDGAAJJKGKFJEDBBAAIEFJGHADGKADJCBADJZ
KRLPKIKHMJRORMKLMJJLNMONMRHNGOHQHRKGJPR
HGJHHLKGKJLKHLHIHJGHLKLHHILGKLGLKHHLLKH
JZJONSWXPPNTRTRJZXPNTNTRJWXPNRJZJJONSZZ
JHIGPMARVHXGYNEVJHWEAJYNWEAJEVTJARPMTJZ
BUOOUOXRUOMHUODEUOODUOWBUOYIUOCRUOTIUOR
JQTRNIVHRRWPKRLKKRTSWPNIWQKRJQWQTSRRLKZ
PZXERJIYJWLTRZXCXSIWRZZHXJIKIWJNFIRNFIR
IEKJGNEMCIHEJFCMOMILCOIGCJMHOELEIHGIEGE
YYMXOUPJWIVXZINNKZJMIPXVOHYJWYMIHUJYNKY
SXECKUESXDGWVLHKQLBFNKZNSXDIMIHCYTCETSG
UYSDUYSDUYSDUYSDUYSDUYSDUYSDUYSDUYSDZZZ
SNQMPSQORRQPSNTPTQTQMNTQQPSNTQMNSNRRTPZ
BABALLKLNMMNJIIJQRQQHGHGPOOODDDCEFFFZZZ
QTTOCADPMVCNKGKGDPXUHJCMOXTOCADPMVQTTOZ
LKEXNYTMKZWRDAISOQISSRGCBHCVDEGIMTOEGVM
EFANAAECFRKDCFRNMRBIFENRBEFRBEFAELDQIFE
SSLULSKKMROUUMKJLRUSLLOKUOJKPKSKKIKOLIK
NSDJKANFNHPENFHOSSSSNSOIMOMOHOKAPEEDOIZ
HYINIQCNOKGEJTWONRLHEXXUDJVRZSFTHFRMJNT
DODKJPQACSKQALPKNWPDVSYIYHBXOMRJOHBKZZZ
ROMUJQSKJKNSTPKTQPOJPLULONLLTQPRPMKQLTM
RTHFRMPRRNMLJGGRRTJVMLQQJVRNQQRMPRJGOIZ
ZKITXIGYCWBKISSUAJLBHJCIBRDBDBFSMHUNJBZ
TBAACLAAMNAAORAASFAAGDAAEJAAKHAAIPAAQZZ
MXEUBJBAYZGQXXPQLWTCWFLOSZZCWFLWNACEKAI
IJLGMJJGIGGKHLJHHKIKHLJILIJGGGIKJKLJKHL
ZZRTTDLRKIBSBNFULXDPUUEVIFGMESIZZLBRUEJ
OPPRLPKQWTMTOPXPMTLPWTWTXLQXWMWTXPXLQXZ
KTMUVWOAFJHMUNRIIRFPCWOUGSNWFCPVQIMEXOF
ONTRWWNYYQRVSWQNMOYTYNOSZPTQPVSTUUVRYNT
XVWUQWTQVUWVTWRWQUNQOYVTURXRZVXNPZQNWQQ
HUYKQXUXKSJIWPTVJJOOOJXTEWEUXMVERYHLPII
ASKLRQUVVAHPMENGEBMGHNWOSCLACMWOOVHOSCL
FFCDDFEBEEFFBDDBFCCFFCBDCEBCCBFBEFBEEEB
RXWVWWVWXVWXTVRXWYVMOXTYVNVRXTYVMWXTYZZ
GMBCMBZFMBZGMBAEMBERMBVUMBOCMBMLMBAVMBU
AABBPPOOJIIJLKKLGGHHFEFFNMNMRRRRDCDDZZZ
USFSILNZBYQOWLWUUEAEBDKOTNWVOBPZLAHULDS
OBRWSSWOMHCEKMAVYBEELMMBHJDEOQFFRHVAJFW
OQDBDWKMVKHRAPAMVWLFHILLJRMEBDAZIJTAPAV
TEPBKMSMWCOOUATJSXSLTQOSPNPSBXLPADHOFMM
HWHYJTKVECLBMCQFEQZCHVCGICTJSLMPDQAERZZ
MUMYUNSTBOWJYHBKRWYHXYQUFJFPAJYCJXTIBEB
NPINPLMNPIMJPLLKMNJNLIJNLILIMJJPLOJPLOZ
BOMGSGBZEFMZLJQXBGYPWSLCBCGWZZNLSLXLZZZ
LGJGMNLMDEGLGKKNLGKDEGKMKCMGKKCKHLGMDEG
RSQQSSSQSSSRSQSSSRQRQSSSRQQRRQSQSSSSQSS
PHMCIHESSGKRPHESSGIHHMHHMLIKDQBGLLHMCIZ
WVUVTXWSSSXTSVSTWXVTTWUWSUUXXTVUUUXVSUZ
BSMRTEJKZACEQIUOWBDYLNZXCPRGTQTFRQWOXRX
YBKDKLBAVFOWDLMIRXPEWQWTCKEPYSTOFJIMJQY
OHMJLKLPPQMHLQPQPOLQGJMILPGJOHPONNNNMHZ
MRNUTTNNUVSNQNVONPSPPVTTNNUVMRTKKSPPVKZ
HJBIJEIJBKEJGEDJHIBDBDJICIDEGAJFAEHDIDJ
JJLBDJPTPBLRRCRQDHGQOBLCIDPMHCOQOBLDKKP
RAQUHVDBMFIKGZBLLVPUZGHWIVHRDVWUYPKGXVZ
RTTUQTOQRUQRQSPUORTUPOOSUTOOSOQTPTRPTQQ
QFFMLEIZIVYJABUEIZYPESAEXWALLURWZHMWHNS
CSKPGKMMSDCHGIGKCICRJCDCDSCCCCIIEPHDCSK
KIRSTKHPSTKIFNNKKIRNNRJNNRJIFNNIGMIEENO
ANJSAUSAUSIANJAUSJMLIAUSJCEMLINJSALIANZ
KQINBTMCRFZKJBTPZLHFTJATJATDFWZSPBYTGOE
LOOJQJLLQQMPIMIMLPQJKQPINQJJNKLMJNMQOIM
GJIHJGGGHKJIJJKIIJJHKJFJKGHKIGIKIGIGHJG
CFQYUQSGSIMWALZQGHGHPLYYUKWBQLRGPEIHGFQ
WKHNISXDYNDGEHYAQWFKMPKKHTLMECEUOZUWPZZ
DFWTTJSPLEXFBEEMJTGTDYMIFZROQJBMJTGNYTJ
WNFAMMFVPXLPZSAXWJTYRSUBEXPXQJDSDECBQZZ
DQSGXXFELFAHJXCOQFNIJBJXLIUHMEZYUVJXFIG
ILJKKKNMJNMLKKMNOJLLNLHMJKLJNNNHOHNNLJL
HBOWGZORBIZSNCXOSAKDSAGOSAKKPUKNFCKRLNZ
BWGFUKANYHREOBWGFHPNWZBWGJYHRPHPNBWGFZZ
GHHHEGIIIFIEHHEFIFGFHEFIEGIIFIEGIIIFZZZ
GGGEKKJHFHIKFFHJJJIKKFJJHGGIIHKIJHKFHGK
GMHLOZZLNYUXTRTRZLKOFQOZIWFQIGIGGMNYKOZ
TJBRATOGLRWTFRBOZOFQBOLUIEUEOXIHKMPXZZZ
CLRMQEFDQGCSODDLLDJFNPOGMHFFNJRJRQGRNOS
PUYMELHIJONEVEFUUUIEMTPFTTXXLXENQUXXJTE
LYRLFHJBHTDBGLGOZBOSIDDVNAYMFHERLEITBIJ
HHFSKDVEIDTAINTVVEMCVVELUOOLEYJGTTKLZCL
UEWQPTCHUMOGJQQLFUKKVFFFXQTEOHULFUKQTJC
CFIGNJJDCFDCFIFIGNMDFJMMDFIMMDDFJDFJDCZ
AMAQEGGHNNDEEUJGDKNTOQEJJPAJTDBBETHDGRT
IMOPRKSMROUIQLKMOIQITOPKLLKPOSSRSRMKRZZ
KMIMSVLHSDUWUVERASDTYGFZCNZHMWCPSEITYGF
HLJOVMJVZRZQSWFHWHPMRGPHDGXUAVIVMKYHGGZ
NOHKLKIPNLLONKHLMNKIHLOPJLLHHKPLMPMKLMP
XEFEEGPEEQVEEWLEEMHEEIREESNEEOTEEUJEEKZ
LEHSEHDLEHXNEHNTEHXWEHKJEHZKESEMEHNKEHK
TQWWXROROPQTOWXOWXRQUTQXROPOPQUPQUTUTQW
OKPLQPXTLIIZQNWMLPQIYTUNMLPJPZXQQIITVUK
RGTMHMSHRGGQHGHGPOKSOLHLKSOLRRHMHLRRGQZ
WXYZZXZXWWWZXXWXZXWXYZZXXZZXXWYXWZZXXZZ
PAULTAEWOGMBZFKTONNCTBZQWVLOOQDOCCFLERX
JXLXUHHHHLFHLFLLFLJXLXFFLJXLXFMUHHLLJXL
INGHHXXLQMEDXSQYZLABBVKNVUCWBVEIDXSZVIL
TBAACDAAEPAAQLAAMRAASFAAGNAAOHAAIJAAKZZ
HJHJGHJGHLMIIMIGMGGJHGILLGILJIIIJMJIZZZ
IOUCATUDGTQRWPIGFVWWQFOSXLILGVHKPBHYUCZ
FCJGGFEJHDHEHHIIJBJHFJEJBFFEBBHBFFGGFIJ
DCCEPCCQNCCOFCCGTCCULCCMJCCKHCCIRCCSZZZ
AABBFEEECCCDLLLLHGHGQRRRJIJJMNMMOOPOZZZ
XGOAUXOAPKOACSOACLOANTOAOBOAHKOAEIOAQZZ
NXTVFISFEHTTNWNHHGFNLOXSRFFXOIHJGFNFPKO
LSPSODMEUNPSEUNLSPSDCSOUFKVUGLLKUGLPLGE
MDSRGTLJEGEGMDIGNRDNLJGTKFKFHONREKHOIGZ
AWIZNMQUBORWIYBQWOLEOJKBKTRYDQREXECKZZZ
GMSITTGVWZGANHZTIVSZAOGRVWZZOKEWLLNGBSM
GFFHQFFRSFFTIFFJKFFLWFFXMFFNUFFVOFFPZZZ
CJKJJLYJJZMJJNOJJPSJJTUJJVAJJBWJJXQJJRZ
XZVGLJQIKNMJQQIKZMJQIIKZXXNMJKZXZZXZVZZ
EIHHDGGCDIGIFGEFFIHIIIHICIGFIFGEFDCEHEE
STBAAALKLKQRRRPPOOCDDDGHHGEFEENNNMJJIIZ
DGQHOGTLDGRGTLFGRGJSFGSDJSKSSDULVKVKKSZ
OWSSTYQXZWWTYQQZQQZZOXUXQUVQZXQXOUZQRVU
QYUWOLQYUNVILVILLNNVIILLQRGNNLLQYGNNVZZ
RAFMHXAUOVQZOUPFNZAOYYTSGUNLFZAMAHEHFZO
SYTHJYSIRUSIWXYYFZDSHPIDIWKDDLMMDEDELMI
TOPVPOOORSPRTVQWPVRWSQWQRROTXVWPRVQORWT
FMJKLFBAKJFGKIAFMHHHEGAKMKGBACKACBKAIHA
TTSABAAIJIIOOPPNNMNLLLLGHHHCCDDEFEERQRR
OULWRRNMLOUSLMLJSWRLWJSLWLWJQULTQJQULSL
HPMQWWBFCQILEBNKKIETMZJHUQITFNHHPMQOECI
KPAIQUAIADAILAAINPAIDUAIMTAIFWAIGFAIBZZ
VDCCETCCUHCCIJCCKLCCMNCCOPCCQRCCSFCCGZZ
IMHJWWOHGLKJRUIOSMNOHGIOSMMNIMMHJWHGLNZ
TSTABAANMNNLKLLIIJJOOOORQQREEEFCCCDHGHH
FTFSNSUPOVMLXWXWWTVMFTPNVMOVYHNSUPWTPNZ
SIOUGNGQEVPNNFRQKNDOQLKXQTTFIEHGXEMTRFU
CKTRHKTOKKTEGKTZYKTFXKTVKKTNCKTTPKTPZZZ
FSGYTGJENIJGJEYBWVQAIZWDMZEAGWPZUONVQUE
EITUENSNJZUOGWJGCCFNSPIBBRPZUPLBRVOAQRB
TSBABAJIIJHGHHDCDDPOOONMNMQQRRKLKKEEEFZ
GIIGKJGIIHFKHKHIIKHFKGKHFFKHIIGKHHIIJZZ
EEEEEEEEEEEEEEEEEEEEEEEEEEEEEEEEEEEEZZZ
KPMDROENPCHNKIGHKPSIJJPCHNJJFLFLGHROENZ
THUNWSTFWORIDDWSNOYHPIGVNKRRJSWHYPKXSUZ
HOPBVWHMZZNFAIIHFGRKVXNITMXBSQAEYTXXBVW
PNPPSNSSNSJMPNPKMPNPPSNKQOKOKMPNPPSQOKM
EIOMEMDLJLHGEFKIHOEJOOHIINLDMMEMOIDLKLZ
JXHTPMGPMGMGMINNGWVXHTPMINGHTPMMGMIINGW
SSSABABJJJIDCCCHGHHRRQRNMMMOPOOFFEFKLKK
ZYYTZIMHBDAOKMRQNNKKPRIJNMZXDPNQNNKKQSP
IKNTJPFHSLUJPFHPFHSNTJPGKIKKIKNKNTJFHSL
BFVHGHFMNJXOZOLPRLRKUNFPAEMKUNFHPECGPJD
EIMDLVWGEIDZRMDLVEIDZLVWGGEIDWGEIDLVWZZ
OMSOEIPJCHMXEBJYJDNEWKGZNLDNJIBNQTJWDZZ
SSSAABBNNNMIJJJEFEEGGHHKKKLCDDDQQRQPOOP
POMBLSOUCUKYPSNWVERYFCCINJUYFCCLGDOJTDS
KLLNLLLJPKIIKLIILJPKOKOKNPNPKNLLIKIKIIZ
ABBBKKLLGHHGRRRQEEFEJIJINNMMCCCCOPPPZZZ
NUSTBRDRVQWDHCIECINDERVUADAUZYJMLZHRSUD
TVXVRQQXCQDJLKYJXKWUKIEVTNCEUZWRCXSSIMZ
MGAKNKNHANHAKBBMGAKBOAKNHHAKBBMGAKBOAZZ
NBKQENBCSOBOIHHFERQFHFOBLGFQBGQQQLNBSDF
EQJNMQIEQJMQISJREIQJNMEIEQNMQIREIECJREZ
ZGTJNCOBAVNTNXURZACHYJZXOBTTPNWMUBNYJZP
EKKPHEMOMFOFHEJLMFOIOKMLIPLHHHHIIKELIKK
EPLSAHJHIHGBIWEADNGFBOMUEFBLJQYUCXCCEIE
AHHIHHJOHHPWHHXUHHVSHHTMHHNYHHZKHHLQHHR
ETULETQMQOUMJJRMJJRRTQMTPUFETQFTQMQRTQM
DZOXCPSJUNQFJKEMTHEUFBQZIWNOWNLMQDNFUFB
GFQZATRWXRAPNCIPSYNTKXXVPNVSYNASHNBJLNC
HBCBMHHLEJBFBFCBBEFMJGGNGHHCFHMGBHNGIEG
BCBFBAEFDDEAEECEEFFEEEDEAAEAADFDAAEAAAZ
IHAZAHLIBQQVOMUGUHKLGZCTZTKGHWNOZELZNZZ
WAPUKDTJUWSQDWWAJHJVAQMYCUKXPCWPDGVBFPX
SSAABAEEFFHHGGNMMNPPPPQRRRKLKLJIIICCCDZ
NHHQPKGMQDWRSEUDJYYPRJRMRKHZIJUNBUEHTJZ
PUFJEWNFCUEXGBYANYLZVBTNCBMXGBYKIQJIRBN
WTNFLRNRQHGPTVKNJCWFSHOWCQPWKWGEPECQGOZ
QOQPQPOOPOPPOOQPPQQPPOQQOQOOPQOQQOOOPQZ
AGPOQGPGZGPAXGPMGGPGOGPMQGPSMGPOTGPHZZZ
ABAADCCDLKKLJIJIGHHHNNNMRRQRFEFEPPOPZZZ
ELJMFJFIMDBGHLICFJDBJFCICHEBKDIDAIBBHDG
HJUSIRJCIUTGDSULIHCURTSJTBHNNJLTJOGSINO
OATCLMRLBCBDKUDNCLMIOAMYHUTMJBFBCRZMDVG
TKRDWNRJMUOJMUOKWUQNTGESWJDXJVCUYZPKBUF
SPRIPUBPBHVKRYDCHQGKUCHQTKKYXSQJPABEOVY
GOEUIUERYTZXPRYDVICCBASFLSFMEMDVQTLCYLZ
ZOWUBWDKHLKJHFIZHRFRQGSZUQUVRAFRRZURNBN
ABBADCDDHHGGOPPOIJJJQQRQMNMMEFEELLKLZZZ
TOUUPMPMMMMMTMMPSTNQMPTMUVSTROROPUPUTOZ
IETEZBNQCIHRAAMWFPXWXSVEDMGYCKWIJEPYCSI
XGHJMIMQVAYKHVQFNXIWDRDFYOJMBXTHQKHOKJX
CLDLHBCIIGEFDDHBGLJJJJIEHBLCIIKHLLBLBHC
BHCCFGBEGHGBGHGGEGHHCDBBBHHCBGEGGFCHGFE
SSSABAAKKKLRRRQEEFEMNMNOOOOCDDCIJIIHGGG
ABAALKKLEEEFHHHGCCCCOPPOIIIINMNNRQQRZZZ
NNMTNNOSOTUOOKMUOLSMKTOUKPRMTKUORUMVOTN
NJOMMLIKGGNQONNJOIGNNMMJKHSIHNPHKIHJRZZ
BHEEHEAGGAFBDHFAEFGGDACCFHGFFGHFDGBGDGB
TTABABPPOOHHGHQRQQJJJJNNMMCCDCEFEELLLKZ
RQTRPOLLUNNLTTRSRUSRURLUNLLTTRLOORRPSQZ
BBAARRQQCCCDJIJIHHGGNNNMPOPOKKKKEEFFZZZ
TTHZGNFIDLIAOKNKGASDPVDDNEHTXYLZGNFNGEU
DCCEHCCINCCOFCCGTCCURCCSJCCKPCCQLCCMZZZ
GQNYTRGHYULIGQNRGJHTRGJGJHYNYTRJHYUQNYT
GKGNGIHIHJMJNMJJMKKNNGIGNMMIGMKHJMKIGMK
FIEBEAHEMHHJLDFFEAEDAKAFCGAFCGALJDFAJFB
JDIFKAEDHCFEAEHHBHJLCFDGGMLEKCGFEEBKBFE
LSTSSUVSSWHSSIBSSCXSSYZSSADSSEJSSKFSSGZ
NDBDEFNINZCMOMHLJHPWBPFIJKDSWINVIPESFRT
KEQXNCBFCTNMQIAXDEPTJKKUVPFZSQMBNQRQYWZ
SLIBIWWRZEARNGWMMZSJTTILIBMCMPEILYBFSJF
KJJLUJJVSJJTQJJRMJJNOJJPAJJBYJJZWJJXZZZ
JIIIHIIHJHJHIHIIHIIIIHIIHHJIJHHIJHJHIII
HPNVSXDJZSEYNWXOWOUQYHWIIWSOIUVRZHJIWJZ
WAVTAVGNAVSRAVZAAVUDAVOBAVWIRAVDAVTIAVB
EVOWIDXQHLQFVXRFQNBTIHEOUMTROUMPJTRZHQB
VIVLPNTMPDJNINOIUJQUPUJGHTWGHTWNWWKANSH
XSRPQNGPYGJYGJPGJPQJPQNSRPYNGPOQNGPRPYG
QQUOTTUQNUNTSQNUQQSSVTTTSSVTNTSQQTRNUQZ
PFUBTVOFHAVQIXWRPFVEKNYDOZUQEYIKETLQRBZ
PXVVVATVVUZVVOXVVPHVVLGVVGPVVYPVVMVVVKZ
BLPBGDKTYOTROBLKBYXYXBGDKTYVWJPJPROOTVW
VCDCCEFCCGTCCUHCCIRCCSJCCKPCCQLCCMNCCOZ
STBAAAGHHGCCDDLKLLFEFFPOOPIJIJMMNMQRQQZ
UVLFTQUFYTQUFUFYVTGQTQTQULFTGGQTQFTGQZZ
BBAARQRRDDCDHHHGEEFFJJIJPPOPKLLKMMNNZZZ
RTTWPJQQUVHSSHRSHSHRXUVHWRTTHFPTSXXUZZZ
XRMMDURGMSBKKIXQYAHONAQGUWTOCAGUUMVMKZC
ONUXINVHCQVJPNSUAVTBCFJHONUENJJFNGAEVXH
WIALVCLCFSMIFJGBUQTFXFYWKYMKONEQOERUHWS
KAFLAFRKAFRZAFYEAFPTAFOOAFGYAFLQAFRYAFL
QTOTOKQTOTSRTOKSURTTSURKQTOOKQTOTSUURTO
ESYYMOPXSNFVNDFOBORBNUVIPLYSYYJBYDAXFKG
LKTOXNJPJFMORCMMFFSEHIECMXZFKTICNCWRSWZ
TWNRNMVWUUQWRUUQNMSUNNMVWSWWVOPNRUUQZZZ
DEJZUGQSRFZMFYLERCJRJYHAMLFNSQTOFNUXQZZ
SLLKONSTKMKKKPRXKKMKQOQMYWXXMNKRYTXQTPM
ROIEXKCBKNYHYKASLJKJDVUQDEOGHYKMBVBAOGL
PYJJXESLGYFOJHGYAMVFVLGFZOXXIVLIEUOMFEE
DFHEDEIDIEJGFGDJEGDEEEJGEGFFGDIDIEJFHGE
IQUWXFHXFHLEVJIUWXFFHLZJIQUVJIQQUWXYEVJ
YFGFFHUFFVQFFRIFFJWFFXKFFLSFFTOFFPMFFNZ
EFCABACCEAECDCFFABDDFDAAEACABFADFCCCAFD
XADNXAOBOAWFHJQFYGSGSBHZFFQSPIDYAVCOZZZ
JXSGIQSXPHNMLVQXSGTJKRWUGRIHSTMWPNTUQNJ
XYPOWXHGOXUEDZMRHGCPMEMEMRSXXYOXUEWXCPZ
KQKVPLPRKJWINKKKUHHVKMFOKGNHQHNKWSFGZZZ
OPTGZETQZXYYFJFNVWOHZUXMMVPWWFDJVRQLTOZ
KLMJWHXUMSMGQDUKPCPCUEQDUKUEKLWHXUFDMGZ
VCCDCCEFCCGTCCUJCCKHCCIPCCQLCCMRCCSNCCO
SQVQUVSRSQVVSVXXRSQSVXXXXRSXQUVUVSVVXXR
FCYTWLHXLQMXVWGMWDWMNWHIYWRPIBUPJOHAFUZ
CEEFFEDDDFCDDDDDCEFDEFFFEDDFEDDCCCDDDCF
AAAARQRRIJIIGHGGLLKKPOPPNNMNEFFFCCDDZZZ
AXNBEMWCOIXSKBOPTGXILYOBNYWISZEQQJWWZZZ
LNWWVSTNWKTUGLNTHRTTSTFUGLNGLNWRGNURTST
ABABIIJJNMNMRRQRGGGHPOOPFEEECCDDKLLLZZZ
VYZVXUZSSSVYZWZUZZSSVZUZSZVXUVXUYSSVYZZ
QCXSNSVOOBBUVOFEMOVEOGISVEMOQCOGFEOBISZ
PLJPOKPPPLMMKLNKPMMMMMKJNOMLNPPLMPLJPJN
TQIPOQKLAJWUGEBZIOXKPXBLKITUUUQIFALPWBH
MHLOOMBZQRIGCDAHCQOGVLNUOMBENHYOOMBYRLP
KJXLJPUQLQNVNWWSRSJSSTQSUQULTXVLLSVKPSR
KKLLKKKKLKKLKLKKKKKKKKKKLKLKLLLLLKKKKLZ
TSTBBABRQRQOPOOMMNMDCCCHHHGLKKKFEEEIJII
NMMOBMMCPMMQDMMEVMMWZMMAXMMYTMMURMMSZZZ
TPTRMTNSQKTTQPNLNKSTRTLLPKTNTKTQPSLNMRT
QRUTRRRQWRRQRQRRRQSRVTRQQSVTQRUUSRQSRQZ
FIATKAAOVZMRWYTRYPXGZSYSDSPXFQDLAWZHXEM
GCPMCPVECPKICPVDCPGXCPQICPGBCPLICPVGCPS
TTTBAABCDDDJIJJNNNMLKKKOOPPRRQQGHHHEEEF
FMMNMMORMMSDMMEVMMWPMMQTMMUZMMABMMCXMMY
QIYZIYBQIYNSIYUYINIHIYOJIYLNIYFNIYYIIYP
AMOUTAMHTZNQICJMDOYWYKQWLJCTQTUDJTEVKHS
JKBTMVUIWIECJKWDTBHXUMPHOBKMTISPZNMIRXI
ROLPWYYQSIYNNHXSCMZWRUQQOZIXDUTHSQWHVZZ
SABAACCDCRRQQNMNNIJJJGGHGFEFFOPOOKLKLZZ
FGGHHGEFEHGEHGGFGIHGIHGFGGFHGEEIHGHGFFH
FKNLKNLSKNDPKNFDKNRXKNBFKNQHKNJXKNPQKNU
TTBBAACCCDOPOOFEEFGGHGJJJJMNMMLKKKRQRQZ
KRGIBSIJEVQCAIUPTHSRGFXJFAEZHGCCXTXNHDR
NAPQNAPCZBVFFXCMDOMCZFEAGWHNXKPAPEKANDM
TWRTQVWSZTWRSRPZPRVVZPOXRWYOWUPQYVZNZWQ
TTTAAAAHHHHQRQRDCDCLKKKIIIINMMMOOOPFEFE
IIFMJXOSXYMHYEYDVTGYYXQGDFYJJYRFLFCCJEX
UCBBDQBBRIBBJEBBFGBBHSBBTMBBNOBBPKBBLZZ
LUAZUAUXUAAOUARXUAGRUAOTUADKUAGCUAUFUAU
NEKPIEMOGLMBEPMAKPGDFLOLLJAPHGFCEIMLAKI
FDFQUNQPMHBUIXSTKRYWQUNAQOSPBKEIFZVCAAB
NLMLNPMNLQPMNMNLMNPMNOQPMPMNPMNPMMLNPZZ
TABABCCCCLLKLOPOPNNMNEEEEIJIIHGHHQQQRZZ
UPKBIDDTWQVRMFEHJXQHYHFCAUBPTWQWUFUBLET
LGPGHLKIIIFMGPDMGPDNLHIDIDNDEOFIFDEDEGG
IAFOIISPBYMATXFWASBDPLAIQTKCMKPAMVMEFDP
GTKRPOFJGNBJNKGOBJNQSOBOFGGCLLQLSBJOFGG
SSSABAALLKLPPOOQQRRHHGGIIJIMMMMFEEECCDC
XJCORMTMBRYQZPSJNDDQOMMWXRTSKUZIAVRBLZZ
UVSVRTVRTRSWSVSTVTURSRRRRWSSVVRVSUVTUTV
JLOEXPTCSNMRBPLFICVIBRCNEXPJCWBKPDFBOSP
TAABAACRAASHAAILAAMNAAOFAAGJAAKPAAQDAAE
PSAWUTEBSUNEPXBKCSDWQSEIIQOVRCMXNAKYZZZ
GZJLNATVIHXJKIEZNDCOBVLNWMAGGDBMDVGTQHS
HYHYOESYOVWYOERYOIYYOWUYOVHYOJUYOFJYODZ
VVGECPFLXDLGECGCGLXOXECJEHIDLXEXEJEHIOX
FKGKHJHHJJGGGHHIGGHGIHGHIKGFFJFHHIFGJII
CBBDOBBPEBBFKBBLIBBJMBBNSBBTQBBRGBBHZZZ
SBBAAEFFFDDDDMNNMKLLKRRQQPPPPHHGHJIJIZZ
QTWQTRRPLUMXQTLWUNLTMSPNVQQOWNWQTRPNVQZ
JRNOSMNLOIJKTRNNJJJPRINMPNLNQOPNTTKKLSK
UGLVUUQBEAKQPVHOBDENTJCHJXDNQPVTFXLZTMH
VSCEPEVAHLWSOAMOUKAPNOJZKZGFGMSRYUQDZZZ
PNLMNLPLPONLNPOOLMMNMNMLNLPMPOOOMMLMONL
XWGRFZEYIBAZTVQZTPVNCDSWGRCBZEHOKATLGFE
UBBCBBDSBBTOBBPGBBHEBBFQBBRIBBJKBBLMBBN
RGUJRMRMGOINRPHPRURUINRPRGGOJMJMUPUPMPZ
RQPRQSPPRRRQQQQSRQTPSTQPRQRRQPSTSSQQTPZ
MHHGOJPJGEOLLFKHGLJGFLOOEEIJNFIOPFHHOOL
QRRURSQVRSURTVRRUQURRRRUURUUUTUUQTUURUV
GBCGABBAGABGGFGBFGGFBEDFBEDGBCGDFBDGBGG
KKBMHFMKRHIMSTKXUEKEBDXKMXLLCWNDIFKIQID
SSVSSTTTUSTSUSVSVVSSVVSSTTSSUVSTTTSSVUS
KMLLMLLMMLDAMLLTMLZXMLRUMLBRMLLCMLSVMLT
BCUAKLKZGCZNYHBTMRSINLVMTWUCTEMLPCBSMRZ
LMSSMSQQMSLWMSTMMSRPMSQCMSPYMSDGMSKDMSB
PTQTQSQSRRRNPTRMRNRRSPMNSSSPORSPMNSSSPZ
XYVYVWYWYYXXXVWYYXXVYVWYXXVYVYVVWYYXVWX
JHJHHIIIHJIJJHJJHJJJIJJHJIJJHHIHIIIIJIZ
POMNIMSRNSUSUNISIPOLVRNOTLVMNRLRLOTMSUJ
STPGKOMRKNSHSQNPOJIMSMHTKKQNNGTQHGPMLIR
HTGPHFHTGGIDTQKLGDTFHKLGITFHTLGIDIDTFZZ
TQJRLSTGTISSSKKUUVTKRQMQPVGFNSOMIRUTJQF
HLINMLIJNNHMINMMJKLKHMJLIJNKLMIHJKHINHJ
JLKRKOTXROSUMIROYPLORLMILOXTTXKOXTYPSUZ
YFGFFHKFFLSFFTQFFRWFFXUFFVMFFNOFFPIFFJZ
CWCLFELWHRCXUMHHUOXTEONXTIWLQSNNRRXHOVT
GFJOFJBNFJNBFJPZFJRDFJNZFJZKFJVZFJTYFJX
ZTCGHJYCRXILYVDEIDVZQHLSKOBLFSSLICMIJZZ
PZQPADUROJNBLEFAOGLHDAGTDPSITGZOGZFGZZZ
IHIJFCICIAADIHIHJFCIAADIHJFFCIAAADIADIH
UCBBDGBBHSBBTQBBRIBBJKBBLMBBNEBBFOBBPZZ
MNROFGBRMTPLSPLSGBRMNLSGGRMNRSGGBGGBRZZ
TQUMJFGRNXNVNKYYFKQQYLRMYHJNHITXMRVJQYX
KIPOKJQKIJOQNOPHPOKLLJKOQQHPPMQKHIKPINL
TBBABFFFFPOOPLLKKDDDCGHGHJJJIQRQQMNNMZZ
RTTXTTUTTTMPTTHDTTMRTTRRTTDCTTULTTVCTTU
RQUCDQUWFQUFNQUFZQUDPQUWSQUWHQUQNQULZZZ
RMWFFRUEJZLKZMDQUJYZXZTMHLZEJIIZTKVPQUG
VDEABWLHTLHQGTVDEHQGWGWLHQGWLHTVDLHTVZZ
HLBDFATAQHEATDALTUJPUEQTLRJPZHWLMLTOZZZ
BABBLKKLNNNNOPPPFEFEDCCCQQRQIIJIGGGGZZZ
BFHCIHBHBFHBGFCHDDBGFCIFCIHDBGFIHBFDDBG
OVVTLTEEZYBSKBYSKBYJKVOOADGSPHDFXCODSVN
ELMLLNCLLDYLLZSLLTOLLPULLVQLLRWLLXALLBZ
HKJJLGJKIGIFLFFIIHIJIJGFIGHGGJKILHFHKII
LMVDMVYOMVNKMVCSMVJXMVEXMVMRMVXQMVXSMVJ
DYTYYXMYYIAYYGWYYSHYYBHYYJFYYENYYYDYYDZ
HREROAEPBPKUDNJDUZAOFDYBOFDPAFXFYPBSKAC
NMOONMOMPPNOMONMMPPPOPNMMMMMMNMOONNNPOP
LJOHRQMOLPJRQMRQMRQMQIPNOLMRPNOLJRQIMOZ
SSKHKOPPVNLWBWUJCUWSQGBUIKYROOSYCIRLPCS
NNQSPPPNNPPPPSRLPPNNQLPPPPPPNLSRLRLPPZZ
UDDDRHKSKDBTKTCJVNUKVFSBNUTQCVJCTMNNTBJ
NJIWFTCKNPCSEYPGUQCVPFFFSNJGASHXDVYSJJG
TTSAAABPPPORQQQDDDDMMMNHHGHLKKKIJJIFEEE
ZEGZIOAAWLQMLOFKIWSQZEGAFUDIRODPFTKPHXT
RTUSRTQVSWUSQUSWUSWRQQSTRVVUWRQQSTQUVUZ
UBBCBBDIBBJEBBFGBBHMBBNOBBPQBBRSBBTKBBL
PNNTMNOLRPKPRSMNOLNOKPRSPNRLNOKOQORPKOZ
LLQTOKQQPNNSQLLQWVUKQSUTWTONOLQUTOTOMSK
SLYWIGIHSPGVVNHYTQMDEKUDQGGHDDPTNUQOHSP
DLKKMVKKWBKKCXKKYRKKSTKKUNKKOZKKAPKKQZZ
GYUFYUULYUAQYUWPYUQMYUTUYUKGYUQTYUMEYUE
ERVKETHTVSEXEYJCEPAUGXKMRJLVKDCPDNNOZZZ
MLLNWLLXCLLDQLLROLLPSLLTALLBULLVYLLZZZZ
DMUDZMRJFRDARDLERYJRYGEJVVEJIDZLLCJESHA
SSSBBAAQRQQFFFFJIIJOPPOCCDCNNMMLKKLHHGH
CEEDECDGDGEEEGGDGCEGEDCEEDEECGDDEECGFCZ
BWIJUEMVTACWFDLYNLTIUFKFUQDLPPDZZPUTZZZ
QGWXGWSIGWFBGWHJGWCIGWNUGWPBGWGHGWTCGWC
TSWSRIQNTBMKTIOGUQDLRYVJZIXCHYOQFVYODJZ
SRUSSTSTUTTUTXSVXWRTUSXSUUTTRRXRTSWWXXZ
MWBENPSRGXHRISWQYMFGGKLWLBJWPXMLLHNDTCC
FWMLQRBRKGCYOQBBMBROQBRXHUZKFUDUAXEZRUR
TTBBBAQQQRHGGGLLKLIIIJPOOOEFFEDCDCMNMMZ
CJIEPPGFQIOHQIOHPJPPPCJIIEHKHPJKMHPJZZZ
LMPMPIEMPYHMPZHMPYXMPIKMPVTMPAEDMPDMPKZ
QZSTBSZQLKPDIQJXVTPXDYCRAVKRDCVFDBVFDBV
EHHKLFMFHHDLJJJKHICIJHJFIIMGJFLEFHKIIMF
CITVDXVRRKSMKEMCYPHMYHYPUDLIRNKARRKQWSI
GFULFUAJFUWRFUVDFUQLFUSLFUYDFUBFFUWXFUF
IFEDCQLKIHRELRLGUUOSJUOSJLKIFLGUORELTZZ
QRTUSIFFFGCCBQBQFGQFHPOBLLFHVJOQANHOTQQ
SAABBPOPPDDCCHGGGNNNNJIJJRRQQEEFELLLKZZ
IDHBJHJDCVKLSMFSKGOVSBUOGKSTIUJQAGGFFNJ
UEQQSEQIEQIWEQXSEQRAEQZHEQAPEQFYEQDVEQO
DJKKXYWWQEMQZSXPYHYIFWNYCYRBXBCGJKJQVRZ
FQSQFIFNQPKFUVINQPKIVKTRRGRLDJDRJRVORRD
ZYQJVGNVLHALDCHMSAYRRGTVXQMVRGTFADXSLGQ
YUSWQVYYZWRTQZXVTRWZZZVXRWWWZRZRSPYWVYZ
TSSBBBAIIIJFEEEHGHHMMNMQQQRLLKLPPPPCDDC
IMIGWEUTRUAGSGSGCRCTUTCRFQRUIMUGCTFQUGZ
LKMJONBBLEJKMJJILKMONBLJJONMJJOLEJENBLE
UBBCBBDGBBHQBBROBBPSBBTIBBJEBBFKBBLMBBN
CZPNPXTJWOKVNTWENJGRCUFLPQTNUPLXMFWECRJ
NMTOWSSONFVHNMPFQXTIPLETTIWSPFNFVHPLSOZ
HAGNBQGFCUPSQCBMKMXSRQOFFCUQVECGDKFGQEZ
SSUFSUARSURBSUPXSUUASUMASASHSUUISUKFSUB
EULSTHTTUTVXDMWWMBCDLNJPBZDJKZEVZUXCLMI
YRXTRSQYRXTTQYTTTQTQYRRXTRXYTTVXYTYTTTZ
TAABAACLAAMRAASHAAIFAAGJAAKPAAQDAAENAAO
PXTWIXTBHXTHUXTFHXTXSXTESXTRMXTVEXTUZZZ
BDXWKHNLQWYOZIOMTJXYLFRQQLFJAZRZNVZLZZZ
OLNKNOOOONMLJNJOOLJNJKMNKKNNMMKKMOLMKKK
TTSBBBBIIIJFFFELLLKCDDDGGGHRRRQOPPPNNMM
SSAABAMMNNEFEFQRRQLKLLIJIIDCDCHHHGPOOPZ
GNHDKNNMGNWXQUUNMGQUNMDWXQNHDKXQUNMGNHZ
SQNNPWOWHQTTKUEENCSVIIEBBMCGOCBCRMWOIFV
TABAACJAAKLAAMRAASNAAOPAAQDAAEFAAGHAAIZ
WOGVVPTRCPGSHQEJOYAIYMEXTKBLJREMQXXHVFL
LMCVMCFDMCFMMCUOMCBQMCWWMCULMCVVMCUJMCT
MCPTXEDGHLMNHQYUFNMCLRYDDFLYOVULGJGYUGN
JEUVQUPXLARRXCPIFTCZIMEZJGHGRLULDLXMEFP
LGLNFJCFQSKFXVKYFPEORYQSCAQNEZQLGLNRKMH
RKOSRKSQPSSSMRQSKQLOLMRLMQRROQOQRQRPQSQ
JHWSCXWHPEVXWSCEVWHPSHPSFVXWHWSCECEVXZZ
EHGDAQKFBBOIQHMCPINGOIAQKFPIEHQHEJEJMCZ
HGCADPPOUITWBZYFYFSOAJNRSBPNEIKTRSBJYIM
KOHCONHPDDIKOEDIKIKOHPDEDHPDEHCOIDEDIZZ
GFDEAGCFGBGAGGGBDGGBEADCGGBDFGCFGEDAFZZ
QGJLPBJJQGAHBJNBNFPBEEAIJJNFAIEEAHOPNBZ
WSYSXVSXYUYVYVUWXVWWWYVTXXWUTWTVTYYWSTT
LFUEGLWJUFVJVTTTOWFWEIUUVTJMTQFVKIJFVOM
CGCAREMVFDRFOMCQZAZCJPLZAZNGLOLBDYRGPOB
ECQLFVDDCPFFFPKKIDEZTXOOKTLLUSJHTCNNCHZ
UGCGGEHEUCFYBBOWGHTWKBKKGCKZVSQADYRQKZZ
YLQQZQENDJVOTLJOTQJUPQJRRHEPGITKZOTKGQR
OJGATPHXCBYZYSIDZSYHLYERNGJYVMHIDTLTLDU
FBPZZDZCITMFXQPPJMISRZZBYMQKHXTPTCIKTLX
TSBAAAPOPOJJIIQRRRNNMMGGGHCDDCKKKKFEEFZ
HNMKTMMKIPMKVLMKTLMKEBMKVBMKCXMKTLMKWZZ
ZXEHEBYGDWWQWJFCBSFKTGFWHACJFABNGUSDPRA
QWYHUIRAAIWCHSFTFUJCPGWXECIFRRBGKNGBROZ
FLOPILKKNMMFJIMMRIFIIHFIQMMKHMNNKHIMLGI
IUHTOJEUBPWIFXKYMHIZVPZGXOKHIUHTYEHMCFI
INLMHPGIPROQGHPGHPGIFJBLINLMGILHMLMGZZZ
FCLMYAJCLNYGZSJOIPLRSALJVADMTDLGZSJOCGC
NPDMLPMIYVHNHRZNHRZJHPZMLMOHHICKPBMGFXB
TBBAANNMMCDDDEEEEGHHGQQRQLKKKOOOOIJJJZZ
ONJPGJPGLQLLJLLJPLJPOPONJJPONPGLMIQLLZZ
IPCIRRGPVIGDFJUDIRDTRLPGOFQMSEIQHDDUJVM
VCDCCERCCSHCCIFCCGLCCMPCCQNCCOTCCUJCCKZ
LQPNNQLQLRSPKORSONNLMMSLLPPNOLLMQNLROLM
ATAAKNUFCIHXAEHIGZBNVVLKUHNWCQRCBRFAQXT
PQFFPQRJILGVRLPQQGTIPQPQFFGQJOFFFPQQGQZ
LVYIVYAUVYVOVYKLVYCMVUVPVYTKVYOUVYXDVYF
QORPQOQORRPOQPOPOPONQQOOOOROONQRPPQPOOO
SYBDSYBAHPENAUODMJQKFBTOBAWWPDYHXENNOLL
SNQFSLKDNLGSNQDNLGLGSNPKDNGPKDNLGSNQFSZ
HUZGXQRLQKLJHGTGPBTMQGDWSBVJZFPDFOTPRYZ
CSSBGJLJYDGSGZJFXAAGZJDECXQWKUVAPRPQMMU
PLUTRPSYVMAKFZUZPNWSUUNHVTGYWCVGZIFCUYS
SVGDVGOGVGKXVGMPVGNTVGPIVGLKVGIWVGPNVGW
RPKUHWHOQIIIILHNSOQWHPULHQUPURPQUUHKUUK
HBLENBLOYBLEFBLNDBLENBLBLBLUFBLJGBLOZZZ
PROECEGPFOECKBSEGIPROPFIPFIPRSEGPGPFIZZ
BKLLUHTRYNUZAJDHEJZGDXANFEXCDEKQFPUHZZZ
DPQSQSGTQSMWQSXVQSMPQSIYQSRLQSSLQSYYQSL
LUMMXYYMWTPNXLMUPWTTNPNMWMRYROLPUNWMTRZ
YHOYOGOOGOQUCKMONAMHAQOWDPGZAHROHEMCNNG
NMRSRRROLSRROOLPKLPKURSRRROLPONMRSONMZZ
NFPPONHHRPQFMGFHQHROQHLOJFMNHKNJMIIRIJO
QLQMNQNKPLQKMPNQOMMLPLNKQKOQOOONOLMPMZZ
FVGQELYPNTFJQESOFVGEKBYYLTKNYMHURIHLMEQ
XDMWXBCJIJKTMEETORAGXSRAZEDBSFLPPNLCZZZ
OCBEGXYIVDIIQVAOWQKBRPTHKPUIPQEYBAHMZZZ
SXWSVRSVSRSWUYUSTWVZSVWSVRWWVUSSQPSUSRQ
VNDNQJCYXUBITVNMRWAJSHFSEFGDDYDKMEBHUCR
YFGFFHIFFJQFFRMFFNWFFXUFFVKFFLSFFTOFFPZ
NRUSQSOQNSNSUNQNSUUNRUTOOQRUSQOOQNSUNRZ
KKILJMIKKJLJMKKKIMMIKJMMIILJKLJMMIKKKZZ
JMOINPJREHJTKFRFSQRKPHIFIQFIEEQRNKFJURT
MKLKLMLMLLMKLLLMKMLLMLMLLLMLMLKLMKLMLZZ
BHFXNZIXILOZGETTIHFXNZGQTFRHXETTITTINZZ
IWWRTXIWWRTQFIWOKKLXIWRTQOKLXWOKLLXIWZZ
EJEQQOENOLOPDOGEFIEOKDQDHPPGNLELKEDEOIN
PTSTUUNSRRQUPNONTUUSTNPUUTSQSQTOUOUOOPS
ZEOEEOWFEOFPEOTREOXWEOMDEOULEORNEOOVEOU
XVXVTWTXUTSUTXVVTUTXTXUUTVTTSUTXVXVWTXT
ONWIUMNQRRQNNURSJNJKTPVROTLJMKQQOUOLKLK
TOCFYOJZTHUYOJDJVHBIRAAKNFQSPSKVVXDHKRG
WTIOTIRUTIMXTIPHTIQLTILUTIONTIUUTIOYTIS
RUTURRURTSTRRRRUTRRURTURRTRRUUSTRURRUZZ
BAAARRRQHHHGKKKKOOPPMMNNEFEECCCCIJJIZZZ
MKPJMHQHPRGOUQPVNQVXLYYJNYGKTTSUMGQUUZZ
LLPNNQLMQQKMOLQQLLOQKMNQKPLPOLOLLMKPLPZ
KUFITHENLTUHKESQYNLGQYZOYMQLYTYZSAFMBZC
NMQMLPRRQLRQLRLLRLMMQMLQMLPPRQLLNMQLPRQ
AEVJEVDAEVFEEVUBEVKHEVUIEVQHEVIAEVUJEVD
BHWTURBUPIWZGVLFYDNWQPKCBDJZEVPBXXFRFYW
JNJINJSANJPPNJJZINJFNJQWNJJHNJSBNJKGNJA
MTTUTTVATTBYTTZKTTLITTJWTTXCTTDETTFGTTH
TSSUJSSKBSSCDSSEVSSWXSSYFSSGZSSAHSSIZZZ
TABAACLAAMFAAGHAAIJAAKPAAQDAAENAAORAASZ
OKIJZMSYLIAVIJKNZWBNLWGIRAEEIMKIHJQDXAM
KXWRXWCOXNXNXWELXWZYXWHVXWVFXWLGXWIWXWQ
TJTJTZOJTXWJTCVJTEVJTESJTXAJTFHJTNGJTLZ
OOTPJKHGORUQLJTQLHLHGLLJOOJKTQHRHGORUQZ
QRGQUVMMUGSPJQQMWIMPPSSTWKPVGUPSTTRSPRV
CHLEPPVLHLJVVQZSWNDEMNPOPDGURLCUGBUTVHG
IOLNFEIJQKIOLIJQKQKEKKEKIXEIJJQKEEKIOZZ
MGMCPQLAIXSGPMPCNTQQRIWNZIVIPELZYGPEMMS
IHIRKTOSWRKIKIHFVIKHTHHHHLUIRSWLUMWTOHT
JQQRQQSDQQEFQQGTQQUHQQIBQQCZQQAVQQWXQQY
DEJFLDVMFQHWSVDGIXYSXQELSQEIOGJLHMVWVUZ
JHYWBQHWBQHMSHGFOHVBSIPMOSZIXCVXBLGGFBG
NWVCMYRLOGUXPHSRTYKYHPLOJOWQNQXQGCKPFSR
HGGMIBFCQXFELOJOPOWDNWRSRHRHYNQDFHLVZZZ
LULVCVZEHRBZDFYHHUBDKJHHVRNPFLVUMSFHUBF
XOOOMNOULCJCBJIMXESUPUNJWZIBGQKNBFPDCZZ
RGHUQFMRGHJLIMIMMRMMRGOJLISOJLLIMMGHUQZ
ZGGHGGIXGGYNGGOTGGULGGMVGGWPGGQRGGSJGGK
PHQKHMJDFJGKBJFGPHBJLDGPHQGPHQGPHQGKBJZ
ZYQHCJAMJEQXVQZARFJDRAVMNFKAWPTQXWBDBZZ
FHHFGIIJHHHHGIIIJFJJJGJJHGFIGHJJIFGGEIJ
DEFICIFEICDDGCEHCFDDGGIGHGEFGEDEIFHFHCG
TYOJDIMHLCVMRPBJOAWOWGIMRXORTCEDMCNGARZ
TUTTUTUSUTUTUTUSSTUTTUSTUUTTUUTUSSUSTUZ
UCBBDKBBLMBBNSBBTIBBJQBBROBBPEBBFGBBHZZ
LMWYGPNZOMJIBMSDGJAOVOQSMPQDAEDWWCWPQDX
CJKJJLUJJVYJJZAJJBQJJROJJPMJJNSJJTWJJXZ
OMNLNONOMMNOLMNOLMLOOMLOMLOLOOMOMLLNOOZ
MGGTVLJXETFUGFPGFYSSHOMFQUGJIMXTEWUPSOG
DCCEHCCIPCCQFCCGTCCUJCCKRCCSNCCOLCCMZZZ
ZHWUXBYKKEHYHWNTWVZIXKDJDZXITWUFFMVYKKZ
IGPNPILKZTTJCCMZTTFQNONSSNDWUPXZMVQFDLJ
HISLMMDKPHTGELDUNIJJAIRSGELPBCCGNKINRLN
YXQWKLRWCBFWNWGRXLCNYVSXRHFFXLRFIUTKERS
ZQFBOELLBCFDTBQZZAYWPYLOOMATPCOUPFZASBN
BAACPAAQHAAIFAAGLAAMNAAORAASDAAEJAAKZZZ
UMYXUWIHDIUSSWYSLLSIVHSMIVPSCMMYXGHUPXS
GBLIXAJHJFROYUFYBOXKKKVMLEUNYREBNQZNYRE
SJCBMKTDGORHKIGTKCLEJBSRJTHGNPGHOPEGHHD
PMALHUFVAURIMFQOAIAUFTDMWZZMMOPQSWNQCDK
OJPMFPKPFMNPKPFFPKPKPFMFMNLPMFPHOJPJPMF
TGMSVUPUJVKFQOJVETETESESTGVUKFQOPFNVPUZ
DPARXLUIRSVXLOAXNCNWXFVHDJHMZGWSLARWXFV
PTRNVMWCTCIUNNOGSCTYCTEGEEYXENAGLGNNRAZ
LPILMIPKMOLIJIMKKJLQJKOKIMNLLKIRLMLRKPZ
DENONDHFNNFKNEPHOHGJJLJOHIJJOGFGJGIMLIF
EMFYMFBEMFVMMFFNMFPMMFVJMFWWMFEWMFXEMFF
MDQRFSFWCRTATDIIRLLZLFTLDQEPCDXCIFUWCRT
AHHIHHJYHHZUHHVMHHNWHHXQHHRKHHLOHHPSHHT
CJOHCJVLCSGJVLCJOVLCJOHCCGJVLHCCBCCBJZZ
IKWXWOETWXTLJIKJGVSPNOTVSLJOTJGXTPNWXXW
ITGGKLHSMNMKVQYEFDVPLMJYZAZNWSCYLUKKVQY
IMIRCRJEKCIKKNDJNENPNOHMPMQOCJKMCGPNRGG
FDDJCDGJGEEFJDGDEIICHGJCJEDGICIFCICGEGZ
HOSCHFHOSIIRGGFHOTGIISCHHGIIRRGFHIRGFZZ
PMHVSZMNCERJAIUGFMMSVTRFDMXGJXGIVQCFHDR
WEDDFQDDRODDPKDDLGDDHSDDTUDDVIDDJMDDNZZ
LPXWXSNXQWJQLJQLPQTWJXQTWTWJQQLPXNXQTZZ
BIIJIIKRIISPIIQXIIYZIIANIIOTIIUVIIWLIIM
WDEDDFUDDVKDDLODDPIDDJQDDRMDDNGDDHSDDTZ
TPSONRRRTPONRNTPSOOMNPPSRRNSTOOMNPNRNTZ
MXKOIETCQCSMBFIGTTCBNRWRLVNWWWUOVYVVNSR
TQOJKNINSQTLNSQOJKNQOJKQTTQTTQOKNIISQTT
KJQWRJSPGQIQIGUNNONGUNNJSKJONSOSOHRHRWR
STSAAAAEFEFKLLKOPOPDCDCNNMNQRQRJIJJHGGH
ILMEWBBWAFOMRBONSPVPTLWHRZLKCJDSKCJHPVF
OTLTTHPDTHZPTHJRTHFDTHKUTHNRTHCKTHTLTHQ
IDJJHLKEEDJHFLIIHGIFLDHKFEIGIKHIJMGHHHE
VVHSDDEKGVVBDOFLBSDGTBDDEKGOFORORLBBCGT
RPWQNHIGFSXHIQRPWWQNOIGFQFQRPXHIGGFQRZZ
UDQUZOLUFSKARMMWFYZGUIEDCBWNAFYPFJWKQZZ
QLIDRSXRJKNEIMOVRXUQPLHTGSCEMQPELYIZPHB
CADDFDCBADFDBABCBADBDDBBEEDBBABAEFBFDAC
TGGCVPUDFPFVRPAYJQFVKGNSLVGJQEYJQEYEUID
MTUTTVCTTDKTTLETTFATTBYTTZGTTHWTTXITTJZ
NOYVMTQYHVEFKSWDIMGNNOYOWZINOJSKPJUAJZA
UTZYWUSSYUUZWVWRZYZUYZSRWUUWSRRSZVWWXWW
JXLTGVJHMGVGJAFWXGZFSZONFXGZMGVGLMFXZZZ
KXGFWOQTLPQNXQMGZSPWGHIPBXPYBDVGFNFZHBK
FNIDSFJODKRLJOOLFNFHJLJLRKRKLPSFFHDKOLZ
XVJAHJUQFDRVPZCVPZCHTFQZVOPKCRWFXGQZRLC
TABABIIJJOOPPMMNMKLLKFFEFQQQRGGHHDCCCZZ
TBBABLLKLDCDDHGHGQRRQPOOOMNMMJIJIEEFEZZ
TBAACHAAIDAAEFAAGRAASPAAQJAAKLAAMNAAOZZ
YEGDBTEZCWPJVMRFHJTKTPVOZDIHCIHLSXNAKTP
KEIDJEKKEIEJBBJEJBBBDCJBBDEIDJBDCIDJEJZ
FBRAVJXOEZBJHMDHRMJOGWBMGRJBOOWDJPYDMGR
MGSVNOKKMGSIVNOOKRKNOKRSVFPKRKMGSVFRKMG
NPWIVEEXJADTAYKRWKBYVKOPQIEHEUISRPQXRYL
UWSSXRVSWUUUVRXUURUUXTUVWUTTSRUUTTUUXSS
PEABEAQUEAWNEASTEABSEALPEABXEAVHEAPPEAF
YOWXLVUSRGZOCPFJZBTAFHZNFEERCLFUCYODGZZ
CBCCBDCDBCCDDCDBBCCDCCDBCCCDBDCDCCDDDCZ
LILJKGJLEFEFJJLDFJLDLDGLLIDELKBGGDFJKJL
QQQMSSPPOMSSQNRNPPQNRNOMONONNMMOQQNMMRZ
MRURNKVYBFPVFMVRLHPADWKLSLNQAHEQAGXNZQZ
TSTBAABKLLLQRRQJJIIEFEFNNNNGGHGDCDCPOPO
HEPPGFKCMDPKLIHLFEPPGFNKNLLNCNKLONCJHKL
DLRSTXYNUSEJWRVAFOSGKSANDBMJKRAJACAKRAX
VVHBFBCOHBWRUKAHBEUBXRDAZMBPCMQTFNXMHZO
SRRSPJOQJJKKKSMJKMNNJMSOPOPPINMLRTJMORQ
URDHHKIOBERQDHJABLZPDKMKIEYYKRMYEXADGFZ
QQQTQTTTSSRTQQRTRSSSSTTTQQQRTTTRRQSSSTT
KPQCNLAYAHZHGIQBRQPOKGYIYSFPLWHRMISVHPR
RTSSUUTQRSSTQUOSQOTRQSRTOURTTPTRUPPOTOR
VWVQTVQTVVVTTVVVTVTTVWTVVTWVQTTVWVVTVQZ
ZBDIBWBQLPDKCZCOEGBYXQZPAKOFTHVADWJNZZZ
EFFTFFUEFFAUFFOBFFWJFFENFFFIFFKQFFOQFNF
ZRUSJRUGHRUKSRUFRRUBBRUMFRUSBRUTGRURZZZ
OFWGLCZZEVWIYOWLZTLYJCNMGQOHRLZABTAEBRI
YUUXVYWVYXVYXUUVWYXVYVYUXXVXVVYYXUUWUUV
MHGGNNKIHHMNNKMJNIINNILIKJLIHHMJMNNMNLK
PIQPIPHIOKPIPPPKPIPPQQQIQPQQQQHPIPHPQQQ
LFIFHJGCEEFFBBBBHDLBIDLLKCBLFEBBKGGGIGC
MSMLRUWSKTMSGTQQYEPPXPSLWJYWSOPHMILYTVH
QOLJVQHOVTNHLIJTHOLIQOSMJTTRSMVQTRVTOIZ
TABAACHAAIJAAKPAAQNAAOFAAGRAASDAAELAAMZ
UESRESKZESGWESGPESOHESUAESOQESGWESYKEPE
ELLMLLNQLLRULLVALLBYLLZWLLXSLLTOLLPCLLD
TUXIOBQNZARNDQFGTAKYXVQBAPCHWLNTHNZFPTU
NQSUVSUVKOOQRVKOOQUNQUNQSOQROKOOQUVKOZZ
BBBBNMMNQQQQIIJILLKKOOPPEFFEHGHHDDCDZZZ
XIVGRAAZEFNSLSLLPVKGCGNSCJLXGIJYYXKRWZZ
STGJTFGTHOXNAYQGWWKWFXPDLZFFWZMZWTLWPVW
CLXLYNSCYZIMYOMAXULCPXAXISLLIJPLMKGPVKS
OOUONTPOQQTOOUURMTRPNQUORVNQVUOPMWTVPTZ
PQUWPKXDPRDVHKFNZQQWKQGZRCPIUZCCRNSHZZZ
CYPQTXHZAWVJXQJFCIYNDCCNBBLCRKSTWKZRDKA
AVKRGAEZERCOHXPQRBUYHLRTYHLIJFNFZTKKIMD
PWKTHFLJPXMKHRMVJSFXRLNQTKISVIJFHPWPQMS
LCUCKKXELXGVJXJUECSESKHDLCUINNQMCUGPUXS
DQODAEAECBKNSICBKNQODAECBKDAECBKNSJDQOZ
AHIHHJQHHRMHHNSHHTKHHLUHHVYHHZOHHPWHHXZ
ADQGMUWUSFKLQZNBAWUBWWZNMHZYTYQOGPSAZZZ
VPKZPKMQPKXPPKGLPKBZPKKRPKZAPKIZPKUJPKH
AIWSAZZWZESAZWZEERWZEEIWSAEERHAZWZZAIWZ
CLBMYEAAKITJITASSKQJLOIGSENDDPSZJOONOWH
PYZNJDKPTRZVSFKJILLUEMDUIVUVLWUXEMJXVLW
NENBFDHAAXBVYRDBJYHTIWWGNMDNPRHNGQALZZZ
AAAARQRQJIIJMMNMHGGGFFFFPOPODDDDLKKKZZZ
DKEIPNPESQDSQHSGHMLLDGGPRTEPPQSLOISSIJL
HBDJCANFHCBNIHCKHCFHHDLDLODCODLALJMCFLA
LXWVYQNQYRJABPNOFXGOPXDSJYDTBGWFJWWSTZZ
LNJYXHLKTSMLTPZTSMIMIOJKKTSTSMIPZTNVQSX
PPSVPWVOMRUWVMMPQOMSVPQSMVSMMSMVSTUTUPP
XXKEXKVQXKBOXKYJXQXGXKYGXKUZXKFEXKCMXKT
XFEEGPEEQJEEKTEEUVEEWLEEMHEEIREESNEEOZZ
TSBBBBHGGHQQRQMMMMPPOOEEFEKKLLIIJJCDDCZ
QCRTCRPPCRRRCRVTCRPICRNWCRIPCRILCRMTCRQ
JJIHJIKLJLJIHJLKJLHLLKJLHKKHLLHLIJLHJZZ
JIIKNIIOTIIUZIIAVIIWPIIQRIISLIIMXIIYZZZ
MQSNRPSOKNMOOKMRNIOLJSOIKMNSRQQMQSRQIKI
SOFTYHFRXGETCSEGSONHGMOAERMTNHEEFLKLZZZ
HEMILGHKIFDDLILFDFLFEMMNMFEMMHEFLDLGHNM
KTDQXWWVNDEYUYVBDNBWNNMZKIOTKBKAQRNBKDH
NOKPLKKXKKXKKQVOUNLVXTTLULWUMVNQWXWTQOL
EEMLXBVKZEAWZXXBBSZKGNOHJCWJMFZHHFGOBJN
PSIJALOSGOAMQYHIVBZBKMCCYKHDIPDJHBYRZZZ
GJDIILGJHJGKKFEFIILKLKKGJIHFKJHKKFEDIHG
WVGWITFJSSUXIVOPWTMFNIOJRNRGGJGKRVHRIMI
QXFEXFMFXFJCXFKSXFZYXEXQXFFDXFJHXFIVXFN
NPQHACCJNBGBNGAAGLNCKKDDACJBNFJAMOAGEIB
CBLGGOWSVEWOOEWWJTCJFBFFENJKFQOJDFSWVKK
GUNNUNKDUNHGUNGKUNHQUNPFUNNTUNEZUNPNUNK
TTBLYYGZPTQJEGBGUKZXPFDUIPUTATYFTXNRVXY
NMMOBMMCXMMYRMMSDMMEPMMQZMMATMMUVMMWZZZ
KWQPIVDOWFBKWQPEUKUUJQQHIKGLQFOWKYFFDKY
TAABAACLAAMFAAGHAAIDAAENAAOPAAQJAAKRAAS
UBCBBDQBBRKBBLIBBJEBBFMBBNGBBHSBBTOBBPZ
AUAEVIAETCAEVPAEGDAEKKAEHDAEEQAEVOAERZZ
SSSAAAAIJJIEFFEKLLLNMNNQRQRCDCDPPPPGHHH
ONNPUNNVANNBWNNXQNNRENNFSNNTCNNDYNNZZZZ
MNJJNJIKMMNNLINMNJIJKKKLJMJIKMKKLJIJKZZ
ROGMRSKCSJRONCAAFOEUIGOEJUCBMTUKQCIIQPB
INQLOOIRJPNPRINQPOSRIPNQNQLILIPNIRRJZZZ
RRPQSRPROMMNRRNRRPRRPRRPROQSRRSRRPRPQSZ
WUOCDECIGWXAGHPUPSRANJLOJVXHINGYFFVINUP
OXUWQTQTXTRVROTVTOVWSQQTWQUVOPQPQPTWQUO
JQMWSREADRECAHZYAIGGUZSZCXFUUXPTBGLTIZZ
IXFKBMJPBWCUQKSIAASKQJJALEMUPBWLWSJFKMG
LKMMMMMMMMMLLKKLLLLKLMMMMMMLKLLKKMMMMZZ
NMOMPNPOPMPPNMOOMNPMOMNNPNMPMPNNOPMPNPN
EEJGFFGFGHFHFIHHIEIIHHIEIEEEIEIEEEEJGHI
VXRRQXYINDEXIMRXAVBNGCFRROLEWNIPGGHGNZK
SWYSLMBBXZSZVZDWRRBKRKZFOGPBXVKDOAXXGZF
IHDEEFHFHDFIGIHHHDGDGEEGGIFDEHHDFGGDEDE
PPLROXUXXVPPYMWOWYVMUVNRSMNWQRQWLLLLRLR
HJHIKJLJIMHGLJJMKHJLGLGIGIKLHLMJHLMMLKL
OQRONRRRPRNRQSONRSPSPRQRNOQOPNRSOONROOP
MFNNOQMODJGCJEGCHFOMDIGPMPLJJDEIJGCQEMK
HGHIGMOOINLOFLJIOFKOOOOJHFJLOLFFLIFGGMM
KLKIKLKLJJKJKLJJLKJLKKLJJLJKLKLKIKIKLJZ
EDKNEXBVJQNBBZOUQRPZQEYAQWSQEYSEWTSAVFQ
FCWNZZTIKLAHRQALKLOSUHSIDIJUPBJVGWEPCOZ
NNPOPOQPRNPNNNNOORNRNORNPOPOQPPOPOPONRZ
VKATWPUFCGHOPTWGHOPUFWGHOHOPUPVKAATWGZZ
MWGHGFUJMVXUOWGFKHWUSQSQMWIIXUOWUJMVWUZ
RHPNILSGRFKSSGKKTHWQGWWWQGTLRTQWOSGKFVL
ZBTEKIXPWNMTDHHVTXCSIXLQRITOORCWMUAYXXZ
MNNPQOQQLMPPONOQOQLLMPOMPONOQLMNPQONNPQ
IJFTIRPZVGSMIHCQEDGAAPUXHCGIJFTPLWZHSOX
XEFEEGJEEKNEEOREESLEEMTEEUPEEQHEEIVEEWZ
YGLLEFXBCGYQQGIGIYYQXGNHOXXHPRYFGHNQXNE
BPSKESORDBPHXVUJRYVWQOIDDRTZEMCEBNNVINH
IOYDYRHINYNEDHYZXERYHTINXNINYTDDPQZRYME
YFGFFHIFFJMFFNSFFTKFFLUFFVQFFRWFFXOFFPZ
YNONOPRXVYVTSMPYVTQMPYNVUNOPRNSONXVNSTS
JKVEFBAKSLZAGMRXYHVNCXFUKGIMRBOYNWCXWBD
AHIHHJSHHTMHHNQHHRUHHVOHHPKHHLYHHZWHHXZ
PLINMMPLOJKKKRNOORIKJMRPMNORQLLNPRPLOPK
YLYTPSNZIEDKSQGTYWYVFIVCMTFCIDZSNFNCHEG
NSUVWNURRPQRQPQRQNSUVSNSUNURRRSNRQMSUZZ
WRRURURTVUTVRUTTWVXUWRVUTVRUXURUTTWVXVZ
EJIABFITSBBCPXHEQLFKJPZUEKEUXFPXOBSUPCZ
KKXOLKVPDTZUZLJLNJQJOJAUAUFEQSYKQBVAZZZ
KBQHJLFMHREOOTJTQLLNIKHOEEDMRJLRIDTMIFZ
ETJZJGJZJOJZKCJZDWJZZYJZUBJZCKJZWEJZZZZ
UOJTXSIGPOCNJKGJLEUGQKJOVASCXUNIQJGSKWI
ZRVBKRVFLRVWARVOWRVFKRVCVRVRTRVTWRVEZZZ
JPPHNRIHIMRRHPIILOQJLNMQLHHIMRIGOQPIKGZ
XXYYTSVVUSVRRSWVYTRUVXXXUVTWTTUTZVSSUXX
BIJIIKLIIMXIIYRIISVIIWZIIAPIIQNIIOTIIUZ
FQPYXEWYJOBVBMFWYJXGOBITQSTIQLPPLEHWDMZ
TBBAAQQQRGGGHIJJIOOOOFFFFNNMNLKKLDDDCZZ
UWVUWUWWUUVUWVUUWWWWWVUUVWUVUVUWVWWWVVW
SVIHFJSNSKMIIVIIJKKVVJTBPJOTUVIBINHNBIZ
SECMLECUNECYVECRAECJGECLIECGXECKQECVZZZ
RKSPYFIJDLXJXEJFFIXXHHJPXRJJMIBXPUPIOPF
QEVOGRWBTMOHMTWZACXFVRCJDFISFBTMPEYQVFG
VUWXUWXTSTSUSTSSSWTXVTTVUTVTVSSTWVSTVSS
FIPIWYAZWTZGWGGEIFPWMMBTWKUDUJVQNCYCQNC
ONOKLMPLMPOOPKLNKNKPOMMKKONMPOOKMMNNOOL
HELPNNENLJHHJIPNHFKPDHILLKNELELHMGNIIPH
HPOOQTOOUBOOCFOOGDOOEVOOWXOOYZOOAROOSZZ
GNFCQSSQSSSFCQSKCNGPIKCIKCNNFCQCNGNNGNF
QPPRSPPTWPPXAPPBCPPDYPPZGPPHEPPFUPPVZZZ
QXXYXXZCXXDKXXLEXXFMXXNIXXJOXXPAXXBGXXH
ZGGHGGITGGULGGMXGGYRGGSNGGOPGGQVGGWJGGK
MDCOHIJRAMIFPNDJXRSWDNUEBHNHQBEOIAMHZZZ
YYXTRQRUVZSRSOVZUOVVVRUTTSZVVVZTXUTZUXY
RMIZXIHMZVKNVYRITUQLTRDBJSDAJCARXJCMZVK
LLLLJKLKLJKLLLJKJJJJKLJJJKKLLKJKJJJJKLZ
QPPRCPPDWPPXGPPHEPPFUPPVAPPBSPPTYPPZZZZ
WKCLXQMCIUQRBHXSPSFFWKCWKELVGLGMWJRBCKU
LPVUWWMULJXLSTUXNOPXRVPWRPPNQJWMTXPPZZZ
PKSUNNXTHISVKYTYHVKSMHPSMYHMHPTMHPTSMYH
GWEHSEJBFQVRFUGSESJUNOXHKKNLNWLPCKCNXPZ
VGVTSXQKSEQZPQQHQLGATEUXZQQLKPQKPQMUHLN
UOPSLMJDFSILETLDUOETLDLMRQELJDRQELFSICZ
UCBBDSBBTQBBRGBBHEBBFIBBJKBBLOBBPMBBNZZ
QACYKPLJQAMHWLBRBNJVWKGLYYODFHTWOJUPMYZ
AXINXITSXILMXIBHXIPQXIUDXIQBCXICXIRWXID
UWCJTJRMNXIFRXZWOCZBBOBXNVGWPZUSDLVBUPY
CJKJJLOJJPSJJTAJJBMJJNWJJXYJJZQJJRUJJVZ
BVSZZAQLXYZWAXLQNIDZLSKORHFGFFRLYRIGFFR
YGYFSAOSNRHVSDGVVBEBZXIIMTQVKXDVBEEADTN
PGHQGHXLGHWNGHRZGHOJGHJEGHQKGHEVGHLZVGH
OPLLROFROFKOFKIPLLRKKHOHOPLKKKHKHOPLLRO
FCJHEEEEHHFIHDJFEGHDDFIHFIHHJFDFFCEGDJZ
DUSHKOVWIMIDSDRXPLRUFRMIDVWIDOVWIDSEBZZ
VCVNMGWLFRXFDLBPBTWHDWMNMGWLAGCHVCVPBTW
YUZNSRDFRDXQZALPFCWAPTWKWCEKWTGVSAIVSAI
EGZEXZMXNWTCYPFWMSYGZEPAPGEPTPBPEDVLFQO
SSBBBAJIJIGGHHDDDCFEEEKKLLOOOONMNMQRRQZ
DMRPMRFLMROLMRIIMRBDMRVRMROLMRIZMRJWMRM
JJKILJJKKKLIJLJKLKIKIIILJKKILILIIILJJIJ
UUTTTRTRSRQTUURSRRUTTTTTTTTUUTTTRSQQTUZ
XZXWYZXYYZWYZWZWZYXWWWZXYZXXWYYZZYXZWZY
OINONNRGMNLRRGHQOINHRIMNKIRIHQKIFKFKNHZ
RMTRONNOQQONRMRPNRNNRPPQNORTOTOROSTOPRP
FPHTHQNBCSLGGWPOUMAXFMQKKGXFPHTKGOSHPAX
RNNQTRNSPNQSPNQNOROSTRMRMNPPSPNSNORRMNP
TRBFKJIHDOSKFSGONGTGGTGGTGLILHHAAFKLHCO
GLLEMJLCLEGGDHLLJMCAGAIHDJGLFBDHFLHIHEH
OMKTOLPLOMKJSLOOLPKSJSLSLOMMKTOKTOLLPKT
TBABAPPPOFFEEQRQQIIIJCCDDGHGGKLLKNMMNZZ
MCYCFSQOXGVBYPGJQBNKNJRGRGLEXADSAHWKZZZ
NLLRLLNHLLRYLLRALLUTLLZSLLWYLLROLLOBLLH
KASOGXONUIASXTQVOQSEWKKAUHEQRANIUDJOVTI
CFTXHAGMBGUBSTVITBXZJPACVPPTVXBWLYDSPPC
HIMLWZRWSSIJRTYANCNWZFGVBUAYKNBBDCCUGUZ
AKDLKXFIBAFPHTMGEELCAEOQBXAGNXRCAEOCWLM
IPPQPPRSPPTWPPXCPPDUPPVYPPZEPPFGPPHAPPB
WEWGSLWSLWDJFGJDJWKFGJVWDJWFJFGRFJFGLOR
STBBBALLLKHHGGEFFFMMNMOPOPCCDCJJJJQRQQZ
SQRRSRQSSSRQSRRRRRRRSSRRSSSRSRSQRQRRRSR
QEOLFYWLOUOVGHDKKNGTOASYLOUPPBEFLTMKGXI
VIKRXQNTLWUOVWJMLQQNNKMKWPOURRMQQKKMLUV
TLTHMDPLEXQUUAFHOJLFJFGWJLTPPSUTGUTQCOH
ADZBGXWCVAKICXDZOMSZOMSSMFCMAQIRQRFDTLT
TUTWXYWRSRRRWSTTYVSUTSYXSXVWWSXVTSTXRWX
KGEJJEIBHKKDDBJBHKKKKGEFJJEJJEIFDDBKHGJ
INIINKELMFMLDFJDNILELILJLMNEMJJJKMDNMKI
TBBABMMNMCDCDPOOOFEEFKLLKJIJJGHHGQQQRZZ
IXWUKLKFRITNCFRTTSMPLNEPPFUBNQUIIKAYZZZ
NPSGHLRPKXIKNJPITOTPFWNOXTERPTOTIQPHSPK
PQQQRNROPQRRQQRNPQPNPOPONRQOORNRORROPRP
KHEGDLEFLEFFEDHFHKHDKKHEEHFHHDFHEEKHDEI
OEEIJPOKPPPOKFFOEOKPIFOEEIJPPJPPOEIJPZZ
KKMZTQMVDEHGILLMVJCZNUSGHSGZZUJLIETELZZ
CAABLCOMROALHXZFZPLJSSGAHRCVLALAWTVKMUZ
OVTVCQXHIAYBOFTOFZWWRZIPVBSVUZPJRLXHXMQ
RRNNWPTSXSRRNNNWYNPTSXSRRWNPTSXSRTSXSZZ
AGDJTCHXVCYXJDLPDVLGRLIRENUVMBLDSZQMXVC
BJQMDMHEXXTGIFVLZBQNWIHEMDMGYONAPWDJAHM
TBAACLAAMRAASFAAGPAAQNAAOHAAIDAAEJAAKZZ
XRUNTXKUNTVKQKQKUNRUNNVKQKXRUNNTXRKQKUZ
WOMYCPPNZUUNFYZRMFQDLNEVELNZOWJZUULQZKN
CSPESOXPHFKNJCSRNOPXUTPKQXXSCCPPVSNXIYC
OJBJMENQUXGRHNEERHNJRBWTHTKNJSNAWIYAVDG
GNHFKLLEKMLEKLDEGIFDLLFJKHIMJJLIDGJKLFZ
WTVVUUTMXUVUUNUNWTUUNWTWTVNWTMTVVUWTMXZ
XYIHRQOHKYRQOHYQKYETSNKYETSNYFYFRNRNXYZ
STFWJJTFWJXMXXPQVPFKPJGLRMFKPJJJDQDQIGZ
HAYAHGBMOWRHCKWKTTBCZEOXIMRJMPNYVTTHAYA
SSBABBPPOOGGGHNMNMEFEFLLLLCCDCJIIJQRQRZ
TBAACJAAKHAAILAAMDAAEFAAGRAASNAAOPAAQZZ
DNOBMCIKDMDODQGVANPWXAXSJUISIZXUILYFZZZ
JUTJIVEMNRWGKTJESQEENUGIVFMKOQINUVKGWSN
MMKSFKLLHQKKGMMMMKGGMEMSGORHKRLRFTELSDS
MRMSKOMRMMSKMKMJMSKMJMJMPJJPOJPOMPOMRZZ
TBGSONNYUBWQDKBQYFDQSXKLPCIOAOWSYRRANZZ
YQTPIILKUYCKWMXFTYOJSCGTONFLMBFXIELKUYC
JKJJHIIIHKHHHHHHJJHHJIIIHIJJHJJJHIHHKJJ
ZGXRZFIYMMMEVODGQSNLDUDZXXVRCOUHKNYOUTP
XKYNEGVQUNPPLTRACDFIWLOQJBEUWQAFPLQPZZZ
AAOJXCQFSOOQIFSNDOFZEHBCLVHUXFUQGJHIHSI
TYEDDPPFUUBUEDBRQUHNPJLTKRMZJQYPCPFZTON
SRLRQNTQMSPPTSKMOOSOLSQTOOUKMLOUKPQUKKM
FCVZTUHNTXDAOSHEUWKDROTUPHKXTQAOMDWUSCA
CHTKGMVMVLOMSJMARWMVQXQPKNFIXHCEGCMUROL
LFLHGBQFLHEFMHIRRCECOLKEFMOLFLGQFLDIRRZ
JKJIIIJJJIIIIJJKKKIJIIKIIJJJJIJIIKIJIKJ
UPDRORODEOQTUODEXQMOQQTUPTUPDDRODMOQTZZ
ZULJCANMSTFAZEKMKLANZMKTNZSWMDJCNIQWUKL
RUDLVSRUDLUJPDOHLQGTOHIGTOULLPIGTODRRKZ
RLHRPEKBSNDNYPLJVOGXIUKYBDWYNKPJXYNHZOF
QVWQXTSUOKUMTVQOYTUNQSLSXXVLQXOSVWSUYYM
KGLXUUFQBOAPDRGRJNIKCLZCRVQWZCIVKGLVLZS
SSTABBBQQQRDDCDFFFFPOPONNMMGGHGKKLLJIIJ
EFINFIBWFIZVFIYBFIHAFICNFIBFFIRJFIAVFIT
STSAAAAEFEEPOPOKKLKCCDDGHGGNNNNRRQRIJJJ
SQOMKJLOUJNOSQOJJSSTKQSTRQQJKRRMKPPULNT
QQFQKQQEQQKMPRIHNIKMGEQIKMGKMMPRIFKFKHN
XXMCYQPDIPWVBXQBXHDERBKKLSOBHGYYWYLJBXH
QHEGJMBOQCJMIHQCCKCKMDHKQHKNBOIHOHMDHKZ
TTBAAANMMNPOOPDDCCGHGGIIIIEEEELKKLRRQRZ
WHPIWHPKTOBNOIYJXJRBYBKWCHAONPWARKAEQTK
JHOPOKOKFHFHEJNJHOHEJJHOPOPOKFKFHEFNJHZ
FKMIDGKJIFMMNHFHFIJJJNMNMNHDGKJJNMNLFKM
NETFBQFVOMGVQGSNVNJQTPPIOEVRQGURAEKSMVO
CBCCBBBBCDBDBDBDCBCCBCBDBCCBCBDCCBDBCCZ
WWHCGKCXKPOOFITTDDNMDMFQQTRVPFIFDKVBTYB
GEHCFCCCDFCEHDFCGDFCEEDGEEDGFCEDEDCCZZZ
KANNKPPCMJAGIKFUOZPSMDGXEFLKANNDHKXDSJK
FVSEBWULTHUVFKLSBEKQQLTHUVEJSFSBEHVSEBZ
RKRMRJRKMRJRJROROLKKRKRLKRKJROLOLKRMKMR
SBAABDDCCIJJJEEFEMNMNRQRQPPPPLLKKGGGHZZ
RJGMEHZPOOJQJPWFPDDKSJXZJQNXVAUYCHCVBIZ
RGEVFKQHOHYLWFIACPFHSALBILFGITJIKZWALVJ
MOFCDKPEPEDNAMRPQEBBOLPRGRDDLOGPHFNGJCE
TADOWRTLLJYEZABKNMQZNIKMFTDECCHACQHUECC
BRHTRHJCRHRNRHDDRHPORHZERHRLNRHORHKWRHS
IWSGRAYWHAWQNDJUHSNBHSCUIDGSKGRLROJOMHD
FNMMOVMMWPMMQDMMEZMMATMMUBMMCRMMSXMMYZZ
DICRNLBNOKOBDJNBBJDPJNJOKJPNCMNNROBJFIR
UNQQTORNQQTORSVTORSRSVMRUNQMRUNUMRUQQTO
IWFCOWAMWYSFROSOEAIZPBWPUAGPWKBJQUOPZPB
RARVJEEZFCKYNIRASDFNPOZXDSHHRRYUPBDIREH
ZKYUNYRGDQNRAUSOSVLOXHRZXFZOOXHLRNWYTKH
PUQZWURUTPSPNQUSSRTRSWTRPSSSOPRTZNPYWWP
SSGEMNUUGOZAWXJVXOMKNIECNQFZHPCUPIHFZZZ
IKIJIJJILLJLKLIJKLKKLKLKLIJLIJKJKLKIJJJ
TGIUMRTGIYRTGMNLTNLTNTYRTUMNLLTNYIUMNZZ
RMBNRLSHQUOUNAFFLAHCHOSANARSJLUHJHHSIAC
OONNMKLNNKKKKKNKNMKNOOOONNKNKKKOOONKKNM
NHNNEHIBBHKEGKDEIJGECBNHGECBCKFBEIJGZZZ
GVKONSBRQQNSBRVKONRQQPSBRQONSBQQPGQPGFZ
GTIQOKGRUCELTUTDLSDQLNDHIRFDMMLFJGRTRCH
WOOHMVLLUNHQHVQOYUVHPIQLURNQKOSVXTWNSXO
ZGMHDJPELZRTKGRXUKYKLEGNKXUZUHKUBIQASDQ
PGKCXJTCBMNXTKJXWUEKJDZORPEOHXSMGHAHZZZ
PJXGINALJUXLYSTFZIOLUSRXIEYENCWVBYLDEUE
LNCIAWPMNTQYLZZULWIMELOLSILKYPUYYPJMBQW
RSRTXRWRWRSVVWTWRSRUVVWSRTWVWTXXRWRWTXR
TQTSJWJLKVXJNMTNPSVQSTTQOTVUJWOJOSJSJWX
OQXQWKOQKOQXONVRONVRWLONXOWWQXQRWKOQZZZ
MQHKIYRTVWVWKYMURUKYTJKYNWTJRTNWMQRUKYZ
PSQUVRSSSPTRRTPXPVXXVWSSSPUSWVXPUTRUXXS
KRYDRXSSQCWLTHESTPEYLFTTCFWCDRXEUCTAGOE
SQPZWQKUZJVPIYPROFGMSEXNYBNLDRBBUWMXSCD
PTEWXCIYQUDTOUJZKURYGLAZSNUFHIVFTOUPEJA
VQDUYVOZBRFMRJBLPEETMRJKQGVVHCACKXEQQKP
RQSMIRPXPLJJTJVXKPTPLPKTWWXVQTXKMKRPXUX
TSBABAJIIJRRRRLKLKHGGGDDCCFFFFPPPPMNNMZ
NUONSNUNQQUSRRNUTSUUNUSUQSNUTOUTNRUNPRT
XKLHKLTZRFJJCLAJFZTVDBAICPTIXOKTEFEHYBW
DSUNSUTXSUHKSUVZSULESUSMSUNKSUVKSUKTSUH
ZLJVRKTFIFOKTSOADUNSOGACRTYXDVRKGVNKFLI
TJWCOYSBWWLZRPUFUFXDBKYRGGAKXKNAEXKCYZL
XRSXFBLLLIHIWRIFLBRSNKKLNIWJTWRVROWZQJP
DLKKMTKKUXKKYBKKCPKKQRKKSVKKWNKKOZKKAZZ
ACZTMYQIRDJGNZPFTPOGCUSFAZLCZTJDAVBWCVQ
IIGHQRSGGHJFFSNFGGGNHQRIGHKHKHPQRSFGGHJ
ABBBKKKKOOOOEFEECCDCQRRQGGHGJIIINMNMZZZ
GKMEJMNFIKGKGEIIMGONKCDNDIGOHOIDOKKIOFF
SLOSMMLLSMQRTRTTRKLPQQLLQLRTKQSMSNTQMTM
FRZBNMZEZPLFBXQEAIMHUNFZQVTGEHLIQALEFNR
YCXSXZQFPUBMBLQAYYWOIFDYFNJFNJXKXVZMEML
ZKLMBMNPACLHYRTVUXQXBSUFZSUIWDKBNHRSZZZ
IJFJFFEIGDHDJEDFFFIEIGDDJDDDDGFGGEIDIIG
OODXFWEHRRJAYHPFEJCNJQGMNCFLSCSEKYBSSWZ
AHOBHGZYVNKQGMUFBTHYKPITAQEDJOWLUYVJXEJ
NEZYHBVEJLQZVVJPQXQEAHRXOWHXOWHSXRCDVXP
BUBLPRQRIRGYOZUODBOCDHDALTTYOCKRTTRYOCK
JRQQSFQQGVQQWDQQEBQQCXQQYZQQATQQUHQQIZZ
OCDDQTGKKDIEIIOTLDTMKKDQIOREDMJPEFWSLVC
YUYRRTTWZQZPUSWTXZUYYXXZPUWXUYUSPRTXZWZ
WTSPSWSWWTLQRWWTSQRWSLQRWWWWTRWSWSWWWZZ
JQDZCCSDOVYXUCZQIEKUVPKROEAOHSTGJCHPZDB
FFEFIFFFGEIGJHEJEEEEEHHHIJJEHHGIGEGFFFF
TBAABNMMMFEEEGHGHKKKKRRQROOPPIJJJDDCCZZ
UZSUZUZTTSUZTPZUZXPZUTTSRZUZSZTTSTSRPZZ
QUXQRSXTXXRUQRUQUXQRXTXRUUQUXXTXRQRXSZZ
SAAAAJIIJFFFEDDDCMNNNQRQRPOPPHHGGLLLKZZ
AABDACBAAADCCBADCADDAACBCCBAABABBCDBAZZ
SIZAFMBLNKBFUQVTMRWXQJRLSSJQJYPTSMFOTTY
FRMEXPVVDZILLXQKRHGYANBACYBKZEKHWYOPVQC
EGDNMJIDNMFMJILLEGDGDNMFNMJILEGJILEIFNM
RQQSZQQAHQQIXQQYFQQGTQQUVQQWDQQEBQQCZZZ
PWPOCGUHDPMUHDOMUHHDPWDPWPWPOCOCGTOOMUZ
NQMSLROQPHRLCISOMLLAJPQPBHNRTHPSHLLEERA
KQGNEJUYKSPLJAFALYRSVAHQMPYMPYENMSSLVGW
OWTOKQMSFBJLMGCNUVUGUGPSJRYBBSJRWEAKQMC
USUYXVURQSNQPNQPNSUYXTXXTNQPNUYXVUSNQZZ
RKHTKINSLLQGNLKIOHKMGGSSNSGGRKOHSSNLKMZ
GOWRFABCQGFYWAHZQDMOFHBQZJUZJUAFGLGFIBT
TBAACPAAQJAAKHAAIFAAGDAAELAAMNAAORAASZZ
NHZKHZUTHZDNHZJRHZUEHZGZHZFWHZMFHZKHHZG
MSNUCTABRQSTEHBSOBBHRUHPBLGWNMCPSVLCSOB
BAAANMMNFEEEDDDDRRRQLKLLGHGGIJJIOOOOZZZ
LHEPVTTNLUHIWJLWQQCOCCPEDJNUFJCDLSCCZZZ
VSUQOLXRLRPXTNYYMZWWQMVTPNYWLYTLRZWYXOR
IYKATOSSNJOMCDZJNRKCBAKAIYKIHEASZLUVGGY
JGFNJSJGFGKFGGSJGFGEGEGSJKFGEFNJLGEGSZZ
BAABLLKLMMMMDDCCHHGGFFEFRQRQOPOPIJIIZZZ
RNJQHNTTJLKIKTROORQPKLIQLUTTLNNKSRNNLHO
ITISGNLRAJXQXWYTNCWDNAWWRIXFWBNCWKMZECF
ABBHKXFDNCMNMREGRCRSCAFYLUKPLEDFBNWKXFI
NVDQQCYWUDKFFFRFCCHCIEJSRYHFCCHDBROJWRB
PNHOQSQSHSHSSJPOUMUMNVKMKLKLFQFQPONVPNZ
LTGQOPNVEDGJRDEXGULURUGSIOXFSNFSNVOLURZ
TDLHIWEGMQIMZQGQDPQBRZEBOIVEUHKSAQWZGSE
BBABRRRQMMMNKLLLJIJJPPOODCCCEEEFGHHHZZZ
FKWGJPLMUPYKISPCUGHGEFCJERMAEXCSVQFQYMC
TNNMTOSSPPOQMVTMUQNTOPNTOPVUTTVMNTRUTQZ
EJLBUDTMUIQHYOFYNBHMNLPGFWIBMRFMCOWOMKE
HKHPLVWMAHBAHBJEJHAEFADZVCDOYUACBPYUYXJ
IHHJKHHLQHHRYHHZWHHXOHHPSHHTUHHVMHHNZZZ
LFHUILOWHXUOKYLLQFOUYQIIOUWOXZLZRHLLOLZ
FJCXFTJXRQRGUOGETHHFJCXTPEEEGUOVEGUOGRE
UWUXLFDVHPZIGZDLTVHFCUOPOZNHWKOPLLQAXJM
EAHBPMYRTSJPZCPFHZQCTACFNVJEIGMYYBGUDEB
BBBBJJIJOOOOMNMMDCCCQRRRFFFELKLLHGGGZZZ
KFQTBFROUESEGBKDAAJGBPERUAOPIQDSOSPTFIT
AEZLMJMUUJKSXHYJRAMZSUFZMCUQDSBZSXAHYNH
AHAFDJIQIKIJCKIJCMJIQRFKIHHAHSHHAKEMJZZ
EABBDOEDWOTMGJGYLWCWKOOURWVOOFVFFVYUZZZ
ZBPFTEHOOGIYKHPZBNXDEEPMZRRJCATYWPWZBPF
TSSBABBHGHHJJJJPPPOKKKKQRRRDDCCFFFEMMNM
SSTAAABMMMNOPOOLLLKGGHGIIIICDDCFFEEQQRQ
EFTNFTRXFTRJNFTEFTMVFTLFFTSTFTJEFTVTFTK
BABAIJIJLKLKHHGHNMMMQQQREEFFDDDDOPPPZZZ
WDEDDFMDDNSDDTGDDHODDPQDDRIDDJUDDVKDDLZ
NPNPNPOOPPNPNOOPOOPOONPNPOPNPPNPNOOPNZZ
LICBJQDJKXGRIMDYMXCYSTHXPCNMXGKUYABMXGK
MMPNCRFFKBMFQEOAQQIOTAEINIREPHKRBFNNJRF
HGFHDPOEDEHGPGDEGGDEDEDFGDEDKIIQIQJDZZZ
TBBBACCDDIIIJEEEEPOOPMMMNLKKKHGGGRRQQZZ
RVYWJOJOWSJGWQMTQLPGDOJUSGDRYZJKGFOCMZQ
SSTBABAPOPPNMNMHHHGQQQQEEFEKKLLIIJJDDDD
QYMUXVQYXTIQRXHFTYRRKJFFHURMHFYHGHMIWNF
QDJYEGSCGDBBLXOESTDSEFKDHRWHGHSFMQVRZZZ
UMAYQYBJBQKLDEQVUBUZWJBORWZVUBUSUIAHPZO
OPGYPGBVPGWVZPGTPGKUPGNZPGDQPGIKPGNSPGY
JGAGGASJGABDGAQJGAJIGAYSGACVGAAGGAASGAE
LRUKLVLRUUMPNGUTPMKUWJJJXUKLTRUKLUKLTZZ
KVZNJHPSIVKGZRSEHPTNKISREXYCURZDEVIAZZZ
MVRYLZUPXZLZQYYUPXYLZQZQYUVRYLIMVRQYUPZ
NHJKHMDMFINOIKMJNJOGKHNGFMIEIHGDJLGNOHJ
MMOMNNOMNNONNMNNMONMOMOMNOONOONMMNNONNO
RDBCCYJFTOWPOWOILDJNLNXAECOTGSVPRFTNMHU
MWSUNQWSUNNQXHPFSMFSMWSMWSUNQXQXHPMPFSZ
QKGQWNOPRKRVVGQMOGKRSPSKHTLOSRPNJJVLJHN
BSWKGPRZFEZCAJXIEBXPCJQEYFZPIWQDCMLEDDP
SKSDKSWCKSDGKSIRKSDMKSATKSVJKSJWKSPYKSH
EKIFLFCFBILFCFEADDBALDLDIBIBAFAFEABIBAZ
LKLJKLLLLJKJKLLKKLKLJKLJKJKLLJKJKLLKKLZ
TWXUWMSNXDXDGHBGQEDGHNXUWMWXUWVTSVQCEKZ
VHIRIJHQJSDVSORSYXDXZPWNGEVLRFHEHCUSTTE
XWXYWXYWYXYXYYWXWYYXYWYYYXWYWYWYWWYWYYW
EFHCAFFADDDFHAAFBADCGGBADCDDDFGBEFHAGBZ
QHKGHKWQHKSIHKJVHIHYHKVJHKGOHKKTHKJCHKC
MIOLMKMIRGQQQKSTIQLLTLKNNJQQSRIRHQNSSNT
GGIGFFFMHKFFFHJKFGGFGGIHKFGGIGFIGFFFFFH
GGJLLGLLIKJJLLLLLLGLGLIHKGGGJLLGLIKKGGJ
MEDIFGDGMEFGBDCJMCGCKIMHGCBDMHKILDLDCJZ
DDLEEYZFQCEYWLVTZVWLZFGMLEZVGMWIDDQCVTZ
LIIJPJQPJQOJPKQNIQTIJPJPKJOJQOOTIRTTTLI
FAKKWRWROZQTIIVVMNOZWTWTQTGEFAIIVVBFGEZ
PVJNJQLLSVMWOWOQLOQLLSPVJMWOQLLSPLSPVZZ
VMPJKVQQTKUQYXWWKTRIHYXRTXJJHNQTQHVUKKI
RRRTSUSUSSSUUTRSUVUSURTSUSSSUSVSVRSTVUS
HFJBFBZZCJDSYYHWYZCGODUYXGMMAELPSCNTKAP
ABBAHHHHMNMNCDDCJJJJPPPPEFFFLLLKQRQRZZZ
YNSSHNNJTLZUCPRZZSZSZLMPKMPHMPZSZLPKMYZ
IIFEJAFMLJJAFJIJNFJICIEJANIFPGAFIJKKBIF
NFTLHBKZRMRVXJPNVVIKIVOFFGANIHHXILSCRGZ
IHHJMHHNWHHXUHHVOHHPQHHRSHHTKHHLYHHZZZZ
VAHRWMIQLJPOFIWHVXIAANRDBTOTQHIGSCCMHVX
TTABBADCCCFFFFRQRQPPOOIJJIHHHGMNNNKKLKZ
HSQVNSBGAXEQXDNTZLSQAXBEKVCAJEDNSBODPJS
OSPQJPQQSPOPQPQRMSRJNOLPOQPNLSSSSRSNJOZ
BABBJJJJLLLKCCCCMNMNOPOOGHGGQQRRFFFEZZZ
OLQQPNMRRRNLVQNMRQPQNMRRNRRNLQQPQPQNMZZ
EDDFSDDTQDDRKDDLIDDJMDDNGDDHUDDVODDPZZZ
SGQONFGQCBJGQGCQCBJCSGQGQGCGULGWPMEFGJL
IBKFCJDDIBHIBHFDFLHCIBKHCJCDFLHKCIBLJIE
VLFESSKIOCWZEIDLCTCQUSHVNHVAXQTADXVDXVL
QLKOLKLVLKKVLKUVLKARLKHRLKELLKKVLKLLLKX
OVMWVMIHVMUTVMQTVMYAVMYGVMKVVMEEVMITVMY
RTLPKSCLSTIPIUGORTJQADBFDCDCLSHJQABFDCZ
DXSYLCSYLQSYDGSYHVSYQGSYGZSYZJSYRDSYAZZ
TMTHILNDJTNLOEKGHHIJOESPSKOFPTMPSKOINEM
JGVRDQUNUYMTDOMFUDPYTHJBTDOGATLCXLHQABT
RIASTIMANMLOSFBDYUCYHBYARIHGRLYRAEZIMZR
IWNLLUPNLRTTOQWVSHLSTWJVOUNJJHHWSSISULL
RTQSQTQSQTTTRRQTRRRQQTSSTRRQQTTQSRSTRSZ
HYYERAXKVOBXJJFOOFXJEELIDSHLPEGEPVEDUUQ
TSTBBBBRRQQEEFFKLKLHHHGDDDCOPPPIIJJNMNM
NMKMLHNKIHKHLJNNKHHNJNNNJINHNJKKIHNMIIM
IKLLJHGJKENTRWIGAGIBYWNNWABXQEJIGAXFUCT
MHLGGIMIGJHKJKMIMJKHKHMGGGIMJHMMHIIMKMG
OHSNLNHUJLOKHSQTNHKKMUUNOKKKLNOOGGTQJKN
XVHGORXEJTSCHKXGOWNREBEIVGMTKBFZATHVNQZ
DADPVHATRMIGNDLNNVBAOVOVTLLBAOVATRVHQTZ
GHLPFIGHONIGOHGNOMFPNMNKJJNGNHKFHQPNJGH
LHVQSYQYQZHXRLHWVTMTMVTQHZSVQWVZSXRZHQH
LDINOLHJLDQDMLEKMJLNSMJLKRDORNLEERNQQOK
POOMPMNNOPOOPPPMNPOMNOMOMPMMNPMONOOMNPO
QNAWGTZFJBMCXOWCZUYFKDEXVKIZUYWKTZFHRWR
PSAMRKEEPEEPOEEPONKJACSEECECSEEPOAMRJZZ
TTBBBBKLLLHGGHRRQQNMNMCCCDOOPPJJIJEEFEZ
KLCYLCKGLCXALCDVLCBYLCRBLCUGLCHGLCHBLCM
OSOTLUULSRVLLPLPLORLOROMMSLMSLLOSOTSLLP
LAKUYECDWVAWCHGLORGFKULEZWVYDNBRVAOLAKU
MHPKMHZPDXFAQRRAIHZAWIMZSWAFWVAZMBPSUXA
QNWSNWVBNWXVNWTPNWPSNWDDNWQUNWCYNWQBNWC
DHHDIFGEGEDGHEDHEDEEEIHHFDEFGGHHDHHHIDH
SGQPRPGSJWMESSSOKSPGLLLPQUOIINOLMVIMITS
WDEDDFMDDNUDDVGDDHIDDJSDDTODDPKDDLQDDRZ
KRMQOQOQRHLNKRJOLNRMQOQOQROLNKQRHINKRMZ
KXNQQTLLLQQLKXNLQQTLLLQQTLKTLLLXNQRTLKX
BABAGGHGOOPPRRRQEFEEMMNNCCDDLKLKIIIIZZZ
MGRWULLOJGFGOGSFTJIIVPKKRPMEFOGVNFOLQKE
KKUKJWCKJFAKJVGKJFKKJBKKJOUKJDRKJBFKJMZ
TGKGKXJGKKDGKRUGTGQGKTFGKBJGKQDGKOJGKLZ
NPHZFBNBIYFXBEVXVTHIXEIGHUYSPVRLNVLEQQE
NPHPJDMNDNNMDDNHMLHNJDOHGPNOKLJOIGLLPPO
VSQTNOPOPTSQPSNTNNWRTNNNWQNSTPTTNOPOPTS
