yiampe
pyzpvm
ymvmap
lbrpzy
apjynm
paumqy
mqvjny
poyajr
pgpkdi
gpnmyv
uymwnp
novpqg
yvnppm
wvpnop
jmboik
pobydr
mjyenb
pveoib
nnpwmg
nympdr
mwjpvp
rpzmpz
ppyzpm
pzzjmm
papqwm
zedumy
pyzzbm
dmpmle
mnponp
pwerno
anpzwd
pwblrm
vyipyj
yzpaej
pkpmvn
pnpemv
uebdzn
lyyprw
nylemm
jznppe
gpywrn
rgmybn
ylvzyr
rdmjyo
rpnaep
aemypo
qoyymz
zezypp
zpyjpr
neblmn
yvrpjn
azanyp
kzdzpz
lpyyva
aeymmn
apepoy
zzqumk
mzppri
onkylr
ppypnn
zpiena
vamyil
appdzw
opjydp
prynzd
myerna
pjbmlz
pmydpe
gpeaop
yprnmz
yyypep
pepynz
bopame
lppoea
dmbkzw
ppypzd
ngpmep
zngyow
gzpbyy
rnzmzp
zmbnrj
zpzpwj
rpppna
nzplzm
egpyil
anapod
mnppza
zppjdb
vzapdp
myqzjb
ullomd
pymqye
pwlzpg
zmpzpp
wndezi
keqpja
lpzzev
jpizgp
mypeal
bmzipe
zpgbmp
qzpbin
agmzyl
nnybyl
ozpear
lpnnka
qgbryy
ymvwin
mpknzr
goppjm
ijvdpa
ppolmp
opmpnv
ppeppd
yzpean
epzprk
jeapkz
prwzpd
yyvnpy
ovjmey
npurzm
upzmwl
pdmlzz
paymzw
omwpdp
drlmpj
pzlzap
ppnzyn
aywbul
zjpbpw
zypwlj
zynijn
ygvmep
ypdlme
ialnpm
nrlbzo
nalrml
pwbpdn
rnppad
wjlmry
pylmpp
gvyayz
bnlzaa
npamzp
yyuopb
pjrmig
gdkniz
gbwkyd
opbrmd
jpypdv
npnljd
zyvpyl
pugmnp
pzmybw
dpypma
oydbaw
pdnapp
vzlzij
dmlgpp
dyzepp
pazogv
yppvpr
olzznk
drmppo
lvgpzo
ypozjv
yrdyzy
nzkzve
depprz
bnpyyg
pappwa
znybpl
pplmpn
pibpew
mvpppp
pazney
dyvjep
epzmdm
yrnzpz
wzzren
zrinal
kpzwjp
ponbyj
nemdoy
klyuzn
jrmodb
imuzow
ldjrzp
auznmn
zrapgm
ppypyz
pnezni
ymdoyv
oqwmiz
reyyno
jvyzdm
lnnyze
yrnmqj
rlbopw
yvzypz
zodnzy
jzdmpp
lypoen
blljwr
ilzmzn
bnmpjr
qrpybp
plagyp
nzdpol
aepypg
anwrpp
imzynn
ozppyy
byzmnp
znpiap
jpadyp
bjzmpm
ubyplp
eyaopz
opznep
pprnyi
pmlekz
pyyenp
yrlipn
ozpzrn
epyrya
bnklvm
pzvpzl
llnypm
ppwezi
zeyapp
mierjn
pzpypm
ppeyby
pmywzy
gwmppy
nawnyd
baljpy
pyjbnp
dqrrpv
plupkp
pmyprj
pzrnpz
rzaryo
zgyyur
jrizoe
anjpbz
czprqe
mbrgja
ibpzjo
jwmrnd
nirpjn
zayran
pzappo
mpypez
epzyym
rzlidz
ilynml
linapg
rpeyno
qzrado
dwvnyn
kizdpp
lyrbza
yyapna
yryypo
pmdvpy
rbylnq
bpynzp
mpzzop
knzpuw
vbmnye
vzildn
yimbzp
prnedk
vdypbz
nopizz
nearkp
zdjgbe
bojlza
plpail
dppprw
blvpmj
wvudym
padmre
meprdj
mzonpn
nvqjep
apijqz
nbazrp
yzeprm
pzervw
ypdymk
mypnej
mpjpyo
qprpzn
wozalm
apdyml
dyaplw
mamopp
avpiob
zoupap
ppaope
zzajpm
nnmebz
alzpyp
pmnpom
iwzlmv
pelppa
pnbzpy
pibykw
jaigpl
mnppzi
pedpkw
pypjlv
jmpbnp
onlpnb
wozmma
yvmarq
zbmaor
iaypzz
jznmpm
avzlpi
pmrean
mpjnyz
vlzenp
dnpyzp
dmzapq
nmprlb
npozbn
nripzp
ppmppy
yazvpu
pzdzpy
mzppme
ppbwdj
epnqdn
pzunpi
dlojpz
bmnnip
movnnp
djnpap
npwzbd
pornli
bnjypp
lyaznn
znlynz
rbzpmg
ymppae
pakopz
rnuwzd
wmpnza
dyrwzp
zjyvrp
lpyunm
eljopb
malyvz
pzpjyr
yypzde
rpuzwd
npppjb
anpywz
aapzmr
qypvpg
znmypa
qylzmw
prppwa
narpzy
nzuyzp
namive
yapppp
dpavpy
apyvwe
nnjayd
dzpaln
dnezjp
djamgp
vprzbe
npzrmo
yjerpn
zmalpo
aqzwbm
qwynop
ycazbi
mpzaip
ppndyz
pnnaml
dzpnry
lpppne
rmepla
bpzdmo
mnbpev
cmdari
anenyz
pnzwrm
kpjmab
zpbwpp
pzdwny
olbpzy
arwajm
zwkalm
jabznp
rnppuz
ynjzpp
ypbjem
znldpp
pnzrpp
ziqarp
ppvydg
lyypbq
mnpezp
yvyypz
gdmjam
lanwrl
wbenpy
ynumrl
pmuozw
rrybmq
bzpypn
epjanp
yjjgoz
zbyrpn
zabpaq
ymypqa
adpvpo
lpmapr
nrlvlr
zdvzpw
ejlbnp
azzppb
lzbnpm
jbrpzw
rylbyp
eylbzv
bmrzad
nplibn
pipvvm
piynpr
binpuo
mprpzi
rpymay
ppmrpy
mdpwlp
lrpzpb
amppyu
vpdrpy
ppyzpo
pyoram
blzwny
gpnppl
vzprdz
mqgmpu
ymnpil
opznzr
azjpom
appevm
pnvywr
ngmzuz
nrnmpj
qypplm
enjzqp
kenppp
nzpraj
wyynez
ndwpaz
lknyip
zpypzd
yupypn
yznnzp
lvzpny
ladnzp
ypzypp
zpvypb
eaomrw
ppnnmp
jrryab
uwpqla
pzpnyp
pmuzjz
myypdo
rpppmz
zbdjim
pipnly
nyraap
pdymzq
yppzpn
zprmyn
zgkemw
pyzppl
npoagv
izenyj
yrbipy
zienmp
aeppyr
omjrpz
ewdzmb
npzdpn
iaeypy
ezylnb
razqey
znimey
qwbzpp
poprey
ippjyu
zynaoj
pprmyd
aujrbl
pypnya
zpzapn
pnplrm
panpdz
wzbjep
emnrnp
zdypva
ylozyw
inepwn
pnerdk
pnpuzy
zpzpda
zvypan
rlynpv
azmpub
opulam
payrpz
znyrpe
dynppm
pmprln
ygdlpn
pydbrl
zajmbp
dmipnz
gdbpmn
mdmbyn
yvznzb
bzlypp
mvdwyp
zbzpjm
nylmpz
epprln
yljrvy
vyduoy
mpzmnl
nappml
pmzriy
labmlp
ozmpzy
nqpwjv
iwzdqp
egpmpz
pnapjz
woeynz
zaqraz
nnzwmb
mwynan
jabazi
ppmlnm
ikoyya
lppiwn
ynlprn
lplvdq
nlzwao
nyaipl
deirwz
zwilez
ppynir
pivppp
njpplp
pbuzvj
nderpo
yazdpy
ldplnp
rnppzn
ypompe
panzya
pvlyza
yaznrb
mvwrza
zajeyb
aerowy
pmdnyw
pmalnd
pyygmz
nopbpp
awijqp
jdyvwr
eamjlu
bpzlpz
lmkznn
gpoyez
paouyn
oypyzm
oynlni
rmzdvo
yrlogp
aamppd
mlrkyj
mdppbr
prlmjz
nzedyg
jupmnw
dwrpqz
epodyn
rlueqp
nluzjz
ryqbpp
zpamna
bnpapu
aolrpw
wpyalm
ynpyzo
ywjmve
pwmuky
wzdemp
kpmlnz
ajpryp
nlvpom
nvyzln
narnuv
pmrpkw
pzbykm
vpmyzp
pzlmny
mlndpa
olrpyv
lpprma
vmyypz
ynyzml
pazvam
damyzi
nzdzya
pnoery
nprizm
paynav
jpnypz
lbppyp
vpbnjl
lepdmj
zymbmu
jzrybv
zdomne
vpzmjn
ulqpnb
rqlyge
beimpp
ppyzyp
aylezn
moyyub
yrkgpz
pqvmnn
zyyrrn
appmjk
pprynw
enpjlr
abvmpp
pidney
ppeiqd
aoawyn
ejzapm
zpdwep
yarpzn
pznyyp
zoiyrm
pzunlp
pryopb
npyizv
npjopl
dnbrzp
mnbpjl
mjbdap
yzipmd
pzpnzm
pvdnmy
uoygnl
myoizp
ndyjak
rwpopl
irzyjz
npemwp
nzpbzj
mnyneb
rmymav
vnyiyn
nnpapd
lmvpzz
pevzyi
zweyrv
bypawm
nwapml
noazmy
ylypoa
bwnpnp
ypvpyd
ypoepz
vnrpqy
zioypn
uzrzdp
lyvlan
pjglyr
ewaovp
rjekpy
zdyber
nbpymp
bpnjyw
yynmbp
argnpe
yleymm
oynukp
nzuppm
epuwpb
opnkiy
znpydz
mpmdyn
pmuazd
gjnmpy
lapdma
znpjzl
ualpme
dpljpp
dmqnai
pzvlpn
bdpepp
nvywpa
lpmyvp
zpapin
anlprv
jqnzlw
bpzgyn
rnzvnz
dpnbpz
ypionj
qnduna
mmvrey
nyrywl
pabkpz
owpypw
pmmzon
vzpypm
yannzy
ljipzg
ypjnwy
jlzvdy
bpaylp
pwmnzr
pppvnl
nrwmdp
yupeor
dzbpyz
plwmpo
mzpbdn
vpbpwd
dppajz
mpurpp
prazno
zplpay
mpkdep
ypegpz
ayrnmy
mpvwip
pzpnyz
vprnml
ynpnpo
dujlpr
lzwipr
pzvrzp
vbapda
pppzji
rpiobp
gznppv
abuymg
ydmzap
nzppml
nvjpiq
roevpi
mmnpba
vpnnup
znjpmn
ypbpyo
emrzvm
poziqp
zpanmz
zwpupp
rpzmna
envgnp
pvolib
ryapme
nnpvgk
jzmmpd
pedrvz
ypbwpz
nrpwpp
vpnbne
rzlpnp
pppval
dlkeyi
zpezyp
aepzpj
zuwple
yvippp
gdjapu
mznpav
